<?xml version="1.0" encoding="UTF-8"?>
<testsuite xmlns:xsi="http://www.w3.org/2001/XMLSchema-instance" xsi:noNamespaceSchemaLocation="https://maven.apache.org/surefire/maven-failsafe-plugin/xsd/failsafe-test-report-3.0.xsd" version="3.0" name="starter.CucumberTestSuite" time="18.562" tests="12" errors="1" skipped="0" failures="0">
  <properties>
    <property name="java.specification.version" value="18"/>
    <property name="sun.cpu.isalist" value="amd64"/>
    <property name="sun.jnu.encoding" value="Cp1252"/>
    <property name="java.class.path" value="C:\Users\Dimas Rizqi Suryana\Mini_Project2\target\test-classes;C:\Users\Dimas Rizqi Suryana\.m2\repository\net\serenity-bdd\serenity-rest-assured\3.6.22\serenity-rest-assured-3.6.22.jar;C:\Users\Dimas Rizqi Suryana\.m2\repository\org\apache\httpcomponents\httpclient\4.5.13\httpclient-4.5.13.jar;C:\Users\Dimas Rizqi Suryana\.m2\repository\org\apache\httpcomponents\httpcore\4.4.13\httpcore-4.4.13.jar;C:\Users\Dimas Rizqi Suryana\.m2\repository\commons-logging\commons-logging\1.2\commons-logging-1.2.jar;C:\Users\Dimas Rizqi Suryana\.m2\repository\io\rest-assured\rest-assured\5.3.0\rest-assured-5.3.0.jar;C:\Users\Dimas Rizqi Suryana\.m2\repository\org\apache\httpcomponents\httpmime\4.5.13\httpmime-4.5.13.jar;C:\Users\Dimas Rizqi Suryana\.m2\repository\org\ccil\cowan\tagsoup\tagsoup\1.2.1\tagsoup-1.2.1.jar;C:\Users\Dimas Rizqi Suryana\.m2\repository\io\rest-assured\json-path\5.3.0\json-path-5.3.0.jar;C:\Users\Dimas Rizqi Suryana\.m2\repository\io\rest-assured\rest-assured-common\5.3.0\rest-assured-common-5.3.0.jar;C:\Users\Dimas Rizqi Suryana\.m2\repository\io\rest-assured\xml-path\5.3.0\xml-path-5.3.0.jar;C:\Users\Dimas Rizqi Suryana\.m2\repository\org\apache\groovy\groovy-json\4.0.10\groovy-json-4.0.10.jar;C:\Users\Dimas Rizqi Suryana\.m2\repository\org\apache\groovy\groovy-xml\4.0.10\groovy-xml-4.0.10.jar;C:\Users\Dimas Rizqi Suryana\.m2\repository\org\apache\groovy\groovy\4.0.10\groovy-4.0.10.jar;C:\Users\Dimas Rizqi Suryana\.m2\repository\org\opentest4j\opentest4j\1.2.0\opentest4j-1.2.0.jar;C:\Users\Dimas Rizqi Suryana\.m2\repository\net\serenity-bdd\serenity-core\3.6.21\serenity-core-3.6.21.jar;C:\Users\Dimas Rizqi Suryana\.m2\repository\net\serenity-bdd\serenity-model\3.6.21\serenity-model-3.6.21.jar;C:\Users\Dimas Rizqi Suryana\.m2\repository\org\apache\commons\commons-text\1.10.0\commons-text-1.10.0.jar;C:\Users\Dimas Rizqi Suryana\.m2\repository\commons-net\commons-net\3.9.0\commons-net-3.9.0.jar;C:\Users\Dimas Rizqi Suryana\.m2\repository\com\google\guava\guava\31.1-jre\guava-31.1-jre.jar;C:\Users\Dimas Rizqi Suryana\.m2\repository\com\google\guava\failureaccess\1.0.1\failureaccess-1.0.1.jar;C:\Users\Dimas Rizqi Suryana\.m2\repository\com\google\guava\listenablefuture\9999.0-empty-to-avoid-conflict-with-guava\listenablefuture-9999.0-empty-to-avoid-conflict-with-guava.jar;C:\Users\Dimas Rizqi Suryana\.m2\repository\com\google\code\findbugs\jsr305\3.0.2\jsr305-3.0.2.jar;C:\Users\Dimas Rizqi Suryana\.m2\repository\org\checkerframework\checker-qual\3.12.0\checker-qual-3.12.0.jar;C:\Users\Dimas Rizqi Suryana\.m2\repository\com\google\errorprone\error_prone_annotations\2.11.0\error_prone_annotations-2.11.0.jar;C:\Users\Dimas Rizqi Suryana\.m2\repository\com\google\j2objc\j2objc-annotations\1.3\j2objc-annotations-1.3.jar;C:\Users\Dimas Rizqi Suryana\.m2\repository\com\google\inject\guice\5.1.0\guice-5.1.0.jar;C:\Users\Dimas Rizqi Suryana\.m2\repository\javax\inject\javax.inject\1\javax.inject-1.jar;C:\Users\Dimas Rizqi Suryana\.m2\repository\aopalliance\aopalliance\1.0\aopalliance-1.0.jar;C:\Users\Dimas Rizqi Suryana\.m2\repository\org\jsoup\jsoup\1.14.3\jsoup-1.14.3.jar;C:\Users\Dimas Rizqi Suryana\.m2\repository\com\thoughtworks\xstream\xstream\1.4.20\xstream-1.4.20.jar;C:\Users\Dimas Rizqi Suryana\.m2\repository\io\github\x-stream\mxparser\1.2.2\mxparser-1.2.2.jar;C:\Users\Dimas Rizqi Suryana\.m2\repository\xmlpull\xmlpull\1.1.3.1\xmlpull-1.1.3.1.jar;C:\Users\Dimas Rizqi Suryana\.m2\repository\com\typesafe\config\1.4.2\config-1.4.2.jar;C:\Users\Dimas Rizqi Suryana\.m2\repository\org\imgscalr\imgscalr-lib\4.2\imgscalr-lib-4.2.jar;C:\Users\Dimas Rizqi Suryana\.m2\repository\org\awaitility\awaitility\4.2.0\awaitility-4.2.0.jar;C:\Users\Dimas Rizqi Suryana\.m2\repository\org\freemarker\freemarker\2.3.31\freemarker-2.3.31.jar;C:\Users\Dimas Rizqi Suryana\.m2\repository\io\github\classgraph\classgraph\4.8.138\classgraph-4.8.138.jar;C:\Users\Dimas Rizqi Suryana\.m2\repository\net\sourceforge\jexcelapi\jxl\2.6.12\jxl-2.6.12.jar;C:\Users\Dimas Rizqi Suryana\.m2\repository\net\bytebuddy\byte-buddy-agent\1.14.2\byte-buddy-agent-1.14.2.jar;C:\Users\Dimas Rizqi Suryana\.m2\repository\org\objenesis\objenesis\3.3\objenesis-3.3.jar;C:\Users\Dimas Rizqi Suryana\.m2\repository\net\serenity-bdd\serenity-reports\3.6.21\serenity-reports-3.6.21.jar;C:\Users\Dimas Rizqi Suryana\.m2\repository\net\serenity-bdd\serenity-stats\3.6.21\serenity-stats-3.6.21.jar;C:\Users\Dimas Rizqi Suryana\.m2\repository\net\serenity-bdd\serenity-reports-configuration\3.6.21\serenity-reports-configuration-3.6.21.jar;C:\Users\Dimas Rizqi Suryana\.m2\repository\com\vladsch\flexmark\flexmark-all\0.62.2\flexmark-all-0.62.2.jar;C:\Users\Dimas Rizqi Suryana\.m2\repository\com\vladsch\flexmark\flexmark\0.62.2\flexmark-0.62.2.jar;C:\Users\Dimas Rizqi Suryana\.m2\repository\com\vladsch\flexmark\flexmark-ext-abbreviation\0.62.2\flexmark-ext-abbreviation-0.62.2.jar;C:\Users\Dimas Rizqi Suryana\.m2\repository\com\vladsch\flexmark\flexmark-util\0.62.2\flexmark-util-0.62.2.jar;C:\Users\Dimas Rizqi Suryana\.m2\repository\com\vladsch\flexmark\flexmark-ext-admonition\0.62.2\flexmark-ext-admonition-0.62.2.jar;C:\Users\Dimas Rizqi Suryana\.m2\repository\com\vladsch\flexmark\flexmark-ext-anchorlink\0.62.2\flexmark-ext-anchorlink-0.62.2.jar;C:\Users\Dimas Rizqi Suryana\.m2\repository\com\vladsch\flexmark\flexmark-ext-aside\0.62.2\flexmark-ext-aside-0.62.2.jar;C:\Users\Dimas Rizqi Suryana\.m2\repository\com\vladsch\flexmark\flexmark-ext-attributes\0.62.2\flexmark-ext-attributes-0.62.2.jar;C:\Users\Dimas Rizqi Suryana\.m2\repository\com\vladsch\flexmark\flexmark-ext-autolink\0.62.2\flexmark-ext-autolink-0.62.2.jar;C:\Users\Dimas Rizqi Suryana\.m2\repository\org\nibor\autolink\autolink\0.6.0\autolink-0.6.0.jar;C:\Users\Dimas Rizqi Suryana\.m2\repository\com\vladsch\flexmark\flexmark-ext-definition\0.62.2\flexmark-ext-definition-0.62.2.jar;C:\Users\Dimas Rizqi Suryana\.m2\repository\com\vladsch\flexmark\flexmark-ext-emoji\0.62.2\flexmark-ext-emoji-0.62.2.jar;C:\Users\Dimas Rizqi Suryana\.m2\repository\com\vladsch\flexmark\flexmark-ext-enumerated-reference\0.62.2\flexmark-ext-enumerated-reference-0.62.2.jar;C:\Users\Dimas Rizqi Suryana\.m2\repository\com\vladsch\flexmark\flexmark-ext-escaped-character\0.62.2\flexmark-ext-escaped-character-0.62.2.jar;C:\Users\Dimas Rizqi Suryana\.m2\repository\com\vladsch\flexmark\flexmark-ext-footnotes\0.62.2\flexmark-ext-footnotes-0.62.2.jar;C:\Users\Dimas Rizqi Suryana\.m2\repository\com\vladsch\flexmark\flexmark-ext-gfm-issues\0.62.2\flexmark-ext-gfm-issues-0.62.2.jar;C:\Users\Dimas Rizqi Suryana\.m2\repository\com\vladsch\flexmark\flexmark-ext-gfm-strikethrough\0.62.2\flexmark-ext-gfm-strikethrough-0.62.2.jar;C:\Users\Dimas Rizqi Suryana\.m2\repository\com\vladsch\flexmark\flexmark-ext-gfm-tasklist\0.62.2\flexmark-ext-gfm-tasklist-0.62.2.jar;C:\Users\Dimas Rizqi Suryana\.m2\repository\com\vladsch\flexmark\flexmark-ext-gfm-users\0.62.2\flexmark-ext-gfm-users-0.62.2.jar;C:\Users\Dimas Rizqi Suryana\.m2\repository\com\vladsch\flexmark\flexmark-ext-gitlab\0.62.2\flexmark-ext-gitlab-0.62.2.jar;C:\Users\Dimas Rizqi Suryana\.m2\repository\com\vladsch\flexmark\flexmark-ext-jekyll-front-matter\0.62.2\flexmark-ext-jekyll-front-matter-0.62.2.jar;C:\Users\Dimas Rizqi Suryana\.m2\repository\com\vladsch\flexmark\flexmark-ext-jekyll-tag\0.62.2\flexmark-ext-jekyll-tag-0.62.2.jar;C:\Users\Dimas Rizqi Suryana\.m2\repository\com\vladsch\flexmark\flexmark-ext-media-tags\0.62.2\flexmark-ext-media-tags-0.62.2.jar;C:\Users\Dimas Rizqi Suryana\.m2\repository\com\vladsch\flexmark\flexmark-ext-macros\0.62.2\flexmark-ext-macros-0.62.2.jar;C:\Users\Dimas Rizqi Suryana\.m2\repository\com\vladsch\flexmark\flexmark-ext-ins\0.62.2\flexmark-ext-ins-0.62.2.jar;C:\Users\Dimas Rizqi Suryana\.m2\repository\com\vladsch\flexmark\flexmark-ext-xwiki-macros\0.62.2\flexmark-ext-xwiki-macros-0.62.2.jar;C:\Users\Dimas Rizqi Suryana\.m2\repository\com\vladsch\flexmark\flexmark-ext-superscript\0.62.2\flexmark-ext-superscript-0.62.2.jar;C:\Users\Dimas Rizqi Suryana\.m2\repository\com\vladsch\flexmark\flexmark-ext-tables\0.62.2\flexmark-ext-tables-0.62.2.jar;C:\Users\Dimas Rizqi Suryana\.m2\repository\com\vladsch\flexmark\flexmark-ext-toc\0.62.2\flexmark-ext-toc-0.62.2.jar;C:\Users\Dimas Rizqi Suryana\.m2\repository\com\vladsch\flexmark\flexmark-ext-typographic\0.62.2\flexmark-ext-typographic-0.62.2.jar;C:\Users\Dimas Rizqi Suryana\.m2\repository\com\vladsch\flexmark\flexmark-ext-wikilink\0.62.2\flexmark-ext-wikilink-0.62.2.jar;C:\Users\Dimas Rizqi Suryana\.m2\repository\com\vladsch\flexmark\flexmark-ext-yaml-front-matter\0.62.2\flexmark-ext-yaml-front-matter-0.62.2.jar;C:\Users\Dimas Rizqi Suryana\.m2\repository\com\vladsch\flexmark\flexmark-ext-youtube-embedded\0.62.2\flexmark-ext-youtube-embedded-0.62.2.jar;C:\Users\Dimas Rizqi Suryana\.m2\repository\com\vladsch\flexmark\flexmark-html2md-converter\0.62.2\flexmark-html2md-converter-0.62.2.jar;C:\Users\Dimas Rizqi Suryana\.m2\repository\com\vladsch\flexmark\flexmark-jira-converter\0.62.2\flexmark-jira-converter-0.62.2.jar;C:\Users\Dimas Rizqi Suryana\.m2\repository\com\vladsch\flexmark\flexmark-pdf-converter\0.62.2\flexmark-pdf-converter-0.62.2.jar;C:\Users\Dimas Rizqi Suryana\.m2\repository\com\openhtmltopdf\openhtmltopdf-core\1.0.0\openhtmltopdf-core-1.0.0.jar;C:\Users\Dimas Rizqi Suryana\.m2\repository\com\openhtmltopdf\openhtmltopdf-pdfbox\1.0.0\openhtmltopdf-pdfbox-1.0.0.jar;C:\Users\Dimas Rizqi Suryana\.m2\repository\org\apache\pdfbox\pdfbox\2.0.16\pdfbox-2.0.16.jar;C:\Users\Dimas Rizqi Suryana\.m2\repository\org\apache\pdfbox\fontbox\2.0.16\fontbox-2.0.16.jar;C:\Users\Dimas Rizqi Suryana\.m2\repository\org\apache\pdfbox\xmpbox\2.0.16\xmpbox-2.0.16.jar;C:\Users\Dimas Rizqi Suryana\.m2\repository\de\rototor\pdfbox\graphics2d\0.24\graphics2d-0.24.jar;C:\Users\Dimas Rizqi Suryana\.m2\repository\com\openhtmltopdf\openhtmltopdf-rtl-support\1.0.0\openhtmltopdf-rtl-support-1.0.0.jar;C:\Users\Dimas Rizqi Suryana\.m2\repository\com\openhtmltopdf\openhtmltopdf-jsoup-dom-converter\1.0.0\openhtmltopdf-jsoup-dom-converter-1.0.0.jar;C:\Users\Dimas Rizqi Suryana\.m2\repository\com\vladsch\flexmark\flexmark-profile-pegdown\0.62.2\flexmark-profile-pegdown-0.62.2.jar;C:\Users\Dimas Rizqi Suryana\.m2\repository\com\vladsch\flexmark\flexmark-util-ast\0.62.2\flexmark-util-ast-0.62.2.jar;C:\Users\Dimas Rizqi Suryana\.m2\repository\com\vladsch\flexmark\flexmark-util-builder\0.62.2\flexmark-util-builder-0.62.2.jar;C:\Users\Dimas Rizqi Suryana\.m2\repository\com\vladsch\flexmark\flexmark-util-collection\0.62.2\flexmark-util-collection-0.62.2.jar;C:\Users\Dimas Rizqi Suryana\.m2\repository\com\vladsch\flexmark\flexmark-util-data\0.62.2\flexmark-util-data-0.62.2.jar;C:\Users\Dimas Rizqi Suryana\.m2\repository\com\vladsch\flexmark\flexmark-util-dependency\0.62.2\flexmark-util-dependency-0.62.2.jar;C:\Users\Dimas Rizqi Suryana\.m2\repository\com\vladsch\flexmark\flexmark-util-format\0.62.2\flexmark-util-format-0.62.2.jar;C:\Users\Dimas Rizqi Suryana\.m2\repository\com\vladsch\flexmark\flexmark-util-html\0.62.2\flexmark-util-html-0.62.2.jar;C:\Users\Dimas Rizqi Suryana\.m2\repository\com\vladsch\flexmark\flexmark-util-misc\0.62.2\flexmark-util-misc-0.62.2.jar;C:\Users\Dimas Rizqi Suryana\.m2\repository\com\vladsch\flexmark\flexmark-util-options\0.62.2\flexmark-util-options-0.62.2.jar;C:\Users\Dimas Rizqi Suryana\.m2\repository\com\vladsch\flexmark\flexmark-util-sequence\0.62.2\flexmark-util-sequence-0.62.2.jar;C:\Users\Dimas Rizqi Suryana\.m2\repository\com\vladsch\flexmark\flexmark-util-visitor\0.62.2\flexmark-util-visitor-0.62.2.jar;C:\Users\Dimas Rizqi Suryana\.m2\repository\com\vladsch\flexmark\flexmark-youtrack-converter\0.62.2\flexmark-youtrack-converter-0.62.2.jar;C:\Users\Dimas Rizqi Suryana\.m2\repository\com\ibm\icu\icu4j\72.1\icu4j-72.1.jar;C:\Users\Dimas Rizqi Suryana\.m2\repository\es\nitaur\markdown\txtmark\0.16\txtmark-0.16.jar;C:\Users\Dimas Rizqi Suryana\.m2\repository\net\serenity-bdd\serenity-report-resources\3.6.21\serenity-report-resources-3.6.21.jar;C:\Users\Dimas Rizqi Suryana\.m2\repository\com\google\code\gson\gson\2.10.1\gson-2.10.1.jar;C:\Users\Dimas Rizqi Suryana\.m2\repository\com\fasterxml\jackson\core\jackson-core\2.15.0-rc1\jackson-core-2.15.0-rc1.jar;C:\Users\Dimas Rizqi Suryana\.m2\repository\com\fasterxml\jackson\core\jackson-databind\2.15.0-rc1\jackson-databind-2.15.0-rc1.jar;C:\Users\Dimas Rizqi Suryana\.m2\repository\com\fasterxml\jackson\core\jackson-annotations\2.15.0-rc1\jackson-annotations-2.15.0-rc1.jar;C:\Users\Dimas Rizqi Suryana\.m2\repository\commons-codec\commons-codec\1.15\commons-codec-1.15.jar;C:\Users\Dimas Rizqi Suryana\.m2\repository\commons-io\commons-io\2.11.0\commons-io-2.11.0.jar;C:\Users\Dimas Rizqi Suryana\.m2\repository\org\seleniumhq\selenium\selenium-java\4.8.1\selenium-java-4.8.1.jar;C:\Users\Dimas Rizqi Suryana\.m2\repository\org\seleniumhq\selenium\selenium-devtools-v108\4.8.1\selenium-devtools-v108-4.8.1.jar;C:\Users\Dimas Rizqi Suryana\.m2\repository\org\seleniumhq\selenium\selenium-devtools-v109\4.8.1\selenium-devtools-v109-4.8.1.jar;C:\Users\Dimas Rizqi Suryana\.m2\repository\org\seleniumhq\selenium\selenium-devtools-v110\4.8.1\selenium-devtools-v110-4.8.1.jar;C:\Users\Dimas Rizqi Suryana\.m2\repository\org\seleniumhq\selenium\selenium-devtools-v85\4.8.1\selenium-devtools-v85-4.8.1.jar;C:\Users\Dimas Rizqi Suryana\.m2\repository\org\seleniumhq\selenium\selenium-remote-driver\4.8.1\selenium-remote-driver-4.8.1.jar;C:\Users\Dimas Rizqi Suryana\.m2\repository\com\beust\jcommander\1.82\jcommander-1.82.jar;C:\Users\Dimas Rizqi Suryana\.m2\repository\io\netty\netty-buffer\4.1.87.Final\netty-buffer-4.1.87.Final.jar;C:\Users\Dimas Rizqi Suryana\.m2\repository\io\netty\netty-codec-http\4.1.87.Final\netty-codec-http-4.1.87.Final.jar;C:\Users\Dimas Rizqi Suryana\.m2\repository\io\netty\netty-codec\4.1.87.Final\netty-codec-4.1.87.Final.jar;C:\Users\Dimas Rizqi Suryana\.m2\repository\io\netty\netty-handler\4.1.87.Final\netty-handler-4.1.87.Final.jar;C:\Users\Dimas Rizqi Suryana\.m2\repository\io\netty\netty-common\4.1.87.Final\netty-common-4.1.87.Final.jar;C:\Users\Dimas Rizqi Suryana\.m2\repository\io\netty\netty-transport-classes-epoll\4.1.87.Final\netty-transport-classes-epoll-4.1.87.Final.jar;C:\Users\Dimas Rizqi Suryana\.m2\repository\io\netty\netty-transport-classes-kqueue\4.1.87.Final\netty-transport-classes-kqueue-4.1.87.Final.jar;C:\Users\Dimas Rizqi Suryana\.m2\repository\io\netty\netty-transport-native-epoll\4.1.87.Final\netty-transport-native-epoll-4.1.87.Final.jar;C:\Users\Dimas Rizqi Suryana\.m2\repository\io\netty\netty-transport-native-kqueue\4.1.87.Final\netty-transport-native-kqueue-4.1.87.Final.jar;C:\Users\Dimas Rizqi Suryana\.m2\repository\io\netty\netty-transport-native-unix-common\4.1.87.Final\netty-transport-native-unix-common-4.1.87.Final.jar;C:\Users\Dimas Rizqi Suryana\.m2\repository\io\netty\netty-transport\4.1.87.Final\netty-transport-4.1.87.Final.jar;C:\Users\Dimas Rizqi Suryana\.m2\repository\io\netty\netty-resolver\4.1.87.Final\netty-resolver-4.1.87.Final.jar;C:\Users\Dimas Rizqi Suryana\.m2\repository\io\opentelemetry\opentelemetry-api\1.22.0\opentelemetry-api-1.22.0.jar;C:\Users\Dimas Rizqi Suryana\.m2\repository\io\opentelemetry\opentelemetry-context\1.22.0\opentelemetry-context-1.22.0.jar;C:\Users\Dimas Rizqi Suryana\.m2\repository\io\opentelemetry\opentelemetry-exporter-logging\1.22.0\opentelemetry-exporter-logging-1.22.0.jar;C:\Users\Dimas Rizqi Suryana\.m2\repository\io\opentelemetry\opentelemetry-sdk-metrics\1.22.0\opentelemetry-sdk-metrics-1.22.0.jar;C:\Users\Dimas Rizqi Suryana\.m2\repository\io\opentelemetry\opentelemetry-sdk-logs\1.22.0-alpha\opentelemetry-sdk-logs-1.22.0-alpha.jar;C:\Users\Dimas Rizqi Suryana\.m2\repository\io\opentelemetry\opentelemetry-api-logs\1.22.0-alpha\opentelemetry-api-logs-1.22.0-alpha.jar;C:\Users\Dimas Rizqi Suryana\.m2\repository\io\opentelemetry\opentelemetry-sdk-common\1.22.0\opentelemetry-sdk-common-1.22.0.jar;C:\Users\Dimas Rizqi Suryana\.m2\repository\io\opentelemetry\opentelemetry-sdk-extension-autoconfigure-spi\1.22.0\opentelemetry-sdk-extension-autoconfigure-spi-1.22.0.jar;C:\Users\Dimas Rizqi Suryana\.m2\repository\io\opentelemetry\opentelemetry-sdk-extension-autoconfigure\1.22.0-alpha\opentelemetry-sdk-extension-autoconfigure-1.22.0-alpha.jar;C:\Users\Dimas Rizqi Suryana\.m2\repository\io\opentelemetry\opentelemetry-sdk-trace\1.22.0\opentelemetry-sdk-trace-1.22.0.jar;C:\Users\Dimas Rizqi Suryana\.m2\repository\io\opentelemetry\opentelemetry-sdk\1.22.0\opentelemetry-sdk-1.22.0.jar;C:\Users\Dimas Rizqi Suryana\.m2\repository\io\opentelemetry\opentelemetry-semconv\1.22.0-alpha\opentelemetry-semconv-1.22.0-alpha.jar;C:\Users\Dimas Rizqi Suryana\.m2\repository\io\ous\jtoml\2.0.0\jtoml-2.0.0.jar;C:\Users\Dimas Rizqi Suryana\.m2\repository\org\apache\commons\commons-exec\1.3\commons-exec-1.3.jar;C:\Users\Dimas Rizqi Suryana\.m2\repository\org\asynchttpclient\async-http-client\2.12.3\async-http-client-2.12.3.jar;C:\Users\Dimas Rizqi Suryana\.m2\repository\org\asynchttpclient\async-http-client-netty-utils\2.12.3\async-http-client-netty-utils-2.12.3.jar;C:\Users\Dimas Rizqi Suryana\.m2\repository\io\netty\netty-codec-socks\4.1.60.Final\netty-codec-socks-4.1.60.Final.jar;C:\Users\Dimas Rizqi Suryana\.m2\repository\io\netty\netty-handler-proxy\4.1.60.Final\netty-handler-proxy-4.1.60.Final.jar;C:\Users\Dimas Rizqi Suryana\.m2\repository\io\netty\netty-transport-native-epoll\4.1.60.Final\netty-transport-native-epoll-4.1.60.Final-linux-x86_64.jar;C:\Users\Dimas Rizqi Suryana\.m2\repository\io\netty\netty-transport-native-kqueue\4.1.60.Final\netty-transport-native-kqueue-4.1.60.Final-osx-x86_64.jar;C:\Users\Dimas Rizqi Suryana\.m2\repository\org\reactivestreams\reactive-streams\1.0.3\reactive-streams-1.0.3.jar;C:\Users\Dimas Rizqi Suryana\.m2\repository\com\typesafe\netty\netty-reactive-streams\2.0.4\netty-reactive-streams-2.0.4.jar;C:\Users\Dimas Rizqi Suryana\.m2\repository\org\seleniumhq\selenium\selenium-manager\4.8.1\selenium-manager-4.8.1.jar;C:\Users\Dimas Rizqi Suryana\.m2\repository\org\seleniumhq\selenium\selenium-safari-driver\4.8.1\selenium-safari-driver-4.8.1.jar;C:\Users\Dimas Rizqi Suryana\.m2\repository\org\seleniumhq\selenium\selenium-api\4.8.1\selenium-api-4.8.1.jar;C:\Users\Dimas Rizqi Suryana\.m2\repository\org\seleniumhq\selenium\selenium-support\4.8.1\selenium-support-4.8.1.jar;C:\Users\Dimas Rizqi Suryana\.m2\repository\com\google\auto\service\auto-service-annotations\1.0.1\auto-service-annotations-1.0.1.jar;C:\Users\Dimas Rizqi Suryana\.m2\repository\com\google\auto\service\auto-service\1.0.1\auto-service-1.0.1.jar;C:\Users\Dimas Rizqi Suryana\.m2\repository\com\google\auto\auto-common\1.2\auto-common-1.2.jar;C:\Users\Dimas Rizqi Suryana\.m2\repository\org\seleniumhq\selenium\selenium-json\4.8.1\selenium-json-4.8.1.jar;C:\Users\Dimas Rizqi Suryana\.m2\repository\org\seleniumhq\selenium\selenium-chrome-driver\4.8.1\selenium-chrome-driver-4.8.1.jar;C:\Users\Dimas Rizqi Suryana\.m2\repository\org\seleniumhq\selenium\selenium-chromium-driver\4.8.1\selenium-chromium-driver-4.8.1.jar;C:\Users\Dimas Rizqi Suryana\.m2\repository\org\seleniumhq\selenium\selenium-firefox-driver\4.8.1\selenium-firefox-driver-4.8.1.jar;C:\Users\Dimas Rizqi Suryana\.m2\repository\org\seleniumhq\selenium\selenium-http\4.8.1\selenium-http-4.8.1.jar;C:\Users\Dimas Rizqi Suryana\.m2\repository\dev\failsafe\failsafe\3.3.0\failsafe-3.3.0.jar;C:\Users\Dimas Rizqi Suryana\.m2\repository\org\seleniumhq\selenium\selenium-edge-driver\4.8.1\selenium-edge-driver-4.8.1.jar;C:\Users\Dimas Rizqi Suryana\.m2\repository\org\seleniumhq\selenium\selenium-ie-driver\4.8.1\selenium-ie-driver-4.8.1.jar;C:\Users\Dimas Rizqi Suryana\.m2\repository\org\projectlombok\lombok\1.18.20\lombok-1.18.20.jar;C:\Users\Dimas Rizqi Suryana\.m2\repository\io\appium\java-client\8.3.0\java-client-8.3.0.jar;C:\Users\Dimas Rizqi Suryana\.m2\repository\commons-validator\commons-validator\1.7\commons-validator-1.7.jar;C:\Users\Dimas Rizqi Suryana\.m2\repository\commons-digester\commons-digester\2.1\commons-digester-2.1.jar;C:\Users\Dimas Rizqi Suryana\.m2\repository\net\sf\opencsv\opencsv\2.0\opencsv-2.0.jar;C:\Users\Dimas Rizqi Suryana\.m2\repository\commons-beanutils\commons-beanutils\1.9.4\commons-beanutils-1.9.4.jar;C:\Users\Dimas Rizqi Suryana\.m2\repository\org\apache\commons\commons-lang3\3.12.0\commons-lang3-3.12.0.jar;C:\Users\Dimas Rizqi Suryana\.m2\repository\commons-collections\commons-collections\3.2.2\commons-collections-3.2.2.jar;C:\Users\Dimas Rizqi Suryana\.m2\repository\org\fluentlenium\fluentlenium-core\0.10.2\fluentlenium-core-0.10.2.jar;C:\Users\Dimas Rizqi Suryana\.m2\repository\io\github\bonigarcia\webdrivermanager\5.3.0\webdrivermanager-5.3.0.jar;C:\Users\Dimas Rizqi Suryana\.m2\repository\com\github\docker-java\docker-java\3.2.13\docker-java-3.2.13.jar;C:\Users\Dimas Rizqi Suryana\.m2\repository\com\github\docker-java\docker-java-core\3.2.13\docker-java-core-3.2.13.jar;C:\Users\Dimas Rizqi Suryana\.m2\repository\com\github\docker-java\docker-java-api\3.2.13\docker-java-api-3.2.13.jar;C:\Users\Dimas Rizqi Suryana\.m2\repository\org\apache\commons\commons-compress\1.21\commons-compress-1.21.jar;C:\Users\Dimas Rizqi Suryana\.m2\repository\org\bouncycastle\bcpkix-jdk15on\1.64\bcpkix-jdk15on-1.64.jar;C:\Users\Dimas Rizqi Suryana\.m2\repository\org\bouncycastle\bcprov-jdk15on\1.64\bcprov-jdk15on-1.64.jar;C:\Users\Dimas Rizqi Suryana\.m2\repository\org\slf4j\jcl-over-slf4j\1.7.30\jcl-over-slf4j-1.7.30.jar;C:\Users\Dimas Rizqi Suryana\.m2\repository\com\github\docker-java\docker-java-transport-httpclient5\3.2.13\docker-java-transport-httpclient5-3.2.13.jar;C:\Users\Dimas Rizqi Suryana\.m2\repository\com\github\docker-java\docker-java-transport\3.2.13\docker-java-transport-3.2.13.jar;C:\Users\Dimas Rizqi Suryana\.m2\repository\net\java\dev\jna\jna\5.8.0\jna-5.8.0.jar;C:\Users\Dimas Rizqi Suryana\.m2\repository\org\brotli\dec\0.1.2\dec-0.1.2.jar;C:\Users\Dimas Rizqi Suryana\.m2\repository\org\apache\httpcomponents\client5\httpclient5\5.1.3\httpclient5-5.1.3.jar;C:\Users\Dimas Rizqi Suryana\.m2\repository\org\apache\httpcomponents\core5\httpcore5\5.1.3\httpcore5-5.1.3.jar;C:\Users\Dimas Rizqi Suryana\.m2\repository\org\apache\httpcomponents\core5\httpcore5-h2\5.1.3\httpcore5-h2-5.1.3.jar;C:\Users\Dimas Rizqi Suryana\.m2\repository\com\jhlabs\filters\2.0.235\filters-2.0.235.jar;C:\Users\Dimas Rizqi Suryana\.m2\repository\com\paulhammant\ngwebdriver\1.1.6\ngwebdriver-1.1.6.jar;C:\Users\Dimas Rizqi Suryana\.m2\repository\joda-time\joda-time\2.12.2\joda-time-2.12.2.jar;C:\Users\Dimas Rizqi Suryana\.m2\repository\org\hamcrest\hamcrest\2.2\hamcrest-2.2.jar;C:\Users\Dimas Rizqi Suryana\.m2\repository\com\google\jimfs\jimfs\1.2\jimfs-1.2.jar;C:\Users\Dimas Rizqi Suryana\.m2\repository\org\mockito\mockito-core\3.3.3\mockito-core-3.3.3.jar;C:\Users\Dimas Rizqi Suryana\.m2\repository\javax\xml\bind\jaxb-api\2.3.1\jaxb-api-2.3.1.jar;C:\Users\Dimas Rizqi Suryana\.m2\repository\javax\activation\javax.activation-api\1.2.0\javax.activation-api-1.2.0.jar;C:\Users\Dimas Rizqi Suryana\.m2\repository\com\sun\xml\bind\jaxb-core\2.3.0.1\jaxb-core-2.3.0.1.jar;C:\Users\Dimas Rizqi Suryana\.m2\repository\com\sun\xml\bind\jaxb-impl\2.3.3\jaxb-impl-2.3.3.jar;C:\Users\Dimas Rizqi Suryana\.m2\repository\jakarta\xml\bind\jakarta.xml.bind-api\2.3.3\jakarta.xml.bind-api-2.3.3.jar;C:\Users\Dimas Rizqi Suryana\.m2\repository\com\sun\activation\jakarta.activation\1.2.2\jakarta.activation-1.2.2.jar;C:\Users\Dimas Rizqi Suryana\.m2\repository\javax\activation\activation\1.1.1\activation-1.1.1.jar;C:\Users\Dimas Rizqi Suryana\.m2\repository\net\serenity-bdd\serenity-cucumber\3.6.21\serenity-cucumber-3.6.21.jar;C:\Users\Dimas Rizqi Suryana\.m2\repository\io\cucumber\cucumber-core\7.11.0\cucumber-core-7.11.0.jar;C:\Users\Dimas Rizqi Suryana\.m2\repository\io\cucumber\cucumber-gherkin\7.11.0\cucumber-gherkin-7.11.0.jar;C:\Users\Dimas Rizqi Suryana\.m2\repository\io\cucumber\cucumber-gherkin-messages\7.11.0\cucumber-gherkin-messages-7.11.0.jar;C:\Users\Dimas Rizqi Suryana\.m2\repository\io\cucumber\gherkin\26.0.3\gherkin-26.0.3.jar;C:\Users\Dimas Rizqi Suryana\.m2\repository\io\cucumber\messages\21.0.1\messages-21.0.1.jar;C:\Users\Dimas Rizqi Suryana\.m2\repository\io\cucumber\tag-expressions\5.0.1\tag-expressions-5.0.1.jar;C:\Users\Dimas Rizqi Suryana\.m2\repository\io\cucumber\cucumber-expressions\16.1.1\cucumber-expressions-16.1.1.jar;C:\Users\Dimas Rizqi Suryana\.m2\repository\io\cucumber\datatable\7.11.0\datatable-7.11.0.jar;C:\Users\Dimas Rizqi Suryana\.m2\repository\io\cucumber\cucumber-plugin\7.11.0\cucumber-plugin-7.11.0.jar;C:\Users\Dimas Rizqi Suryana\.m2\repository\io\cucumber\docstring\7.11.0\docstring-7.11.0.jar;C:\Users\Dimas Rizqi Suryana\.m2\repository\io\cucumber\html-formatter\20.2.1\html-formatter-20.2.1.jar;C:\Users\Dimas Rizqi Suryana\.m2\repository\io\cucumber\junit-xml-formatter\0.1.0\junit-xml-formatter-0.1.0.jar;C:\Users\Dimas Rizqi Suryana\.m2\repository\io\cucumber\ci-environment\9.1.0\ci-environment-9.1.0.jar;C:\Users\Dimas Rizqi Suryana\.m2\repository\io\cucumber\cucumber-java\7.11.0\cucumber-java-7.11.0.jar;C:\Users\Dimas Rizqi Suryana\.m2\repository\io\cucumber\cucumber-junit\7.11.0\cucumber-junit-7.11.0.jar;C:\Users\Dimas Rizqi Suryana\.m2\repository\org\apache\commons\commons-csv\1.5\commons-csv-1.5.jar;C:\Users\Dimas Rizqi Suryana\.m2\repository\net\serenity-bdd\serenity-screenplay\3.6.21\serenity-screenplay-3.6.21.jar;C:\Users\Dimas Rizqi Suryana\.m2\repository\net\serenity-bdd\serenity-screenplay-webdriver\3.6.21\serenity-screenplay-webdriver-3.6.21.jar;C:\Users\Dimas Rizqi Suryana\.m2\repository\net\serenity-bdd\serenity-ensure\3.6.21\serenity-ensure-3.6.21.jar;C:\Users\Dimas Rizqi Suryana\.m2\repository\net\serenity-bdd\serenity-junit\3.6.21\serenity-junit-3.6.21.jar;C:\Users\Dimas Rizqi Suryana\.m2\repository\org\jetbrains\kotlin\kotlin-stdlib\1.8.10\kotlin-stdlib-1.8.10.jar;C:\Users\Dimas Rizqi Suryana\.m2\repository\org\jetbrains\kotlin\kotlin-stdlib-common\1.8.10\kotlin-stdlib-common-1.8.10.jar;C:\Users\Dimas Rizqi Suryana\.m2\repository\org\jetbrains\annotations\13.0\annotations-13.0.jar;C:\Users\Dimas Rizqi Suryana\.m2\repository\org\junit\platform\junit-platform-launcher\1.8.2\junit-platform-launcher-1.8.2.jar;C:\Users\Dimas Rizqi Suryana\.m2\repository\org\junit\platform\junit-platform-engine\1.8.2\junit-platform-engine-1.8.2.jar;C:\Users\Dimas Rizqi Suryana\.m2\repository\org\junit\platform\junit-platform-commons\1.8.2\junit-platform-commons-1.8.2.jar;C:\Users\Dimas Rizqi Suryana\.m2\repository\org\apiguardian\apiguardian-api\1.1.2\apiguardian-api-1.1.2.jar;C:\Users\Dimas Rizqi Suryana\.m2\repository\org\junit\jupiter\junit-jupiter-engine\5.8.2\junit-jupiter-engine-5.8.2.jar;C:\Users\Dimas Rizqi Suryana\.m2\repository\org\junit\jupiter\junit-jupiter-api\5.8.2\junit-jupiter-api-5.8.2.jar;C:\Users\Dimas Rizqi Suryana\.m2\repository\org\junit\vintage\junit-vintage-engine\5.8.2\junit-vintage-engine-5.8.2.jar;C:\Users\Dimas Rizqi Suryana\.m2\repository\junit\junit\4.13.2\junit-4.13.2.jar;C:\Users\Dimas Rizqi Suryana\.m2\repository\org\hamcrest\hamcrest-core\1.3\hamcrest-core-1.3.jar;C:\Users\Dimas Rizqi Suryana\.m2\repository\ch\qos\logback\logback-classic\1.2.10\logback-classic-1.2.10.jar;C:\Users\Dimas Rizqi Suryana\.m2\repository\ch\qos\logback\logback-core\1.2.10\logback-core-1.2.10.jar;C:\Users\Dimas Rizqi Suryana\.m2\repository\org\slf4j\slf4j-api\1.7.32\slf4j-api-1.7.32.jar;C:\Users\Dimas Rizqi Suryana\.m2\repository\org\assertj\assertj-core\3.23.1\assertj-core-3.23.1.jar;C:\Users\Dimas Rizqi Suryana\.m2\repository\net\bytebuddy\byte-buddy\1.12.10\byte-buddy-1.12.10.jar;C:\Users\Dimas Rizqi Suryana\.m2\repository\com\googlecode\json-simple\json-simple\1.1.1\json-simple-1.1.1.jar;"/>
    <property name="java.vm.vendor" value="Oracle Corporation"/>
    <property name="sun.arch.data.model" value="64"/>
    <property name="user.variant" value=""/>
    <property name="java.vendor.url" value="https://java.oracle.com/"/>
    <property name="user.timezone" value="Asia/Jakarta"/>
    <property name="os.name" value="Windows 11"/>
    <property name="java.vm.specification.version" value="18"/>
    <property name="sun.java.launcher" value="SUN_STANDARD"/>
    <property name="user.country" value="ID"/>
    <property name="sun.boot.library.path" value="C:\Program Files\Java\jdk-18.0.2.1\bin"/>
    <property name="sun.java.command" value="org.apache.maven.surefire.booter.ForkedBooter C:\Users\Dimas Rizqi Suryana\AppData\Local\Temp\surefire461263426691078325 2023-05-08T18-26-10_513-jvmRun1 surefire12178528984778496377tmp surefire_09468578005335901884tmp"/>
    <property name="jdk.debug" value="release"/>
    <property name="surefire.test.class.path" value="C:\Users\Dimas Rizqi Suryana\Mini_Project2\target\test-classes;C:\Users\Dimas Rizqi Suryana\.m2\repository\net\serenity-bdd\serenity-rest-assured\3.6.22\serenity-rest-assured-3.6.22.jar;C:\Users\Dimas Rizqi Suryana\.m2\repository\org\apache\httpcomponents\httpclient\4.5.13\httpclient-4.5.13.jar;C:\Users\Dimas Rizqi Suryana\.m2\repository\org\apache\httpcomponents\httpcore\4.4.13\httpcore-4.4.13.jar;C:\Users\Dimas Rizqi Suryana\.m2\repository\commons-logging\commons-logging\1.2\commons-logging-1.2.jar;C:\Users\Dimas Rizqi Suryana\.m2\repository\io\rest-assured\rest-assured\5.3.0\rest-assured-5.3.0.jar;C:\Users\Dimas Rizqi Suryana\.m2\repository\org\apache\httpcomponents\httpmime\4.5.13\httpmime-4.5.13.jar;C:\Users\Dimas Rizqi Suryana\.m2\repository\org\ccil\cowan\tagsoup\tagsoup\1.2.1\tagsoup-1.2.1.jar;C:\Users\Dimas Rizqi Suryana\.m2\repository\io\rest-assured\json-path\5.3.0\json-path-5.3.0.jar;C:\Users\Dimas Rizqi Suryana\.m2\repository\io\rest-assured\rest-assured-common\5.3.0\rest-assured-common-5.3.0.jar;C:\Users\Dimas Rizqi Suryana\.m2\repository\io\rest-assured\xml-path\5.3.0\xml-path-5.3.0.jar;C:\Users\Dimas Rizqi Suryana\.m2\repository\org\apache\groovy\groovy-json\4.0.10\groovy-json-4.0.10.jar;C:\Users\Dimas Rizqi Suryana\.m2\repository\org\apache\groovy\groovy-xml\4.0.10\groovy-xml-4.0.10.jar;C:\Users\Dimas Rizqi Suryana\.m2\repository\org\apache\groovy\groovy\4.0.10\groovy-4.0.10.jar;C:\Users\Dimas Rizqi Suryana\.m2\repository\org\opentest4j\opentest4j\1.2.0\opentest4j-1.2.0.jar;C:\Users\Dimas Rizqi Suryana\.m2\repository\net\serenity-bdd\serenity-core\3.6.21\serenity-core-3.6.21.jar;C:\Users\Dimas Rizqi Suryana\.m2\repository\net\serenity-bdd\serenity-model\3.6.21\serenity-model-3.6.21.jar;C:\Users\Dimas Rizqi Suryana\.m2\repository\org\apache\commons\commons-text\1.10.0\commons-text-1.10.0.jar;C:\Users\Dimas Rizqi Suryana\.m2\repository\commons-net\commons-net\3.9.0\commons-net-3.9.0.jar;C:\Users\Dimas Rizqi Suryana\.m2\repository\com\google\guava\guava\31.1-jre\guava-31.1-jre.jar;C:\Users\Dimas Rizqi Suryana\.m2\repository\com\google\guava\failureaccess\1.0.1\failureaccess-1.0.1.jar;C:\Users\Dimas Rizqi Suryana\.m2\repository\com\google\guava\listenablefuture\9999.0-empty-to-avoid-conflict-with-guava\listenablefuture-9999.0-empty-to-avoid-conflict-with-guava.jar;C:\Users\Dimas Rizqi Suryana\.m2\repository\com\google\code\findbugs\jsr305\3.0.2\jsr305-3.0.2.jar;C:\Users\Dimas Rizqi Suryana\.m2\repository\org\checkerframework\checker-qual\3.12.0\checker-qual-3.12.0.jar;C:\Users\Dimas Rizqi Suryana\.m2\repository\com\google\errorprone\error_prone_annotations\2.11.0\error_prone_annotations-2.11.0.jar;C:\Users\Dimas Rizqi Suryana\.m2\repository\com\google\j2objc\j2objc-annotations\1.3\j2objc-annotations-1.3.jar;C:\Users\Dimas Rizqi Suryana\.m2\repository\com\google\inject\guice\5.1.0\guice-5.1.0.jar;C:\Users\Dimas Rizqi Suryana\.m2\repository\javax\inject\javax.inject\1\javax.inject-1.jar;C:\Users\Dimas Rizqi Suryana\.m2\repository\aopalliance\aopalliance\1.0\aopalliance-1.0.jar;C:\Users\Dimas Rizqi Suryana\.m2\repository\org\jsoup\jsoup\1.14.3\jsoup-1.14.3.jar;C:\Users\Dimas Rizqi Suryana\.m2\repository\com\thoughtworks\xstream\xstream\1.4.20\xstream-1.4.20.jar;C:\Users\Dimas Rizqi Suryana\.m2\repository\io\github\x-stream\mxparser\1.2.2\mxparser-1.2.2.jar;C:\Users\Dimas Rizqi Suryana\.m2\repository\xmlpull\xmlpull\1.1.3.1\xmlpull-1.1.3.1.jar;C:\Users\Dimas Rizqi Suryana\.m2\repository\com\typesafe\config\1.4.2\config-1.4.2.jar;C:\Users\Dimas Rizqi Suryana\.m2\repository\org\imgscalr\imgscalr-lib\4.2\imgscalr-lib-4.2.jar;C:\Users\Dimas Rizqi Suryana\.m2\repository\org\awaitility\awaitility\4.2.0\awaitility-4.2.0.jar;C:\Users\Dimas Rizqi Suryana\.m2\repository\org\freemarker\freemarker\2.3.31\freemarker-2.3.31.jar;C:\Users\Dimas Rizqi Suryana\.m2\repository\io\github\classgraph\classgraph\4.8.138\classgraph-4.8.138.jar;C:\Users\Dimas Rizqi Suryana\.m2\repository\net\sourceforge\jexcelapi\jxl\2.6.12\jxl-2.6.12.jar;C:\Users\Dimas Rizqi Suryana\.m2\repository\net\bytebuddy\byte-buddy-agent\1.14.2\byte-buddy-agent-1.14.2.jar;C:\Users\Dimas Rizqi Suryana\.m2\repository\org\objenesis\objenesis\3.3\objenesis-3.3.jar;C:\Users\Dimas Rizqi Suryana\.m2\repository\net\serenity-bdd\serenity-reports\3.6.21\serenity-reports-3.6.21.jar;C:\Users\Dimas Rizqi Suryana\.m2\repository\net\serenity-bdd\serenity-stats\3.6.21\serenity-stats-3.6.21.jar;C:\Users\Dimas Rizqi Suryana\.m2\repository\net\serenity-bdd\serenity-reports-configuration\3.6.21\serenity-reports-configuration-3.6.21.jar;C:\Users\Dimas Rizqi Suryana\.m2\repository\com\vladsch\flexmark\flexmark-all\0.62.2\flexmark-all-0.62.2.jar;C:\Users\Dimas Rizqi Suryana\.m2\repository\com\vladsch\flexmark\flexmark\0.62.2\flexmark-0.62.2.jar;C:\Users\Dimas Rizqi Suryana\.m2\repository\com\vladsch\flexmark\flexmark-ext-abbreviation\0.62.2\flexmark-ext-abbreviation-0.62.2.jar;C:\Users\Dimas Rizqi Suryana\.m2\repository\com\vladsch\flexmark\flexmark-util\0.62.2\flexmark-util-0.62.2.jar;C:\Users\Dimas Rizqi Suryana\.m2\repository\com\vladsch\flexmark\flexmark-ext-admonition\0.62.2\flexmark-ext-admonition-0.62.2.jar;C:\Users\Dimas Rizqi Suryana\.m2\repository\com\vladsch\flexmark\flexmark-ext-anchorlink\0.62.2\flexmark-ext-anchorlink-0.62.2.jar;C:\Users\Dimas Rizqi Suryana\.m2\repository\com\vladsch\flexmark\flexmark-ext-aside\0.62.2\flexmark-ext-aside-0.62.2.jar;C:\Users\Dimas Rizqi Suryana\.m2\repository\com\vladsch\flexmark\flexmark-ext-attributes\0.62.2\flexmark-ext-attributes-0.62.2.jar;C:\Users\Dimas Rizqi Suryana\.m2\repository\com\vladsch\flexmark\flexmark-ext-autolink\0.62.2\flexmark-ext-autolink-0.62.2.jar;C:\Users\Dimas Rizqi Suryana\.m2\repository\org\nibor\autolink\autolink\0.6.0\autolink-0.6.0.jar;C:\Users\Dimas Rizqi Suryana\.m2\repository\com\vladsch\flexmark\flexmark-ext-definition\0.62.2\flexmark-ext-definition-0.62.2.jar;C:\Users\Dimas Rizqi Suryana\.m2\repository\com\vladsch\flexmark\flexmark-ext-emoji\0.62.2\flexmark-ext-emoji-0.62.2.jar;C:\Users\Dimas Rizqi Suryana\.m2\repository\com\vladsch\flexmark\flexmark-ext-enumerated-reference\0.62.2\flexmark-ext-enumerated-reference-0.62.2.jar;C:\Users\Dimas Rizqi Suryana\.m2\repository\com\vladsch\flexmark\flexmark-ext-escaped-character\0.62.2\flexmark-ext-escaped-character-0.62.2.jar;C:\Users\Dimas Rizqi Suryana\.m2\repository\com\vladsch\flexmark\flexmark-ext-footnotes\0.62.2\flexmark-ext-footnotes-0.62.2.jar;C:\Users\Dimas Rizqi Suryana\.m2\repository\com\vladsch\flexmark\flexmark-ext-gfm-issues\0.62.2\flexmark-ext-gfm-issues-0.62.2.jar;C:\Users\Dimas Rizqi Suryana\.m2\repository\com\vladsch\flexmark\flexmark-ext-gfm-strikethrough\0.62.2\flexmark-ext-gfm-strikethrough-0.62.2.jar;C:\Users\Dimas Rizqi Suryana\.m2\repository\com\vladsch\flexmark\flexmark-ext-gfm-tasklist\0.62.2\flexmark-ext-gfm-tasklist-0.62.2.jar;C:\Users\Dimas Rizqi Suryana\.m2\repository\com\vladsch\flexmark\flexmark-ext-gfm-users\0.62.2\flexmark-ext-gfm-users-0.62.2.jar;C:\Users\Dimas Rizqi Suryana\.m2\repository\com\vladsch\flexmark\flexmark-ext-gitlab\0.62.2\flexmark-ext-gitlab-0.62.2.jar;C:\Users\Dimas Rizqi Suryana\.m2\repository\com\vladsch\flexmark\flexmark-ext-jekyll-front-matter\0.62.2\flexmark-ext-jekyll-front-matter-0.62.2.jar;C:\Users\Dimas Rizqi Suryana\.m2\repository\com\vladsch\flexmark\flexmark-ext-jekyll-tag\0.62.2\flexmark-ext-jekyll-tag-0.62.2.jar;C:\Users\Dimas Rizqi Suryana\.m2\repository\com\vladsch\flexmark\flexmark-ext-media-tags\0.62.2\flexmark-ext-media-tags-0.62.2.jar;C:\Users\Dimas Rizqi Suryana\.m2\repository\com\vladsch\flexmark\flexmark-ext-macros\0.62.2\flexmark-ext-macros-0.62.2.jar;C:\Users\Dimas Rizqi Suryana\.m2\repository\com\vladsch\flexmark\flexmark-ext-ins\0.62.2\flexmark-ext-ins-0.62.2.jar;C:\Users\Dimas Rizqi Suryana\.m2\repository\com\vladsch\flexmark\flexmark-ext-xwiki-macros\0.62.2\flexmark-ext-xwiki-macros-0.62.2.jar;C:\Users\Dimas Rizqi Suryana\.m2\repository\com\vladsch\flexmark\flexmark-ext-superscript\0.62.2\flexmark-ext-superscript-0.62.2.jar;C:\Users\Dimas Rizqi Suryana\.m2\repository\com\vladsch\flexmark\flexmark-ext-tables\0.62.2\flexmark-ext-tables-0.62.2.jar;C:\Users\Dimas Rizqi Suryana\.m2\repository\com\vladsch\flexmark\flexmark-ext-toc\0.62.2\flexmark-ext-toc-0.62.2.jar;C:\Users\Dimas Rizqi Suryana\.m2\repository\com\vladsch\flexmark\flexmark-ext-typographic\0.62.2\flexmark-ext-typographic-0.62.2.jar;C:\Users\Dimas Rizqi Suryana\.m2\repository\com\vladsch\flexmark\flexmark-ext-wikilink\0.62.2\flexmark-ext-wikilink-0.62.2.jar;C:\Users\Dimas Rizqi Suryana\.m2\repository\com\vladsch\flexmark\flexmark-ext-yaml-front-matter\0.62.2\flexmark-ext-yaml-front-matter-0.62.2.jar;C:\Users\Dimas Rizqi Suryana\.m2\repository\com\vladsch\flexmark\flexmark-ext-youtube-embedded\0.62.2\flexmark-ext-youtube-embedded-0.62.2.jar;C:\Users\Dimas Rizqi Suryana\.m2\repository\com\vladsch\flexmark\flexmark-html2md-converter\0.62.2\flexmark-html2md-converter-0.62.2.jar;C:\Users\Dimas Rizqi Suryana\.m2\repository\com\vladsch\flexmark\flexmark-jira-converter\0.62.2\flexmark-jira-converter-0.62.2.jar;C:\Users\Dimas Rizqi Suryana\.m2\repository\com\vladsch\flexmark\flexmark-pdf-converter\0.62.2\flexmark-pdf-converter-0.62.2.jar;C:\Users\Dimas Rizqi Suryana\.m2\repository\com\openhtmltopdf\openhtmltopdf-core\1.0.0\openhtmltopdf-core-1.0.0.jar;C:\Users\Dimas Rizqi Suryana\.m2\repository\com\openhtmltopdf\openhtmltopdf-pdfbox\1.0.0\openhtmltopdf-pdfbox-1.0.0.jar;C:\Users\Dimas Rizqi Suryana\.m2\repository\org\apache\pdfbox\pdfbox\2.0.16\pdfbox-2.0.16.jar;C:\Users\Dimas Rizqi Suryana\.m2\repository\org\apache\pdfbox\fontbox\2.0.16\fontbox-2.0.16.jar;C:\Users\Dimas Rizqi Suryana\.m2\repository\org\apache\pdfbox\xmpbox\2.0.16\xmpbox-2.0.16.jar;C:\Users\Dimas Rizqi Suryana\.m2\repository\de\rototor\pdfbox\graphics2d\0.24\graphics2d-0.24.jar;C:\Users\Dimas Rizqi Suryana\.m2\repository\com\openhtmltopdf\openhtmltopdf-rtl-support\1.0.0\openhtmltopdf-rtl-support-1.0.0.jar;C:\Users\Dimas Rizqi Suryana\.m2\repository\com\openhtmltopdf\openhtmltopdf-jsoup-dom-converter\1.0.0\openhtmltopdf-jsoup-dom-converter-1.0.0.jar;C:\Users\Dimas Rizqi Suryana\.m2\repository\com\vladsch\flexmark\flexmark-profile-pegdown\0.62.2\flexmark-profile-pegdown-0.62.2.jar;C:\Users\Dimas Rizqi Suryana\.m2\repository\com\vladsch\flexmark\flexmark-util-ast\0.62.2\flexmark-util-ast-0.62.2.jar;C:\Users\Dimas Rizqi Suryana\.m2\repository\com\vladsch\flexmark\flexmark-util-builder\0.62.2\flexmark-util-builder-0.62.2.jar;C:\Users\Dimas Rizqi Suryana\.m2\repository\com\vladsch\flexmark\flexmark-util-collection\0.62.2\flexmark-util-collection-0.62.2.jar;C:\Users\Dimas Rizqi Suryana\.m2\repository\com\vladsch\flexmark\flexmark-util-data\0.62.2\flexmark-util-data-0.62.2.jar;C:\Users\Dimas Rizqi Suryana\.m2\repository\com\vladsch\flexmark\flexmark-util-dependency\0.62.2\flexmark-util-dependency-0.62.2.jar;C:\Users\Dimas Rizqi Suryana\.m2\repository\com\vladsch\flexmark\flexmark-util-format\0.62.2\flexmark-util-format-0.62.2.jar;C:\Users\Dimas Rizqi Suryana\.m2\repository\com\vladsch\flexmark\flexmark-util-html\0.62.2\flexmark-util-html-0.62.2.jar;C:\Users\Dimas Rizqi Suryana\.m2\repository\com\vladsch\flexmark\flexmark-util-misc\0.62.2\flexmark-util-misc-0.62.2.jar;C:\Users\Dimas Rizqi Suryana\.m2\repository\com\vladsch\flexmark\flexmark-util-options\0.62.2\flexmark-util-options-0.62.2.jar;C:\Users\Dimas Rizqi Suryana\.m2\repository\com\vladsch\flexmark\flexmark-util-sequence\0.62.2\flexmark-util-sequence-0.62.2.jar;C:\Users\Dimas Rizqi Suryana\.m2\repository\com\vladsch\flexmark\flexmark-util-visitor\0.62.2\flexmark-util-visitor-0.62.2.jar;C:\Users\Dimas Rizqi Suryana\.m2\repository\com\vladsch\flexmark\flexmark-youtrack-converter\0.62.2\flexmark-youtrack-converter-0.62.2.jar;C:\Users\Dimas Rizqi Suryana\.m2\repository\com\ibm\icu\icu4j\72.1\icu4j-72.1.jar;C:\Users\Dimas Rizqi Suryana\.m2\repository\es\nitaur\markdown\txtmark\0.16\txtmark-0.16.jar;C:\Users\Dimas Rizqi Suryana\.m2\repository\net\serenity-bdd\serenity-report-resources\3.6.21\serenity-report-resources-3.6.21.jar;C:\Users\Dimas Rizqi Suryana\.m2\repository\com\google\code\gson\gson\2.10.1\gson-2.10.1.jar;C:\Users\Dimas Rizqi Suryana\.m2\repository\com\fasterxml\jackson\core\jackson-core\2.15.0-rc1\jackson-core-2.15.0-rc1.jar;C:\Users\Dimas Rizqi Suryana\.m2\repository\com\fasterxml\jackson\core\jackson-databind\2.15.0-rc1\jackson-databind-2.15.0-rc1.jar;C:\Users\Dimas Rizqi Suryana\.m2\repository\com\fasterxml\jackson\core\jackson-annotations\2.15.0-rc1\jackson-annotations-2.15.0-rc1.jar;C:\Users\Dimas Rizqi Suryana\.m2\repository\commons-codec\commons-codec\1.15\commons-codec-1.15.jar;C:\Users\Dimas Rizqi Suryana\.m2\repository\commons-io\commons-io\2.11.0\commons-io-2.11.0.jar;C:\Users\Dimas Rizqi Suryana\.m2\repository\org\seleniumhq\selenium\selenium-java\4.8.1\selenium-java-4.8.1.jar;C:\Users\Dimas Rizqi Suryana\.m2\repository\org\seleniumhq\selenium\selenium-devtools-v108\4.8.1\selenium-devtools-v108-4.8.1.jar;C:\Users\Dimas Rizqi Suryana\.m2\repository\org\seleniumhq\selenium\selenium-devtools-v109\4.8.1\selenium-devtools-v109-4.8.1.jar;C:\Users\Dimas Rizqi Suryana\.m2\repository\org\seleniumhq\selenium\selenium-devtools-v110\4.8.1\selenium-devtools-v110-4.8.1.jar;C:\Users\Dimas Rizqi Suryana\.m2\repository\org\seleniumhq\selenium\selenium-devtools-v85\4.8.1\selenium-devtools-v85-4.8.1.jar;C:\Users\Dimas Rizqi Suryana\.m2\repository\org\seleniumhq\selenium\selenium-remote-driver\4.8.1\selenium-remote-driver-4.8.1.jar;C:\Users\Dimas Rizqi Suryana\.m2\repository\com\beust\jcommander\1.82\jcommander-1.82.jar;C:\Users\Dimas Rizqi Suryana\.m2\repository\io\netty\netty-buffer\4.1.87.Final\netty-buffer-4.1.87.Final.jar;C:\Users\Dimas Rizqi Suryana\.m2\repository\io\netty\netty-codec-http\4.1.87.Final\netty-codec-http-4.1.87.Final.jar;C:\Users\Dimas Rizqi Suryana\.m2\repository\io\netty\netty-codec\4.1.87.Final\netty-codec-4.1.87.Final.jar;C:\Users\Dimas Rizqi Suryana\.m2\repository\io\netty\netty-handler\4.1.87.Final\netty-handler-4.1.87.Final.jar;C:\Users\Dimas Rizqi Suryana\.m2\repository\io\netty\netty-common\4.1.87.Final\netty-common-4.1.87.Final.jar;C:\Users\Dimas Rizqi Suryana\.m2\repository\io\netty\netty-transport-classes-epoll\4.1.87.Final\netty-transport-classes-epoll-4.1.87.Final.jar;C:\Users\Dimas Rizqi Suryana\.m2\repository\io\netty\netty-transport-classes-kqueue\4.1.87.Final\netty-transport-classes-kqueue-4.1.87.Final.jar;C:\Users\Dimas Rizqi Suryana\.m2\repository\io\netty\netty-transport-native-epoll\4.1.87.Final\netty-transport-native-epoll-4.1.87.Final.jar;C:\Users\Dimas Rizqi Suryana\.m2\repository\io\netty\netty-transport-native-kqueue\4.1.87.Final\netty-transport-native-kqueue-4.1.87.Final.jar;C:\Users\Dimas Rizqi Suryana\.m2\repository\io\netty\netty-transport-native-unix-common\4.1.87.Final\netty-transport-native-unix-common-4.1.87.Final.jar;C:\Users\Dimas Rizqi Suryana\.m2\repository\io\netty\netty-transport\4.1.87.Final\netty-transport-4.1.87.Final.jar;C:\Users\Dimas Rizqi Suryana\.m2\repository\io\netty\netty-resolver\4.1.87.Final\netty-resolver-4.1.87.Final.jar;C:\Users\Dimas Rizqi Suryana\.m2\repository\io\opentelemetry\opentelemetry-api\1.22.0\opentelemetry-api-1.22.0.jar;C:\Users\Dimas Rizqi Suryana\.m2\repository\io\opentelemetry\opentelemetry-context\1.22.0\opentelemetry-context-1.22.0.jar;C:\Users\Dimas Rizqi Suryana\.m2\repository\io\opentelemetry\opentelemetry-exporter-logging\1.22.0\opentelemetry-exporter-logging-1.22.0.jar;C:\Users\Dimas Rizqi Suryana\.m2\repository\io\opentelemetry\opentelemetry-sdk-metrics\1.22.0\opentelemetry-sdk-metrics-1.22.0.jar;C:\Users\Dimas Rizqi Suryana\.m2\repository\io\opentelemetry\opentelemetry-sdk-logs\1.22.0-alpha\opentelemetry-sdk-logs-1.22.0-alpha.jar;C:\Users\Dimas Rizqi Suryana\.m2\repository\io\opentelemetry\opentelemetry-api-logs\1.22.0-alpha\opentelemetry-api-logs-1.22.0-alpha.jar;C:\Users\Dimas Rizqi Suryana\.m2\repository\io\opentelemetry\opentelemetry-sdk-common\1.22.0\opentelemetry-sdk-common-1.22.0.jar;C:\Users\Dimas Rizqi Suryana\.m2\repository\io\opentelemetry\opentelemetry-sdk-extension-autoconfigure-spi\1.22.0\opentelemetry-sdk-extension-autoconfigure-spi-1.22.0.jar;C:\Users\Dimas Rizqi Suryana\.m2\repository\io\opentelemetry\opentelemetry-sdk-extension-autoconfigure\1.22.0-alpha\opentelemetry-sdk-extension-autoconfigure-1.22.0-alpha.jar;C:\Users\Dimas Rizqi Suryana\.m2\repository\io\opentelemetry\opentelemetry-sdk-trace\1.22.0\opentelemetry-sdk-trace-1.22.0.jar;C:\Users\Dimas Rizqi Suryana\.m2\repository\io\opentelemetry\opentelemetry-sdk\1.22.0\opentelemetry-sdk-1.22.0.jar;C:\Users\Dimas Rizqi Suryana\.m2\repository\io\opentelemetry\opentelemetry-semconv\1.22.0-alpha\opentelemetry-semconv-1.22.0-alpha.jar;C:\Users\Dimas Rizqi Suryana\.m2\repository\io\ous\jtoml\2.0.0\jtoml-2.0.0.jar;C:\Users\Dimas Rizqi Suryana\.m2\repository\org\apache\commons\commons-exec\1.3\commons-exec-1.3.jar;C:\Users\Dimas Rizqi Suryana\.m2\repository\org\asynchttpclient\async-http-client\2.12.3\async-http-client-2.12.3.jar;C:\Users\Dimas Rizqi Suryana\.m2\repository\org\asynchttpclient\async-http-client-netty-utils\2.12.3\async-http-client-netty-utils-2.12.3.jar;C:\Users\Dimas Rizqi Suryana\.m2\repository\io\netty\netty-codec-socks\4.1.60.Final\netty-codec-socks-4.1.60.Final.jar;C:\Users\Dimas Rizqi Suryana\.m2\repository\io\netty\netty-handler-proxy\4.1.60.Final\netty-handler-proxy-4.1.60.Final.jar;C:\Users\Dimas Rizqi Suryana\.m2\repository\io\netty\netty-transport-native-epoll\4.1.60.Final\netty-transport-native-epoll-4.1.60.Final-linux-x86_64.jar;C:\Users\Dimas Rizqi Suryana\.m2\repository\io\netty\netty-transport-native-kqueue\4.1.60.Final\netty-transport-native-kqueue-4.1.60.Final-osx-x86_64.jar;C:\Users\Dimas Rizqi Suryana\.m2\repository\org\reactivestreams\reactive-streams\1.0.3\reactive-streams-1.0.3.jar;C:\Users\Dimas Rizqi Suryana\.m2\repository\com\typesafe\netty\netty-reactive-streams\2.0.4\netty-reactive-streams-2.0.4.jar;C:\Users\Dimas Rizqi Suryana\.m2\repository\org\seleniumhq\selenium\selenium-manager\4.8.1\selenium-manager-4.8.1.jar;C:\Users\Dimas Rizqi Suryana\.m2\repository\org\seleniumhq\selenium\selenium-safari-driver\4.8.1\selenium-safari-driver-4.8.1.jar;C:\Users\Dimas Rizqi Suryana\.m2\repository\org\seleniumhq\selenium\selenium-api\4.8.1\selenium-api-4.8.1.jar;C:\Users\Dimas Rizqi Suryana\.m2\repository\org\seleniumhq\selenium\selenium-support\4.8.1\selenium-support-4.8.1.jar;C:\Users\Dimas Rizqi Suryana\.m2\repository\com\google\auto\service\auto-service-annotations\1.0.1\auto-service-annotations-1.0.1.jar;C:\Users\Dimas Rizqi Suryana\.m2\repository\com\google\auto\service\auto-service\1.0.1\auto-service-1.0.1.jar;C:\Users\Dimas Rizqi Suryana\.m2\repository\com\google\auto\auto-common\1.2\auto-common-1.2.jar;C:\Users\Dimas Rizqi Suryana\.m2\repository\org\seleniumhq\selenium\selenium-json\4.8.1\selenium-json-4.8.1.jar;C:\Users\Dimas Rizqi Suryana\.m2\repository\org\seleniumhq\selenium\selenium-chrome-driver\4.8.1\selenium-chrome-driver-4.8.1.jar;C:\Users\Dimas Rizqi Suryana\.m2\repository\org\seleniumhq\selenium\selenium-chromium-driver\4.8.1\selenium-chromium-driver-4.8.1.jar;C:\Users\Dimas Rizqi Suryana\.m2\repository\org\seleniumhq\selenium\selenium-firefox-driver\4.8.1\selenium-firefox-driver-4.8.1.jar;C:\Users\Dimas Rizqi Suryana\.m2\repository\org\seleniumhq\selenium\selenium-http\4.8.1\selenium-http-4.8.1.jar;C:\Users\Dimas Rizqi Suryana\.m2\repository\dev\failsafe\failsafe\3.3.0\failsafe-3.3.0.jar;C:\Users\Dimas Rizqi Suryana\.m2\repository\org\seleniumhq\selenium\selenium-edge-driver\4.8.1\selenium-edge-driver-4.8.1.jar;C:\Users\Dimas Rizqi Suryana\.m2\repository\org\seleniumhq\selenium\selenium-ie-driver\4.8.1\selenium-ie-driver-4.8.1.jar;C:\Users\Dimas Rizqi Suryana\.m2\repository\org\projectlombok\lombok\1.18.20\lombok-1.18.20.jar;C:\Users\Dimas Rizqi Suryana\.m2\repository\io\appium\java-client\8.3.0\java-client-8.3.0.jar;C:\Users\Dimas Rizqi Suryana\.m2\repository\commons-validator\commons-validator\1.7\commons-validator-1.7.jar;C:\Users\Dimas Rizqi Suryana\.m2\repository\commons-digester\commons-digester\2.1\commons-digester-2.1.jar;C:\Users\Dimas Rizqi Suryana\.m2\repository\net\sf\opencsv\opencsv\2.0\opencsv-2.0.jar;C:\Users\Dimas Rizqi Suryana\.m2\repository\commons-beanutils\commons-beanutils\1.9.4\commons-beanutils-1.9.4.jar;C:\Users\Dimas Rizqi Suryana\.m2\repository\org\apache\commons\commons-lang3\3.12.0\commons-lang3-3.12.0.jar;C:\Users\Dimas Rizqi Suryana\.m2\repository\commons-collections\commons-collections\3.2.2\commons-collections-3.2.2.jar;C:\Users\Dimas Rizqi Suryana\.m2\repository\org\fluentlenium\fluentlenium-core\0.10.2\fluentlenium-core-0.10.2.jar;C:\Users\Dimas Rizqi Suryana\.m2\repository\io\github\bonigarcia\webdrivermanager\5.3.0\webdrivermanager-5.3.0.jar;C:\Users\Dimas Rizqi Suryana\.m2\repository\com\github\docker-java\docker-java\3.2.13\docker-java-3.2.13.jar;C:\Users\Dimas Rizqi Suryana\.m2\repository\com\github\docker-java\docker-java-core\3.2.13\docker-java-core-3.2.13.jar;C:\Users\Dimas Rizqi Suryana\.m2\repository\com\github\docker-java\docker-java-api\3.2.13\docker-java-api-3.2.13.jar;C:\Users\Dimas Rizqi Suryana\.m2\repository\org\apache\commons\commons-compress\1.21\commons-compress-1.21.jar;C:\Users\Dimas Rizqi Suryana\.m2\repository\org\bouncycastle\bcpkix-jdk15on\1.64\bcpkix-jdk15on-1.64.jar;C:\Users\Dimas Rizqi Suryana\.m2\repository\org\bouncycastle\bcprov-jdk15on\1.64\bcprov-jdk15on-1.64.jar;C:\Users\Dimas Rizqi Suryana\.m2\repository\org\slf4j\jcl-over-slf4j\1.7.30\jcl-over-slf4j-1.7.30.jar;C:\Users\Dimas Rizqi Suryana\.m2\repository\com\github\docker-java\docker-java-transport-httpclient5\3.2.13\docker-java-transport-httpclient5-3.2.13.jar;C:\Users\Dimas Rizqi Suryana\.m2\repository\com\github\docker-java\docker-java-transport\3.2.13\docker-java-transport-3.2.13.jar;C:\Users\Dimas Rizqi Suryana\.m2\repository\net\java\dev\jna\jna\5.8.0\jna-5.8.0.jar;C:\Users\Dimas Rizqi Suryana\.m2\repository\org\brotli\dec\0.1.2\dec-0.1.2.jar;C:\Users\Dimas Rizqi Suryana\.m2\repository\org\apache\httpcomponents\client5\httpclient5\5.1.3\httpclient5-5.1.3.jar;C:\Users\Dimas Rizqi Suryana\.m2\repository\org\apache\httpcomponents\core5\httpcore5\5.1.3\httpcore5-5.1.3.jar;C:\Users\Dimas Rizqi Suryana\.m2\repository\org\apache\httpcomponents\core5\httpcore5-h2\5.1.3\httpcore5-h2-5.1.3.jar;C:\Users\Dimas Rizqi Suryana\.m2\repository\com\jhlabs\filters\2.0.235\filters-2.0.235.jar;C:\Users\Dimas Rizqi Suryana\.m2\repository\com\paulhammant\ngwebdriver\1.1.6\ngwebdriver-1.1.6.jar;C:\Users\Dimas Rizqi Suryana\.m2\repository\joda-time\joda-time\2.12.2\joda-time-2.12.2.jar;C:\Users\Dimas Rizqi Suryana\.m2\repository\org\hamcrest\hamcrest\2.2\hamcrest-2.2.jar;C:\Users\Dimas Rizqi Suryana\.m2\repository\com\google\jimfs\jimfs\1.2\jimfs-1.2.jar;C:\Users\Dimas Rizqi Suryana\.m2\repository\org\mockito\mockito-core\3.3.3\mockito-core-3.3.3.jar;C:\Users\Dimas Rizqi Suryana\.m2\repository\javax\xml\bind\jaxb-api\2.3.1\jaxb-api-2.3.1.jar;C:\Users\Dimas Rizqi Suryana\.m2\repository\javax\activation\javax.activation-api\1.2.0\javax.activation-api-1.2.0.jar;C:\Users\Dimas Rizqi Suryana\.m2\repository\com\sun\xml\bind\jaxb-core\2.3.0.1\jaxb-core-2.3.0.1.jar;C:\Users\Dimas Rizqi Suryana\.m2\repository\com\sun\xml\bind\jaxb-impl\2.3.3\jaxb-impl-2.3.3.jar;C:\Users\Dimas Rizqi Suryana\.m2\repository\jakarta\xml\bind\jakarta.xml.bind-api\2.3.3\jakarta.xml.bind-api-2.3.3.jar;C:\Users\Dimas Rizqi Suryana\.m2\repository\com\sun\activation\jakarta.activation\1.2.2\jakarta.activation-1.2.2.jar;C:\Users\Dimas Rizqi Suryana\.m2\repository\javax\activation\activation\1.1.1\activation-1.1.1.jar;C:\Users\Dimas Rizqi Suryana\.m2\repository\net\serenity-bdd\serenity-cucumber\3.6.21\serenity-cucumber-3.6.21.jar;C:\Users\Dimas Rizqi Suryana\.m2\repository\io\cucumber\cucumber-core\7.11.0\cucumber-core-7.11.0.jar;C:\Users\Dimas Rizqi Suryana\.m2\repository\io\cucumber\cucumber-gherkin\7.11.0\cucumber-gherkin-7.11.0.jar;C:\Users\Dimas Rizqi Suryana\.m2\repository\io\cucumber\cucumber-gherkin-messages\7.11.0\cucumber-gherkin-messages-7.11.0.jar;C:\Users\Dimas Rizqi Suryana\.m2\repository\io\cucumber\gherkin\26.0.3\gherkin-26.0.3.jar;C:\Users\Dimas Rizqi Suryana\.m2\repository\io\cucumber\messages\21.0.1\messages-21.0.1.jar;C:\Users\Dimas Rizqi Suryana\.m2\repository\io\cucumber\tag-expressions\5.0.1\tag-expressions-5.0.1.jar;C:\Users\Dimas Rizqi Suryana\.m2\repository\io\cucumber\cucumber-expressions\16.1.1\cucumber-expressions-16.1.1.jar;C:\Users\Dimas Rizqi Suryana\.m2\repository\io\cucumber\datatable\7.11.0\datatable-7.11.0.jar;C:\Users\Dimas Rizqi Suryana\.m2\repository\io\cucumber\cucumber-plugin\7.11.0\cucumber-plugin-7.11.0.jar;C:\Users\Dimas Rizqi Suryana\.m2\repository\io\cucumber\docstring\7.11.0\docstring-7.11.0.jar;C:\Users\Dimas Rizqi Suryana\.m2\repository\io\cucumber\html-formatter\20.2.1\html-formatter-20.2.1.jar;C:\Users\Dimas Rizqi Suryana\.m2\repository\io\cucumber\junit-xml-formatter\0.1.0\junit-xml-formatter-0.1.0.jar;C:\Users\Dimas Rizqi Suryana\.m2\repository\io\cucumber\ci-environment\9.1.0\ci-environment-9.1.0.jar;C:\Users\Dimas Rizqi Suryana\.m2\repository\io\cucumber\cucumber-java\7.11.0\cucumber-java-7.11.0.jar;C:\Users\Dimas Rizqi Suryana\.m2\repository\io\cucumber\cucumber-junit\7.11.0\cucumber-junit-7.11.0.jar;C:\Users\Dimas Rizqi Suryana\.m2\repository\org\apache\commons\commons-csv\1.5\commons-csv-1.5.jar;C:\Users\Dimas Rizqi Suryana\.m2\repository\net\serenity-bdd\serenity-screenplay\3.6.21\serenity-screenplay-3.6.21.jar;C:\Users\Dimas Rizqi Suryana\.m2\repository\net\serenity-bdd\serenity-screenplay-webdriver\3.6.21\serenity-screenplay-webdriver-3.6.21.jar;C:\Users\Dimas Rizqi Suryana\.m2\repository\net\serenity-bdd\serenity-ensure\3.6.21\serenity-ensure-3.6.21.jar;C:\Users\Dimas Rizqi Suryana\.m2\repository\net\serenity-bdd\serenity-junit\3.6.21\serenity-junit-3.6.21.jar;C:\Users\Dimas Rizqi Suryana\.m2\repository\org\jetbrains\kotlin\kotlin-stdlib\1.8.10\kotlin-stdlib-1.8.10.jar;C:\Users\Dimas Rizqi Suryana\.m2\repository\org\jetbrains\kotlin\kotlin-stdlib-common\1.8.10\kotlin-stdlib-common-1.8.10.jar;C:\Users\Dimas Rizqi Suryana\.m2\repository\org\jetbrains\annotations\13.0\annotations-13.0.jar;C:\Users\Dimas Rizqi Suryana\.m2\repository\org\junit\platform\junit-platform-launcher\1.8.2\junit-platform-launcher-1.8.2.jar;C:\Users\Dimas Rizqi Suryana\.m2\repository\org\junit\platform\junit-platform-engine\1.8.2\junit-platform-engine-1.8.2.jar;C:\Users\Dimas Rizqi Suryana\.m2\repository\org\junit\platform\junit-platform-commons\1.8.2\junit-platform-commons-1.8.2.jar;C:\Users\Dimas Rizqi Suryana\.m2\repository\org\apiguardian\apiguardian-api\1.1.2\apiguardian-api-1.1.2.jar;C:\Users\Dimas Rizqi Suryana\.m2\repository\org\junit\jupiter\junit-jupiter-engine\5.8.2\junit-jupiter-engine-5.8.2.jar;C:\Users\Dimas Rizqi Suryana\.m2\repository\org\junit\jupiter\junit-jupiter-api\5.8.2\junit-jupiter-api-5.8.2.jar;C:\Users\Dimas Rizqi Suryana\.m2\repository\org\junit\vintage\junit-vintage-engine\5.8.2\junit-vintage-engine-5.8.2.jar;C:\Users\Dimas Rizqi Suryana\.m2\repository\junit\junit\4.13.2\junit-4.13.2.jar;C:\Users\Dimas Rizqi Suryana\.m2\repository\org\hamcrest\hamcrest-core\1.3\hamcrest-core-1.3.jar;C:\Users\Dimas Rizqi Suryana\.m2\repository\ch\qos\logback\logback-classic\1.2.10\logback-classic-1.2.10.jar;C:\Users\Dimas Rizqi Suryana\.m2\repository\ch\qos\logback\logback-core\1.2.10\logback-core-1.2.10.jar;C:\Users\Dimas Rizqi Suryana\.m2\repository\org\slf4j\slf4j-api\1.7.32\slf4j-api-1.7.32.jar;C:\Users\Dimas Rizqi Suryana\.m2\repository\org\assertj\assertj-core\3.23.1\assertj-core-3.23.1.jar;C:\Users\Dimas Rizqi Suryana\.m2\repository\net\bytebuddy\byte-buddy\1.12.10\byte-buddy-1.12.10.jar;C:\Users\Dimas Rizqi Suryana\.m2\repository\com\googlecode\json-simple\json-simple\1.1.1\json-simple-1.1.1.jar;"/>
    <property name="sun.cpu.endian" value="little"/>
    <property name="user.home" value="C:\Users\Dimas Rizqi Suryana"/>
    <property name="user.language" value="en"/>
    <property name="java.specification.vendor" value="Oracle Corporation"/>
    <property name="jdk.module.path" value="C:\Users\Dimas Rizqi Suryana\Mini_Project2\target\minpro-1.0-SNAPSHOT.jar"/>
    <property name="java.version.date" value="2022-08-18"/>
    <property name="java.home" value="C:\Program Files\Java\jdk-18.0.2.1"/>
    <property name="file.separator" value="\"/>
    <property name="basedir" value="C:\Users\Dimas Rizqi Suryana\Mini_Project2"/>
    <property name="java.vm.compressedOopsMode" value="32-bit"/>
    <property name="line.separator" value="&#10;"/>
    <property name="java.vm.specification.vendor" value="Oracle Corporation"/>
    <property name="java.specification.name" value="Java Platform API Specification"/>
    <property name="surefire.real.class.path" value="C:\Users\Dimas Rizqi Suryana\.m2\repository\org\apache\maven\surefire\surefire-booter\3.0.0-M5\surefire-booter-3.0.0-M5.jar;C:\Users\Dimas Rizqi Suryana\.m2\repository\org\apache\maven\surefire\surefire-api\3.0.0-M5\surefire-api-3.0.0-M5.jar;C:\Users\Dimas Rizqi Suryana\.m2\repository\org\apache\maven\surefire\surefire-logger-api\3.0.0-M5\surefire-logger-api-3.0.0-M5.jar;C:\Users\Dimas Rizqi Suryana\.m2\repository\org\apache\maven\surefire\surefire-shared-utils\3.0.0-M4\surefire-shared-utils-3.0.0-M4.jar;C:\Users\Dimas Rizqi Suryana\.m2\repository\org\apache\maven\surefire\surefire-extensions-spi\3.0.0-M5\surefire-extensions-spi-3.0.0-M5.jar;C:\Users\Dimas Rizqi Suryana\Mini_Project2\target\test-classes;C:\Users\Dimas Rizqi Suryana\.m2\repository\net\serenity-bdd\serenity-rest-assured\3.6.22\serenity-rest-assured-3.6.22.jar;C:\Users\Dimas Rizqi Suryana\.m2\repository\org\apache\httpcomponents\httpclient\4.5.13\httpclient-4.5.13.jar;C:\Users\Dimas Rizqi Suryana\.m2\repository\org\apache\httpcomponents\httpcore\4.4.13\httpcore-4.4.13.jar;C:\Users\Dimas Rizqi Suryana\.m2\repository\commons-logging\commons-logging\1.2\commons-logging-1.2.jar;C:\Users\Dimas Rizqi Suryana\.m2\repository\io\rest-assured\rest-assured\5.3.0\rest-assured-5.3.0.jar;C:\Users\Dimas Rizqi Suryana\.m2\repository\org\apache\httpcomponents\httpmime\4.5.13\httpmime-4.5.13.jar;C:\Users\Dimas Rizqi Suryana\.m2\repository\org\ccil\cowan\tagsoup\tagsoup\1.2.1\tagsoup-1.2.1.jar;C:\Users\Dimas Rizqi Suryana\.m2\repository\io\rest-assured\json-path\5.3.0\json-path-5.3.0.jar;C:\Users\Dimas Rizqi Suryana\.m2\repository\io\rest-assured\rest-assured-common\5.3.0\rest-assured-common-5.3.0.jar;C:\Users\Dimas Rizqi Suryana\.m2\repository\io\rest-assured\xml-path\5.3.0\xml-path-5.3.0.jar;C:\Users\Dimas Rizqi Suryana\.m2\repository\org\apache\groovy\groovy-json\4.0.10\groovy-json-4.0.10.jar;C:\Users\Dimas Rizqi Suryana\.m2\repository\org\apache\groovy\groovy-xml\4.0.10\groovy-xml-4.0.10.jar;C:\Users\Dimas Rizqi Suryana\.m2\repository\org\apache\groovy\groovy\4.0.10\groovy-4.0.10.jar;C:\Users\Dimas Rizqi Suryana\.m2\repository\org\opentest4j\opentest4j\1.2.0\opentest4j-1.2.0.jar;C:\Users\Dimas Rizqi Suryana\.m2\repository\net\serenity-bdd\serenity-core\3.6.21\serenity-core-3.6.21.jar;C:\Users\Dimas Rizqi Suryana\.m2\repository\net\serenity-bdd\serenity-model\3.6.21\serenity-model-3.6.21.jar;C:\Users\Dimas Rizqi Suryana\.m2\repository\org\apache\commons\commons-text\1.10.0\commons-text-1.10.0.jar;C:\Users\Dimas Rizqi Suryana\.m2\repository\commons-net\commons-net\3.9.0\commons-net-3.9.0.jar;C:\Users\Dimas Rizqi Suryana\.m2\repository\com\google\guava\guava\31.1-jre\guava-31.1-jre.jar;C:\Users\Dimas Rizqi Suryana\.m2\repository\com\google\guava\failureaccess\1.0.1\failureaccess-1.0.1.jar;C:\Users\Dimas Rizqi Suryana\.m2\repository\com\google\guava\listenablefuture\9999.0-empty-to-avoid-conflict-with-guava\listenablefuture-9999.0-empty-to-avoid-conflict-with-guava.jar;C:\Users\Dimas Rizqi Suryana\.m2\repository\com\google\code\findbugs\jsr305\3.0.2\jsr305-3.0.2.jar;C:\Users\Dimas Rizqi Suryana\.m2\repository\org\checkerframework\checker-qual\3.12.0\checker-qual-3.12.0.jar;C:\Users\Dimas Rizqi Suryana\.m2\repository\com\google\errorprone\error_prone_annotations\2.11.0\error_prone_annotations-2.11.0.jar;C:\Users\Dimas Rizqi Suryana\.m2\repository\com\google\j2objc\j2objc-annotations\1.3\j2objc-annotations-1.3.jar;C:\Users\Dimas Rizqi Suryana\.m2\repository\com\google\inject\guice\5.1.0\guice-5.1.0.jar;C:\Users\Dimas Rizqi Suryana\.m2\repository\javax\inject\javax.inject\1\javax.inject-1.jar;C:\Users\Dimas Rizqi Suryana\.m2\repository\aopalliance\aopalliance\1.0\aopalliance-1.0.jar;C:\Users\Dimas Rizqi Suryana\.m2\repository\org\jsoup\jsoup\1.14.3\jsoup-1.14.3.jar;C:\Users\Dimas Rizqi Suryana\.m2\repository\com\thoughtworks\xstream\xstream\1.4.20\xstream-1.4.20.jar;C:\Users\Dimas Rizqi Suryana\.m2\repository\io\github\x-stream\mxparser\1.2.2\mxparser-1.2.2.jar;C:\Users\Dimas Rizqi Suryana\.m2\repository\xmlpull\xmlpull\1.1.3.1\xmlpull-1.1.3.1.jar;C:\Users\Dimas Rizqi Suryana\.m2\repository\com\typesafe\config\1.4.2\config-1.4.2.jar;C:\Users\Dimas Rizqi Suryana\.m2\repository\org\imgscalr\imgscalr-lib\4.2\imgscalr-lib-4.2.jar;C:\Users\Dimas Rizqi Suryana\.m2\repository\org\awaitility\awaitility\4.2.0\awaitility-4.2.0.jar;C:\Users\Dimas Rizqi Suryana\.m2\repository\org\freemarker\freemarker\2.3.31\freemarker-2.3.31.jar;C:\Users\Dimas Rizqi Suryana\.m2\repository\io\github\classgraph\classgraph\4.8.138\classgraph-4.8.138.jar;C:\Users\Dimas Rizqi Suryana\.m2\repository\net\sourceforge\jexcelapi\jxl\2.6.12\jxl-2.6.12.jar;C:\Users\Dimas Rizqi Suryana\.m2\repository\net\bytebuddy\byte-buddy-agent\1.14.2\byte-buddy-agent-1.14.2.jar;C:\Users\Dimas Rizqi Suryana\.m2\repository\org\objenesis\objenesis\3.3\objenesis-3.3.jar;C:\Users\Dimas Rizqi Suryana\.m2\repository\net\serenity-bdd\serenity-reports\3.6.21\serenity-reports-3.6.21.jar;C:\Users\Dimas Rizqi Suryana\.m2\repository\net\serenity-bdd\serenity-stats\3.6.21\serenity-stats-3.6.21.jar;C:\Users\Dimas Rizqi Suryana\.m2\repository\net\serenity-bdd\serenity-reports-configuration\3.6.21\serenity-reports-configuration-3.6.21.jar;C:\Users\Dimas Rizqi Suryana\.m2\repository\com\vladsch\flexmark\flexmark-all\0.62.2\flexmark-all-0.62.2.jar;C:\Users\Dimas Rizqi Suryana\.m2\repository\com\vladsch\flexmark\flexmark\0.62.2\flexmark-0.62.2.jar;C:\Users\Dimas Rizqi Suryana\.m2\repository\com\vladsch\flexmark\flexmark-ext-abbreviation\0.62.2\flexmark-ext-abbreviation-0.62.2.jar;C:\Users\Dimas Rizqi Suryana\.m2\repository\com\vladsch\flexmark\flexmark-util\0.62.2\flexmark-util-0.62.2.jar;C:\Users\Dimas Rizqi Suryana\.m2\repository\com\vladsch\flexmark\flexmark-ext-admonition\0.62.2\flexmark-ext-admonition-0.62.2.jar;C:\Users\Dimas Rizqi Suryana\.m2\repository\com\vladsch\flexmark\flexmark-ext-anchorlink\0.62.2\flexmark-ext-anchorlink-0.62.2.jar;C:\Users\Dimas Rizqi Suryana\.m2\repository\com\vladsch\flexmark\flexmark-ext-aside\0.62.2\flexmark-ext-aside-0.62.2.jar;C:\Users\Dimas Rizqi Suryana\.m2\repository\com\vladsch\flexmark\flexmark-ext-attributes\0.62.2\flexmark-ext-attributes-0.62.2.jar;C:\Users\Dimas Rizqi Suryana\.m2\repository\com\vladsch\flexmark\flexmark-ext-autolink\0.62.2\flexmark-ext-autolink-0.62.2.jar;C:\Users\Dimas Rizqi Suryana\.m2\repository\org\nibor\autolink\autolink\0.6.0\autolink-0.6.0.jar;C:\Users\Dimas Rizqi Suryana\.m2\repository\com\vladsch\flexmark\flexmark-ext-definition\0.62.2\flexmark-ext-definition-0.62.2.jar;C:\Users\Dimas Rizqi Suryana\.m2\repository\com\vladsch\flexmark\flexmark-ext-emoji\0.62.2\flexmark-ext-emoji-0.62.2.jar;C:\Users\Dimas Rizqi Suryana\.m2\repository\com\vladsch\flexmark\flexmark-ext-enumerated-reference\0.62.2\flexmark-ext-enumerated-reference-0.62.2.jar;C:\Users\Dimas Rizqi Suryana\.m2\repository\com\vladsch\flexmark\flexmark-ext-escaped-character\0.62.2\flexmark-ext-escaped-character-0.62.2.jar;C:\Users\Dimas Rizqi Suryana\.m2\repository\com\vladsch\flexmark\flexmark-ext-footnotes\0.62.2\flexmark-ext-footnotes-0.62.2.jar;C:\Users\Dimas Rizqi Suryana\.m2\repository\com\vladsch\flexmark\flexmark-ext-gfm-issues\0.62.2\flexmark-ext-gfm-issues-0.62.2.jar;C:\Users\Dimas Rizqi Suryana\.m2\repository\com\vladsch\flexmark\flexmark-ext-gfm-strikethrough\0.62.2\flexmark-ext-gfm-strikethrough-0.62.2.jar;C:\Users\Dimas Rizqi Suryana\.m2\repository\com\vladsch\flexmark\flexmark-ext-gfm-tasklist\0.62.2\flexmark-ext-gfm-tasklist-0.62.2.jar;C:\Users\Dimas Rizqi Suryana\.m2\repository\com\vladsch\flexmark\flexmark-ext-gfm-users\0.62.2\flexmark-ext-gfm-users-0.62.2.jar;C:\Users\Dimas Rizqi Suryana\.m2\repository\com\vladsch\flexmark\flexmark-ext-gitlab\0.62.2\flexmark-ext-gitlab-0.62.2.jar;C:\Users\Dimas Rizqi Suryana\.m2\repository\com\vladsch\flexmark\flexmark-ext-jekyll-front-matter\0.62.2\flexmark-ext-jekyll-front-matter-0.62.2.jar;C:\Users\Dimas Rizqi Suryana\.m2\repository\com\vladsch\flexmark\flexmark-ext-jekyll-tag\0.62.2\flexmark-ext-jekyll-tag-0.62.2.jar;C:\Users\Dimas Rizqi Suryana\.m2\repository\com\vladsch\flexmark\flexmark-ext-media-tags\0.62.2\flexmark-ext-media-tags-0.62.2.jar;C:\Users\Dimas Rizqi Suryana\.m2\repository\com\vladsch\flexmark\flexmark-ext-macros\0.62.2\flexmark-ext-macros-0.62.2.jar;C:\Users\Dimas Rizqi Suryana\.m2\repository\com\vladsch\flexmark\flexmark-ext-ins\0.62.2\flexmark-ext-ins-0.62.2.jar;C:\Users\Dimas Rizqi Suryana\.m2\repository\com\vladsch\flexmark\flexmark-ext-xwiki-macros\0.62.2\flexmark-ext-xwiki-macros-0.62.2.jar;C:\Users\Dimas Rizqi Suryana\.m2\repository\com\vladsch\flexmark\flexmark-ext-superscript\0.62.2\flexmark-ext-superscript-0.62.2.jar;C:\Users\Dimas Rizqi Suryana\.m2\repository\com\vladsch\flexmark\flexmark-ext-tables\0.62.2\flexmark-ext-tables-0.62.2.jar;C:\Users\Dimas Rizqi Suryana\.m2\repository\com\vladsch\flexmark\flexmark-ext-toc\0.62.2\flexmark-ext-toc-0.62.2.jar;C:\Users\Dimas Rizqi Suryana\.m2\repository\com\vladsch\flexmark\flexmark-ext-typographic\0.62.2\flexmark-ext-typographic-0.62.2.jar;C:\Users\Dimas Rizqi Suryana\.m2\repository\com\vladsch\flexmark\flexmark-ext-wikilink\0.62.2\flexmark-ext-wikilink-0.62.2.jar;C:\Users\Dimas Rizqi Suryana\.m2\repository\com\vladsch\flexmark\flexmark-ext-yaml-front-matter\0.62.2\flexmark-ext-yaml-front-matter-0.62.2.jar;C:\Users\Dimas Rizqi Suryana\.m2\repository\com\vladsch\flexmark\flexmark-ext-youtube-embedded\0.62.2\flexmark-ext-youtube-embedded-0.62.2.jar;C:\Users\Dimas Rizqi Suryana\.m2\repository\com\vladsch\flexmark\flexmark-html2md-converter\0.62.2\flexmark-html2md-converter-0.62.2.jar;C:\Users\Dimas Rizqi Suryana\.m2\repository\com\vladsch\flexmark\flexmark-jira-converter\0.62.2\flexmark-jira-converter-0.62.2.jar;C:\Users\Dimas Rizqi Suryana\.m2\repository\com\vladsch\flexmark\flexmark-pdf-converter\0.62.2\flexmark-pdf-converter-0.62.2.jar;C:\Users\Dimas Rizqi Suryana\.m2\repository\com\openhtmltopdf\openhtmltopdf-core\1.0.0\openhtmltopdf-core-1.0.0.jar;C:\Users\Dimas Rizqi Suryana\.m2\repository\com\openhtmltopdf\openhtmltopdf-pdfbox\1.0.0\openhtmltopdf-pdfbox-1.0.0.jar;C:\Users\Dimas Rizqi Suryana\.m2\repository\org\apache\pdfbox\pdfbox\2.0.16\pdfbox-2.0.16.jar;C:\Users\Dimas Rizqi Suryana\.m2\repository\org\apache\pdfbox\fontbox\2.0.16\fontbox-2.0.16.jar;C:\Users\Dimas Rizqi Suryana\.m2\repository\org\apache\pdfbox\xmpbox\2.0.16\xmpbox-2.0.16.jar;C:\Users\Dimas Rizqi Suryana\.m2\repository\de\rototor\pdfbox\graphics2d\0.24\graphics2d-0.24.jar;C:\Users\Dimas Rizqi Suryana\.m2\repository\com\openhtmltopdf\openhtmltopdf-rtl-support\1.0.0\openhtmltopdf-rtl-support-1.0.0.jar;C:\Users\Dimas Rizqi Suryana\.m2\repository\com\openhtmltopdf\openhtmltopdf-jsoup-dom-converter\1.0.0\openhtmltopdf-jsoup-dom-converter-1.0.0.jar;C:\Users\Dimas Rizqi Suryana\.m2\repository\com\vladsch\flexmark\flexmark-profile-pegdown\0.62.2\flexmark-profile-pegdown-0.62.2.jar;C:\Users\Dimas Rizqi Suryana\.m2\repository\com\vladsch\flexmark\flexmark-util-ast\0.62.2\flexmark-util-ast-0.62.2.jar;C:\Users\Dimas Rizqi Suryana\.m2\repository\com\vladsch\flexmark\flexmark-util-builder\0.62.2\flexmark-util-builder-0.62.2.jar;C:\Users\Dimas Rizqi Suryana\.m2\repository\com\vladsch\flexmark\flexmark-util-collection\0.62.2\flexmark-util-collection-0.62.2.jar;C:\Users\Dimas Rizqi Suryana\.m2\repository\com\vladsch\flexmark\flexmark-util-data\0.62.2\flexmark-util-data-0.62.2.jar;C:\Users\Dimas Rizqi Suryana\.m2\repository\com\vladsch\flexmark\flexmark-util-dependency\0.62.2\flexmark-util-dependency-0.62.2.jar;C:\Users\Dimas Rizqi Suryana\.m2\repository\com\vladsch\flexmark\flexmark-util-format\0.62.2\flexmark-util-format-0.62.2.jar;C:\Users\Dimas Rizqi Suryana\.m2\repository\com\vladsch\flexmark\flexmark-util-html\0.62.2\flexmark-util-html-0.62.2.jar;C:\Users\Dimas Rizqi Suryana\.m2\repository\com\vladsch\flexmark\flexmark-util-misc\0.62.2\flexmark-util-misc-0.62.2.jar;C:\Users\Dimas Rizqi Suryana\.m2\repository\com\vladsch\flexmark\flexmark-util-options\0.62.2\flexmark-util-options-0.62.2.jar;C:\Users\Dimas Rizqi Suryana\.m2\repository\com\vladsch\flexmark\flexmark-util-sequence\0.62.2\flexmark-util-sequence-0.62.2.jar;C:\Users\Dimas Rizqi Suryana\.m2\repository\com\vladsch\flexmark\flexmark-util-visitor\0.62.2\flexmark-util-visitor-0.62.2.jar;C:\Users\Dimas Rizqi Suryana\.m2\repository\com\vladsch\flexmark\flexmark-youtrack-converter\0.62.2\flexmark-youtrack-converter-0.62.2.jar;C:\Users\Dimas Rizqi Suryana\.m2\repository\com\ibm\icu\icu4j\72.1\icu4j-72.1.jar;C:\Users\Dimas Rizqi Suryana\.m2\repository\es\nitaur\markdown\txtmark\0.16\txtmark-0.16.jar;C:\Users\Dimas Rizqi Suryana\.m2\repository\net\serenity-bdd\serenity-report-resources\3.6.21\serenity-report-resources-3.6.21.jar;C:\Users\Dimas Rizqi Suryana\.m2\repository\com\google\code\gson\gson\2.10.1\gson-2.10.1.jar;C:\Users\Dimas Rizqi Suryana\.m2\repository\com\fasterxml\jackson\core\jackson-core\2.15.0-rc1\jackson-core-2.15.0-rc1.jar;C:\Users\Dimas Rizqi Suryana\.m2\repository\com\fasterxml\jackson\core\jackson-databind\2.15.0-rc1\jackson-databind-2.15.0-rc1.jar;C:\Users\Dimas Rizqi Suryana\.m2\repository\com\fasterxml\jackson\core\jackson-annotations\2.15.0-rc1\jackson-annotations-2.15.0-rc1.jar;C:\Users\Dimas Rizqi Suryana\.m2\repository\commons-codec\commons-codec\1.15\commons-codec-1.15.jar;C:\Users\Dimas Rizqi Suryana\.m2\repository\commons-io\commons-io\2.11.0\commons-io-2.11.0.jar;C:\Users\Dimas Rizqi Suryana\.m2\repository\org\seleniumhq\selenium\selenium-java\4.8.1\selenium-java-4.8.1.jar;C:\Users\Dimas Rizqi Suryana\.m2\repository\org\seleniumhq\selenium\selenium-devtools-v108\4.8.1\selenium-devtools-v108-4.8.1.jar;C:\Users\Dimas Rizqi Suryana\.m2\repository\org\seleniumhq\selenium\selenium-devtools-v109\4.8.1\selenium-devtools-v109-4.8.1.jar;C:\Users\Dimas Rizqi Suryana\.m2\repository\org\seleniumhq\selenium\selenium-devtools-v110\4.8.1\selenium-devtools-v110-4.8.1.jar;C:\Users\Dimas Rizqi Suryana\.m2\repository\org\seleniumhq\selenium\selenium-devtools-v85\4.8.1\selenium-devtools-v85-4.8.1.jar;C:\Users\Dimas Rizqi Suryana\.m2\repository\org\seleniumhq\selenium\selenium-remote-driver\4.8.1\selenium-remote-driver-4.8.1.jar;C:\Users\Dimas Rizqi Suryana\.m2\repository\com\beust\jcommander\1.82\jcommander-1.82.jar;C:\Users\Dimas Rizqi Suryana\.m2\repository\io\netty\netty-buffer\4.1.87.Final\netty-buffer-4.1.87.Final.jar;C:\Users\Dimas Rizqi Suryana\.m2\repository\io\netty\netty-codec-http\4.1.87.Final\netty-codec-http-4.1.87.Final.jar;C:\Users\Dimas Rizqi Suryana\.m2\repository\io\netty\netty-codec\4.1.87.Final\netty-codec-4.1.87.Final.jar;C:\Users\Dimas Rizqi Suryana\.m2\repository\io\netty\netty-handler\4.1.87.Final\netty-handler-4.1.87.Final.jar;C:\Users\Dimas Rizqi Suryana\.m2\repository\io\netty\netty-common\4.1.87.Final\netty-common-4.1.87.Final.jar;C:\Users\Dimas Rizqi Suryana\.m2\repository\io\netty\netty-transport-classes-epoll\4.1.87.Final\netty-transport-classes-epoll-4.1.87.Final.jar;C:\Users\Dimas Rizqi Suryana\.m2\repository\io\netty\netty-transport-classes-kqueue\4.1.87.Final\netty-transport-classes-kqueue-4.1.87.Final.jar;C:\Users\Dimas Rizqi Suryana\.m2\repository\io\netty\netty-transport-native-epoll\4.1.87.Final\netty-transport-native-epoll-4.1.87.Final.jar;C:\Users\Dimas Rizqi Suryana\.m2\repository\io\netty\netty-transport-native-kqueue\4.1.87.Final\netty-transport-native-kqueue-4.1.87.Final.jar;C:\Users\Dimas Rizqi Suryana\.m2\repository\io\netty\netty-transport-native-unix-common\4.1.87.Final\netty-transport-native-unix-common-4.1.87.Final.jar;C:\Users\Dimas Rizqi Suryana\.m2\repository\io\netty\netty-transport\4.1.87.Final\netty-transport-4.1.87.Final.jar;C:\Users\Dimas Rizqi Suryana\.m2\repository\io\netty\netty-resolver\4.1.87.Final\netty-resolver-4.1.87.Final.jar;C:\Users\Dimas Rizqi Suryana\.m2\repository\io\opentelemetry\opentelemetry-api\1.22.0\opentelemetry-api-1.22.0.jar;C:\Users\Dimas Rizqi Suryana\.m2\repository\io\opentelemetry\opentelemetry-context\1.22.0\opentelemetry-context-1.22.0.jar;C:\Users\Dimas Rizqi Suryana\.m2\repository\io\opentelemetry\opentelemetry-exporter-logging\1.22.0\opentelemetry-exporter-logging-1.22.0.jar;C:\Users\Dimas Rizqi Suryana\.m2\repository\io\opentelemetry\opentelemetry-sdk-metrics\1.22.0\opentelemetry-sdk-metrics-1.22.0.jar;C:\Users\Dimas Rizqi Suryana\.m2\repository\io\opentelemetry\opentelemetry-sdk-logs\1.22.0-alpha\opentelemetry-sdk-logs-1.22.0-alpha.jar;C:\Users\Dimas Rizqi Suryana\.m2\repository\io\opentelemetry\opentelemetry-api-logs\1.22.0-alpha\opentelemetry-api-logs-1.22.0-alpha.jar;C:\Users\Dimas Rizqi Suryana\.m2\repository\io\opentelemetry\opentelemetry-sdk-common\1.22.0\opentelemetry-sdk-common-1.22.0.jar;C:\Users\Dimas Rizqi Suryana\.m2\repository\io\opentelemetry\opentelemetry-sdk-extension-autoconfigure-spi\1.22.0\opentelemetry-sdk-extension-autoconfigure-spi-1.22.0.jar;C:\Users\Dimas Rizqi Suryana\.m2\repository\io\opentelemetry\opentelemetry-sdk-extension-autoconfigure\1.22.0-alpha\opentelemetry-sdk-extension-autoconfigure-1.22.0-alpha.jar;C:\Users\Dimas Rizqi Suryana\.m2\repository\io\opentelemetry\opentelemetry-sdk-trace\1.22.0\opentelemetry-sdk-trace-1.22.0.jar;C:\Users\Dimas Rizqi Suryana\.m2\repository\io\opentelemetry\opentelemetry-sdk\1.22.0\opentelemetry-sdk-1.22.0.jar;C:\Users\Dimas Rizqi Suryana\.m2\repository\io\opentelemetry\opentelemetry-semconv\1.22.0-alpha\opentelemetry-semconv-1.22.0-alpha.jar;C:\Users\Dimas Rizqi Suryana\.m2\repository\io\ous\jtoml\2.0.0\jtoml-2.0.0.jar;C:\Users\Dimas Rizqi Suryana\.m2\repository\org\apache\commons\commons-exec\1.3\commons-exec-1.3.jar;C:\Users\Dimas Rizqi Suryana\.m2\repository\org\asynchttpclient\async-http-client\2.12.3\async-http-client-2.12.3.jar;C:\Users\Dimas Rizqi Suryana\.m2\repository\org\asynchttpclient\async-http-client-netty-utils\2.12.3\async-http-client-netty-utils-2.12.3.jar;C:\Users\Dimas Rizqi Suryana\.m2\repository\io\netty\netty-codec-socks\4.1.60.Final\netty-codec-socks-4.1.60.Final.jar;C:\Users\Dimas Rizqi Suryana\.m2\repository\io\netty\netty-handler-proxy\4.1.60.Final\netty-handler-proxy-4.1.60.Final.jar;C:\Users\Dimas Rizqi Suryana\.m2\repository\io\netty\netty-transport-native-epoll\4.1.60.Final\netty-transport-native-epoll-4.1.60.Final-linux-x86_64.jar;C:\Users\Dimas Rizqi Suryana\.m2\repository\io\netty\netty-transport-native-kqueue\4.1.60.Final\netty-transport-native-kqueue-4.1.60.Final-osx-x86_64.jar;C:\Users\Dimas Rizqi Suryana\.m2\repository\org\reactivestreams\reactive-streams\1.0.3\reactive-streams-1.0.3.jar;C:\Users\Dimas Rizqi Suryana\.m2\repository\com\typesafe\netty\netty-reactive-streams\2.0.4\netty-reactive-streams-2.0.4.jar;C:\Users\Dimas Rizqi Suryana\.m2\repository\org\seleniumhq\selenium\selenium-manager\4.8.1\selenium-manager-4.8.1.jar;C:\Users\Dimas Rizqi Suryana\.m2\repository\org\seleniumhq\selenium\selenium-safari-driver\4.8.1\selenium-safari-driver-4.8.1.jar;C:\Users\Dimas Rizqi Suryana\.m2\repository\org\seleniumhq\selenium\selenium-api\4.8.1\selenium-api-4.8.1.jar;C:\Users\Dimas Rizqi Suryana\.m2\repository\org\seleniumhq\selenium\selenium-support\4.8.1\selenium-support-4.8.1.jar;C:\Users\Dimas Rizqi Suryana\.m2\repository\com\google\auto\service\auto-service-annotations\1.0.1\auto-service-annotations-1.0.1.jar;C:\Users\Dimas Rizqi Suryana\.m2\repository\com\google\auto\service\auto-service\1.0.1\auto-service-1.0.1.jar;C:\Users\Dimas Rizqi Suryana\.m2\repository\com\google\auto\auto-common\1.2\auto-common-1.2.jar;C:\Users\Dimas Rizqi Suryana\.m2\repository\org\seleniumhq\selenium\selenium-json\4.8.1\selenium-json-4.8.1.jar;C:\Users\Dimas Rizqi Suryana\.m2\repository\org\seleniumhq\selenium\selenium-chrome-driver\4.8.1\selenium-chrome-driver-4.8.1.jar;C:\Users\Dimas Rizqi Suryana\.m2\repository\org\seleniumhq\selenium\selenium-chromium-driver\4.8.1\selenium-chromium-driver-4.8.1.jar;C:\Users\Dimas Rizqi Suryana\.m2\repository\org\seleniumhq\selenium\selenium-firefox-driver\4.8.1\selenium-firefox-driver-4.8.1.jar;C:\Users\Dimas Rizqi Suryana\.m2\repository\org\seleniumhq\selenium\selenium-http\4.8.1\selenium-http-4.8.1.jar;C:\Users\Dimas Rizqi Suryana\.m2\repository\dev\failsafe\failsafe\3.3.0\failsafe-3.3.0.jar;C:\Users\Dimas Rizqi Suryana\.m2\repository\org\seleniumhq\selenium\selenium-edge-driver\4.8.1\selenium-edge-driver-4.8.1.jar;C:\Users\Dimas Rizqi Suryana\.m2\repository\org\seleniumhq\selenium\selenium-ie-driver\4.8.1\selenium-ie-driver-4.8.1.jar;C:\Users\Dimas Rizqi Suryana\.m2\repository\org\projectlombok\lombok\1.18.20\lombok-1.18.20.jar;C:\Users\Dimas Rizqi Suryana\.m2\repository\io\appium\java-client\8.3.0\java-client-8.3.0.jar;C:\Users\Dimas Rizqi Suryana\.m2\repository\commons-validator\commons-validator\1.7\commons-validator-1.7.jar;C:\Users\Dimas Rizqi Suryana\.m2\repository\commons-digester\commons-digester\2.1\commons-digester-2.1.jar;C:\Users\Dimas Rizqi Suryana\.m2\repository\net\sf\opencsv\opencsv\2.0\opencsv-2.0.jar;C:\Users\Dimas Rizqi Suryana\.m2\repository\commons-beanutils\commons-beanutils\1.9.4\commons-beanutils-1.9.4.jar;C:\Users\Dimas Rizqi Suryana\.m2\repository\org\apache\commons\commons-lang3\3.12.0\commons-lang3-3.12.0.jar;C:\Users\Dimas Rizqi Suryana\.m2\repository\commons-collections\commons-collections\3.2.2\commons-collections-3.2.2.jar;C:\Users\Dimas Rizqi Suryana\.m2\repository\org\fluentlenium\fluentlenium-core\0.10.2\fluentlenium-core-0.10.2.jar;C:\Users\Dimas Rizqi Suryana\.m2\repository\io\github\bonigarcia\webdrivermanager\5.3.0\webdrivermanager-5.3.0.jar;C:\Users\Dimas Rizqi Suryana\.m2\repository\com\github\docker-java\docker-java\3.2.13\docker-java-3.2.13.jar;C:\Users\Dimas Rizqi Suryana\.m2\repository\com\github\docker-java\docker-java-core\3.2.13\docker-java-core-3.2.13.jar;C:\Users\Dimas Rizqi Suryana\.m2\repository\com\github\docker-java\docker-java-api\3.2.13\docker-java-api-3.2.13.jar;C:\Users\Dimas Rizqi Suryana\.m2\repository\org\apache\commons\commons-compress\1.21\commons-compress-1.21.jar;C:\Users\Dimas Rizqi Suryana\.m2\repository\org\bouncycastle\bcpkix-jdk15on\1.64\bcpkix-jdk15on-1.64.jar;C:\Users\Dimas Rizqi Suryana\.m2\repository\org\bouncycastle\bcprov-jdk15on\1.64\bcprov-jdk15on-1.64.jar;C:\Users\Dimas Rizqi Suryana\.m2\repository\org\slf4j\jcl-over-slf4j\1.7.30\jcl-over-slf4j-1.7.30.jar;C:\Users\Dimas Rizqi Suryana\.m2\repository\com\github\docker-java\docker-java-transport-httpclient5\3.2.13\docker-java-transport-httpclient5-3.2.13.jar;C:\Users\Dimas Rizqi Suryana\.m2\repository\com\github\docker-java\docker-java-transport\3.2.13\docker-java-transport-3.2.13.jar;C:\Users\Dimas Rizqi Suryana\.m2\repository\net\java\dev\jna\jna\5.8.0\jna-5.8.0.jar;C:\Users\Dimas Rizqi Suryana\.m2\repository\org\brotli\dec\0.1.2\dec-0.1.2.jar;C:\Users\Dimas Rizqi Suryana\.m2\repository\org\apache\httpcomponents\client5\httpclient5\5.1.3\httpclient5-5.1.3.jar;C:\Users\Dimas Rizqi Suryana\.m2\repository\org\apache\httpcomponents\core5\httpcore5\5.1.3\httpcore5-5.1.3.jar;C:\Users\Dimas Rizqi Suryana\.m2\repository\org\apache\httpcomponents\core5\httpcore5-h2\5.1.3\httpcore5-h2-5.1.3.jar;C:\Users\Dimas Rizqi Suryana\.m2\repository\com\jhlabs\filters\2.0.235\filters-2.0.235.jar;C:\Users\Dimas Rizqi Suryana\.m2\repository\com\paulhammant\ngwebdriver\1.1.6\ngwebdriver-1.1.6.jar;C:\Users\Dimas Rizqi Suryana\.m2\repository\joda-time\joda-time\2.12.2\joda-time-2.12.2.jar;C:\Users\Dimas Rizqi Suryana\.m2\repository\org\hamcrest\hamcrest\2.2\hamcrest-2.2.jar;C:\Users\Dimas Rizqi Suryana\.m2\repository\com\google\jimfs\jimfs\1.2\jimfs-1.2.jar;C:\Users\Dimas Rizqi Suryana\.m2\repository\org\mockito\mockito-core\3.3.3\mockito-core-3.3.3.jar;C:\Users\Dimas Rizqi Suryana\.m2\repository\javax\xml\bind\jaxb-api\2.3.1\jaxb-api-2.3.1.jar;C:\Users\Dimas Rizqi Suryana\.m2\repository\javax\activation\javax.activation-api\1.2.0\javax.activation-api-1.2.0.jar;C:\Users\Dimas Rizqi Suryana\.m2\repository\com\sun\xml\bind\jaxb-core\2.3.0.1\jaxb-core-2.3.0.1.jar;C:\Users\Dimas Rizqi Suryana\.m2\repository\com\sun\xml\bind\jaxb-impl\2.3.3\jaxb-impl-2.3.3.jar;C:\Users\Dimas Rizqi Suryana\.m2\repository\jakarta\xml\bind\jakarta.xml.bind-api\2.3.3\jakarta.xml.bind-api-2.3.3.jar;C:\Users\Dimas Rizqi Suryana\.m2\repository\com\sun\activation\jakarta.activation\1.2.2\jakarta.activation-1.2.2.jar;C:\Users\Dimas Rizqi Suryana\.m2\repository\javax\activation\activation\1.1.1\activation-1.1.1.jar;C:\Users\Dimas Rizqi Suryana\.m2\repository\net\serenity-bdd\serenity-cucumber\3.6.21\serenity-cucumber-3.6.21.jar;C:\Users\Dimas Rizqi Suryana\.m2\repository\io\cucumber\cucumber-core\7.11.0\cucumber-core-7.11.0.jar;C:\Users\Dimas Rizqi Suryana\.m2\repository\io\cucumber\cucumber-gherkin\7.11.0\cucumber-gherkin-7.11.0.jar;C:\Users\Dimas Rizqi Suryana\.m2\repository\io\cucumber\cucumber-gherkin-messages\7.11.0\cucumber-gherkin-messages-7.11.0.jar;C:\Users\Dimas Rizqi Suryana\.m2\repository\io\cucumber\gherkin\26.0.3\gherkin-26.0.3.jar;C:\Users\Dimas Rizqi Suryana\.m2\repository\io\cucumber\messages\21.0.1\messages-21.0.1.jar;C:\Users\Dimas Rizqi Suryana\.m2\repository\io\cucumber\tag-expressions\5.0.1\tag-expressions-5.0.1.jar;C:\Users\Dimas Rizqi Suryana\.m2\repository\io\cucumber\cucumber-expressions\16.1.1\cucumber-expressions-16.1.1.jar;C:\Users\Dimas Rizqi Suryana\.m2\repository\io\cucumber\datatable\7.11.0\datatable-7.11.0.jar;C:\Users\Dimas Rizqi Suryana\.m2\repository\io\cucumber\cucumber-plugin\7.11.0\cucumber-plugin-7.11.0.jar;C:\Users\Dimas Rizqi Suryana\.m2\repository\io\cucumber\docstring\7.11.0\docstring-7.11.0.jar;C:\Users\Dimas Rizqi Suryana\.m2\repository\io\cucumber\html-formatter\20.2.1\html-formatter-20.2.1.jar;C:\Users\Dimas Rizqi Suryana\.m2\repository\io\cucumber\junit-xml-formatter\0.1.0\junit-xml-formatter-0.1.0.jar;C:\Users\Dimas Rizqi Suryana\.m2\repository\io\cucumber\ci-environment\9.1.0\ci-environment-9.1.0.jar;C:\Users\Dimas Rizqi Suryana\.m2\repository\io\cucumber\cucumber-java\7.11.0\cucumber-java-7.11.0.jar;C:\Users\Dimas Rizqi Suryana\.m2\repository\io\cucumber\cucumber-junit\7.11.0\cucumber-junit-7.11.0.jar;C:\Users\Dimas Rizqi Suryana\.m2\repository\org\apache\commons\commons-csv\1.5\commons-csv-1.5.jar;C:\Users\Dimas Rizqi Suryana\.m2\repository\net\serenity-bdd\serenity-screenplay\3.6.21\serenity-screenplay-3.6.21.jar;C:\Users\Dimas Rizqi Suryana\.m2\repository\net\serenity-bdd\serenity-screenplay-webdriver\3.6.21\serenity-screenplay-webdriver-3.6.21.jar;C:\Users\Dimas Rizqi Suryana\.m2\repository\net\serenity-bdd\serenity-ensure\3.6.21\serenity-ensure-3.6.21.jar;C:\Users\Dimas Rizqi Suryana\.m2\repository\net\serenity-bdd\serenity-junit\3.6.21\serenity-junit-3.6.21.jar;C:\Users\Dimas Rizqi Suryana\.m2\repository\org\jetbrains\kotlin\kotlin-stdlib\1.8.10\kotlin-stdlib-1.8.10.jar;C:\Users\Dimas Rizqi Suryana\.m2\repository\org\jetbrains\kotlin\kotlin-stdlib-common\1.8.10\kotlin-stdlib-common-1.8.10.jar;C:\Users\Dimas Rizqi Suryana\.m2\repository\org\jetbrains\annotations\13.0\annotations-13.0.jar;C:\Users\Dimas Rizqi Suryana\.m2\repository\org\junit\platform\junit-platform-launcher\1.8.2\junit-platform-launcher-1.8.2.jar;C:\Users\Dimas Rizqi Suryana\.m2\repository\org\junit\platform\junit-platform-engine\1.8.2\junit-platform-engine-1.8.2.jar;C:\Users\Dimas Rizqi Suryana\.m2\repository\org\junit\platform\junit-platform-commons\1.8.2\junit-platform-commons-1.8.2.jar;C:\Users\Dimas Rizqi Suryana\.m2\repository\org\apiguardian\apiguardian-api\1.1.2\apiguardian-api-1.1.2.jar;C:\Users\Dimas Rizqi Suryana\.m2\repository\org\junit\jupiter\junit-jupiter-engine\5.8.2\junit-jupiter-engine-5.8.2.jar;C:\Users\Dimas Rizqi Suryana\.m2\repository\org\junit\jupiter\junit-jupiter-api\5.8.2\junit-jupiter-api-5.8.2.jar;C:\Users\Dimas Rizqi Suryana\.m2\repository\org\junit\vintage\junit-vintage-engine\5.8.2\junit-vintage-engine-5.8.2.jar;C:\Users\Dimas Rizqi Suryana\.m2\repository\junit\junit\4.13.2\junit-4.13.2.jar;C:\Users\Dimas Rizqi Suryana\.m2\repository\org\hamcrest\hamcrest-core\1.3\hamcrest-core-1.3.jar;C:\Users\Dimas Rizqi Suryana\.m2\repository\ch\qos\logback\logback-classic\1.2.10\logback-classic-1.2.10.jar;C:\Users\Dimas Rizqi Suryana\.m2\repository\ch\qos\logback\logback-core\1.2.10\logback-core-1.2.10.jar;C:\Users\Dimas Rizqi Suryana\.m2\repository\org\slf4j\slf4j-api\1.7.32\slf4j-api-1.7.32.jar;C:\Users\Dimas Rizqi Suryana\.m2\repository\org\assertj\assertj-core\3.23.1\assertj-core-3.23.1.jar;C:\Users\Dimas Rizqi Suryana\.m2\repository\net\bytebuddy\byte-buddy\1.12.10\byte-buddy-1.12.10.jar;C:\Users\Dimas Rizqi Suryana\.m2\repository\com\googlecode\json-simple\json-simple\1.1.1\json-simple-1.1.1.jar;C:\Users\Dimas Rizqi Suryana\.m2\repository\org\apache\maven\surefire\surefire-junit-platform\3.0.0-M5\surefire-junit-platform-3.0.0-M5.jar;C:\Users\Dimas Rizqi Suryana\.m2\repository\org\apache\maven\surefire\common-java5\3.0.0-M5\common-java5-3.0.0-M5.jar"/>
    <property name="user.script" value=""/>
    <property name="sun.management.compiler" value="HotSpot 64-Bit Tiered Compilers"/>
    <property name="java.runtime.version" value="18.0.2.1+1-1"/>
    <property name="user.name" value="Dimas Rizqi Suryana"/>
    <property name="path.separator" value=";"/>
    <property name="os.version" value="10.0"/>
    <property name="java.runtime.name" value="Java(TM) SE Runtime Environment"/>
    <property name="file.encoding" value="UTF-8"/>
    <property name="webdriver.base.url" value=""/>
    <property name="java.vm.name" value="Java HotSpot(TM) 64-Bit Server VM"/>
    <property name="localRepository" value="C:\Users\Dimas Rizqi Suryana\.m2\repository"/>
    <property name="java.vendor.url.bug" value="https://bugreport.java.com/bugreport/"/>
    <property name="java.io.tmpdir" value="C:\Users\DIMASR~1\AppData\Local\Temp\"/>
    <property name="java.version" value="18.0.2.1"/>
    <property name="user.dir" value="C:\Users\Dimas Rizqi Suryana\Mini_Project2"/>
    <property name="os.arch" value="amd64"/>
    <property name="java.vm.specification.name" value="Java Virtual Machine Specification"/>
    <property name="sun.os.patch.level" value=""/>
    <property name="native.encoding" value="Cp1252"/>
    <property name="java.library.path" value="C:\Program Files\Java\jdk-18.0.2.1\bin;C:\WINDOWS\Sun\Java\bin;C:\WINDOWS\system32;C:\WINDOWS;C:\Program Files\Common Files\Oracle\Java\javapath;C:\Program Files\Eclipse Adoptium\jdk-11.0.17.8-hotspot\bin;C:\Windows\system32;C:\Windows;C:\Windows\System32\Wbem;C:\Windows\System32\WindowsPowerShell\v1.0\;C:\Windows\System32\OpenSSH\;C:\Program Files (x86)\NVIDIA Corporation\PhysX\Common;C:\Program Files\NVIDIA Corporation\NVIDIA NvDLISR;C:\Program Files\IBM\SPSS\Statistics\25\JRE\bin;C:\Program Files\Docker\Docker\resources\bin;C:\ProgramData\DockerDesktop\version-bin;C:\Program Files (x86)\IBM\SPSS\Statistics\22\JRE\bin;C:\WINDOWS\system32;C:\WINDOWS;C:\WINDOWS\System32\Wbem;C:\WINDOWS\System32\WindowsPowerShell\v1.0\;C:\WINDOWS\System32\OpenSSH\;C:\Program Files\Java\jdk-18.0.2.1\bin;C:\Users\Dimas Rizqi Suryana\Downloads\apache-maven-3.9.1-bin\apache-maven-3.9.1\bin;C:\Program Files\nodejs\;C:\Users\Dimas Rizqi Suryana\AppData\Local\Microsoft\WindowsApps;C:\Users\Dimas Rizqi Suryana\AppData\Local\Programs\Microsoft VS Code\bin;C:\Users\Dimas Rizqi Suryana\AppData\Local\GitHubDesktop\bin;C:\Users\Dimas Rizqi Suryana\AppData\Local\Microsoft\WindowsApps;;C:\Program Files\JetBrains\IntelliJ IDEA Community Edition 2022.3.2\bin;;C:\Users\Dimas Rizqi Suryana\AppData\Roaming\npm;."/>
    <property name="java.vm.info" value="mixed mode"/>
    <property name="java.vendor" value="Oracle Corporation"/>
    <property name="java.vm.version" value="18.0.2.1+1-1"/>
    <property name="sun.io.unicode.encoding" value="UnicodeLittle"/>
    <property name="java.class.version" value="62.0"/>
  </properties>
  <testcase name="POST - As an admin I have be able to create new posts rating" classname="Posts #1" time="2.789">
    <system-out><![CDATA[18:26:12.959 [main] DEBUG net.thucydides.core.guice.Injectors - Created injector for module net.thucydides.core.guice.ThucydidesModule
18:26:13.158 [main] DEBUG io.cucumber.core.plugin.SerenityReporter - Running feature from file:///C:/Users/Dimas%20Rizqi%20Suryana/Mini_Project2/src/test/resources/features/User_RatingandComment.feature
18:26:13.306 [main] DEBUG net.thucydides.core.guice.Injectors - Created injector for module net.thucydides.core.guice.webdriver.WebDriverModule
18:26:13.317 [main] INFO  - 

-------------------------------------------------------------------------------------
     _______. _______ .______       _______ .__   __.  __  .___________.____    ____ 
    /       ||   ____||   _  \     |   ____||  \ |  | |  | |           |\   \  /   / 
   |   (----`|  |__   |  |_)  |    |  |__   |   \|  | |  | `---|  |----` \   \/   /  
    \   \    |   __|  |      /     |   __|  |  . `  | |  |     |  |       \_    _/   
.----)   |   |  |____ |  |\  \----.|  |____ |  |\   | |  |     |  |         |  |     
|_______/    |_______|| _| `._____||_______||__| \__| |__|     |__|         |__|    
                                                                                     
 News and tutorials at http://www.serenity-bdd.info                                  
 Documentation at https://wakaleo.gitbooks.io/the-serenity-book/content/             
 Join the Serenity Community on Gitter: https://gitter.im/serenity-bdd/serenity-core 
 Serenity BDD Support and Training at http://serenity-bdd.info/#/trainingandsupport  
-------------------------------------------------------------------------------------

18:26:13.320 [main] DEBUG net.thucydides.core.steps.StepEventBus - Test suite started for story net.thucydides.core.model.Story@426c086e
18:26:13.322 [main] INFO  - Test Suite Started: Posts
18:26:13.340 [main] DEBUG io.cucumber.core.plugin.SerenityReporter - Running feature from file:///C:/Users/Dimas%20Rizqi%20Suryana/Mini_Project2/src/test/resources/features/User_product.feature
18:26:13.344 [main] DEBUG net.thucydides.core.steps.StepEventBus - Test suite started for story net.thucydides.core.model.Story@b5097730
18:26:13.344 [main] INFO  - Test Suite Started: Posts
18:26:13.345 [main] DEBUG io.cucumber.core.plugin.SerenityReporter - Running feature from file:///C:/Users/Dimas%20Rizqi%20Suryana/Mini_Project2/src/test/resources/features/User_RatingandComment.feature
18:26:13.346 [main] DEBUG net.thucydides.core.steps.StepEventBus - Test suite started for story net.thucydides.core.model.Story@426c086e
18:26:13.347 [main] INFO  - Test Suite Started: Posts

Scenario: POST - As an admin I have be able to create new posts rating &amp#27;[90m# src/test/resources/features/User_RatingandComment.feature:7&amp#27;[0m
18:26:13.410 [main] DEBUG io.cucumber.core.plugin.SerenityReporter - Running feature from file:///C:/Users/Dimas%20Rizqi%20Suryana/Mini_Project2/src/test/resources/features/User_RatingandComment.feature
18:26:13.525 [main] INFO  - 
  _____   ___   ___   _____     ___   _____     _     ___   _____   ___   ___  
 |_   _| | __| / __| |_   _|   / __| |_   _|   /_\   | _ \ |_   _| | __| |   \ 
   | |   | _|  \__ \   | |     \__ \   | |    / _ \  |   /   | |   | _|  | |) |
   |_|   |___| |___/   |_|     |___/   |_|   /_/ \_\ |_|_\   |_|   |___| |___/ 

POST - As an admin I have be able to create new posts rating(posts;post---as-an-admin-i-have-be-able-to-create-new-posts-rating)
--------------------------------------------------------------------------------
18:26:13.575 [main] DEBUG net.thucydides.core.requirements.model.cucumber.CucumberParser - Loading feature C:\Users\Dimas Rizqi Suryana\Mini_Project2\src\test\resources\features\User_product.feature
18:26:13.589 [main] DEBUG net.thucydides.core.requirements.model.cucumber.CucumberParser - Loading feature C:\Users\Dimas Rizqi Suryana\Mini_Project2\src\test\resources\features\User_RatingandComment.feature
18:26:13.938 [main] DEBUG net.thucydides.core.steps.StepInterceptor - STARTING STEP: User_RatingandComment_steps.sendPostRatingHttpRating - I send POST rating HTTP request
18:26:15.131 [main] DEBUG net.thucydides.core.steps.StepInterceptor - STARTING STEP: POST_RatingComment.sendPostRatingHttpRequest - I set POST rating api endpoints
18:26:15.133 [main] DEBUG net.thucydides.core.steps.StepInterceptor - STEP DONE: I set POST rating api endpoints
18:26:15.748 [main] DEBUG org.apache.http.impl.conn.BasicClientConnectionManager - Get connection for route {s}->https://altashop-api.fly.dev:443
18:26:15.789 [main] DEBUG org.apache.http.impl.conn.DefaultClientConnectionOperator - Connecting to altashop-api.fly.dev:443
18:26:16.010 [main] DEBUG org.apache.http.client.protocol.RequestAddCookies - CookieSpec selected: ignoreCookies
18:26:16.011 [main] DEBUG org.apache.http.client.protocol.RequestAuthCache - Auth cache not set in the context
18:26:16.012 [main] DEBUG org.apache.http.client.protocol.RequestProxyAuthentication - Proxy auth state: UNCHALLENGED
18:26:16.012 [main] DEBUG org.apache.http.impl.client.DefaultHttpClient - Attempt 1 to execute request
18:26:16.012 [main] DEBUG org.apache.http.impl.conn.DefaultClientConnection - Sending request: POST /api/products/13369/ratings HTTP/1.1
18:26:16.012 [main] DEBUG org.apache.http.wire -  >> "POST /api/products/13369/ratings HTTP/1.1[\r][\n]"
18:26:16.013 [main] DEBUG org.apache.http.wire -  >> "Authorization: Bearer eyJhbGciOiJIUzI1NiIsInR5cCI6IkpXVCJ9.eyJGdWxsbmFtZSI6IkpvaG4gRG9lIiwiRW1haWwiOiJzb21lb25lQG1haWwuY29tIn0.WvBSxcQEqqniC1v08LzkrHcELegs0b7vtjGPWiaEWcI[\r][\n]"
18:26:16.013 [main] DEBUG org.apache.http.wire -  >> "Conten-Type: aplication/json[\r][\n]"
18:26:16.013 [main] DEBUG org.apache.http.wire -  >> "Accept: */*[\r][\n]"
18:26:16.013 [main] DEBUG org.apache.http.wire -  >> "Content-Type: text/plain; charset=ISO-8859-1[\r][\n]"
18:26:16.013 [main] DEBUG org.apache.http.wire -  >> "Content-Length: 11[\r][\n]"
18:26:16.013 [main] DEBUG org.apache.http.wire -  >> "Host: altashop-api.fly.dev[\r][\n]"
18:26:16.013 [main] DEBUG org.apache.http.wire -  >> "Connection: Keep-Alive[\r][\n]"
18:26:16.013 [main] DEBUG org.apache.http.wire -  >> "User-Agent: Apache-HttpClient/4.5.13 (Java/18.0.2.1)[\r][\n]"
18:26:16.013 [main] DEBUG org.apache.http.wire -  >> "Accept-Encoding: gzip,deflate[\r][\n]"
18:26:16.013 [main] DEBUG org.apache.http.wire -  >> "[\r][\n]"
18:26:16.013 [main] DEBUG org.apache.http.headers - >> POST /api/products/13369/ratings HTTP/1.1
18:26:16.013 [main] DEBUG org.apache.http.headers - >> Authorization: Bearer eyJhbGciOiJIUzI1NiIsInR5cCI6IkpXVCJ9.eyJGdWxsbmFtZSI6IkpvaG4gRG9lIiwiRW1haWwiOiJzb21lb25lQG1haWwuY29tIn0.WvBSxcQEqqniC1v08LzkrHcELegs0b7vtjGPWiaEWcI
18:26:16.013 [main] DEBUG org.apache.http.headers - >> Conten-Type: aplication/json
18:26:16.014 [main] DEBUG org.apache.http.headers - >> Accept: */*
18:26:16.014 [main] DEBUG org.apache.http.headers - >> Content-Type: text/plain; charset=ISO-8859-1
18:26:16.014 [main] DEBUG org.apache.http.headers - >> Content-Length: 11
18:26:16.014 [main] DEBUG org.apache.http.headers - >> Host: altashop-api.fly.dev
18:26:16.014 [main] DEBUG org.apache.http.headers - >> Connection: Keep-Alive
18:26:16.014 [main] DEBUG org.apache.http.headers - >> User-Agent: Apache-HttpClient/4.5.13 (Java/18.0.2.1)
18:26:16.014 [main] DEBUG org.apache.http.headers - >> Accept-Encoding: gzip,deflate
18:26:16.014 [main] DEBUG org.apache.http.wire -  >> "{"count":4}"
18:26:16.040 [main] DEBUG org.apache.http.wire -  << "HTTP/1.1 200 OK[\r][\n]"
18:26:16.041 [main] DEBUG org.apache.http.wire -  << "content-type: application/json[\r][\n]"
18:26:16.042 [main] DEBUG org.apache.http.wire -  << "date: Mon, 08 May 2023 11:26:18 GMT[\r][\n]"
18:26:16.042 [main] DEBUG org.apache.http.wire -  << "content-encoding: gzip[\r][\n]"
18:26:16.042 [main] DEBUG org.apache.http.wire -  << "transfer-encoding: chunked[\r][\n]"
18:26:16.042 [main] DEBUG org.apache.http.wire -  << "server: Fly/3f2597ca (2023-05-03)[\r][\n]"
18:26:16.042 [main] DEBUG org.apache.http.wire -  << "via: 1.1 fly.io[\r][\n]"
18:26:16.042 [main] DEBUG org.apache.http.wire -  << "fly-request-id: 01GZXHSGNZAP50PBAN8QEYM2Q4-sin[\r][\n]"
18:26:16.042 [main] DEBUG org.apache.http.wire -  << "[\r][\n]"
18:26:16.042 [main] DEBUG org.apache.http.impl.conn.DefaultClientConnection - Receiving response: HTTP/1.1 200 OK
18:26:16.042 [main] DEBUG org.apache.http.headers - << HTTP/1.1 200 OK
18:26:16.042 [main] DEBUG org.apache.http.headers - << content-type: application/json
18:26:16.042 [main] DEBUG org.apache.http.headers - << date: Mon, 08 May 2023 11:26:18 GMT
18:26:16.042 [main] DEBUG org.apache.http.headers - << content-encoding: gzip
18:26:16.042 [main] DEBUG org.apache.http.headers - << transfer-encoding: chunked
18:26:16.042 [main] DEBUG org.apache.http.headers - << server: Fly/3f2597ca (2023-05-03)
18:26:16.042 [main] DEBUG org.apache.http.headers - << via: 1.1 fly.io
18:26:16.042 [main] DEBUG org.apache.http.headers - << fly-request-id: 01GZXHSGNZAP50PBAN8QEYM2Q4-sin
18:26:16.046 [main] DEBUG org.apache.http.impl.client.DefaultHttpClient - Connection can be kept alive indefinitely
18:26:16.051 [main] DEBUG io.restassured.internal.RestAssuredHttpBuilder - Parsing response as: application/json
18:26:16.051 [main] DEBUG org.apache.http.wire -  << "86[\r][\n]"
18:26:16.051 [main] DEBUG org.apache.http.wire -  << "[0x1f][0x8b][0x8][0x0][0x0][0x0][0x0][0x0][0x4][0xff][0xab]VJI,IT[0xb2][0xaa]V[0xf2]tQ[0xb2]2466[0xb3][0xd4]Q[0xf2]K[0xcc]MU[0xb2]R*I-.[0xc9][0xcc]KW(([0xca]O)M.Q[0xd2]QrI-N.[0xca],([0xc9][0xcc][0xcf][0x3][0xc9]gd[0x16]+d[0x16]+[0x94]d[0xa4][0xc2][0xd4]([0xa4] [0xa9][0xd0]Q[\n]"
18:26:16.051 [main] DEBUG org.apache.http.wire -  << "([0xca]LNU[0xb2]2[0xd0]Q[\n]"
18:26:16.051 [main] DEBUG org.apache.http.wire -  << "J[0x4][0x19]U[0xac]de[0xac][0xa3][0xe4][0x9c]X[0x92][0x9a][0x9e]_[0x94][0x99]Z[0xac]d[0x15][0x1d][[[0xcb][0x5][0x0]-[0xb4]T0[0x85][0x0][0x0][0x0]"
18:26:16.051 [main] DEBUG org.apache.http.wire -  << "[\r][\n]"
18:26:16.052 [main] DEBUG org.apache.http.wire -  << "0[\r][\n]"
18:26:16.052 [main] DEBUG org.apache.http.wire -  << "[\r][\n]"
18:26:16.052 [main] DEBUG io.restassured.internal.RestAssuredHttpBuilder - Parsed data to instance of: class org.apache.http.conn.EofSensorInputStream
18:26:16.073 [main] DEBUG org.apache.http.impl.conn.BasicClientConnectionManager - Releasing connection org.apache.http.impl.conn.ManagedClientConnectionImpl@7497a554
18:26:16.073 [main] DEBUG org.apache.http.impl.conn.BasicClientConnectionManager - Connection can be kept alive indefinitely
18:26:16.088 [main] DEBUG net.thucydides.core.steps.StepInterceptor - STEP DONE: I send POST rating HTTP request
  &amp#27;[32mWhen &amp#27;[0m&amp#27;[32mI send POST rating HTTP request&amp#27;[0m                                 &amp#27;[90m# starter.stepdefinition.User_RatingandComment_steps.sendPostRatingHttpRating()&amp#27;[0m
18:26:16.111 [main] DEBUG net.thucydides.core.steps.StepInterceptor - STARTING STEP: User_produuct_steps.reciveValidHttp201 - I receive valid HTTP response code 201
18:26:16.129 [main] DEBUG net.thucydides.core.steps.StepInterceptor - STEP DONE: I receive valid HTTP response code 201
  &amp#27;[32mThen &amp#27;[0m&amp#27;[32mI receive valid HTTP response code 201&amp#27;[0m                          &amp#27;[90m# starter.stepdefinition.User_produuct_steps.reciveValidHttp201()&amp#27;[0m
18:26:16.131 [main] DEBUG net.thucydides.core.steps.StepInterceptor - STARTING STEP: User_RatingandComment_steps.setPostRatingApiEndpoints - I set POST rating api endpoints
18:26:16.131 [main] DEBUG net.thucydides.core.steps.StepInterceptor - STEP DONE: I set POST rating api endpoints
  &amp#27;[32mGiven &amp#27;[0m&amp#27;[32mI set POST rating api endpoints&amp#27;[0m                                &amp#27;[90m# starter.stepdefinition.User_RatingandComment_steps.setPostRatingApiEndpoints()&amp#27;[0m
18:26:16.135 [main] INFO  - 
  _____   ___   ___   _____     ___     _     ___   ___   ___   ___  
 |_   _| | __| / __| |_   _|   | _ \   /_\   / __| / __| | __| |   \ 
   | |   | _|  \__ \   | |     |  _/  / _ \  \__ \ \__ \ | _|  | |) |
   |_|   |___| |___/   |_|     |_|   /_/ \_\ |___/ |___/ |___| |___/ 

POST - As an admin I have be able to create new posts rating
----------------------------------------------------------------------
]]></system-out>
  </testcase>
  <testcase name="POST - As an admin I shouldn&apos;t be able to create new posts rating with invalid url" classname="Posts #1" time="0.124">
    <error type="io.cucumber.junit.UndefinedStepException"><![CDATA[io.cucumber.junit.UndefinedStepException: 
The step 'I send typo POST rating HTTP request' is undefined.
You can implement this step using the snippet(s) below:

@When("I send typo POST rating HTTP request")
public void i_send_typo_post_rating_http_request() {
    // Write code here that turns the phrase above into concrete actions
    throw new io.cucumber.java.PendingException();
}

]]></error>
    <system-out><![CDATA[
Scenario: POST - As an admin I shouldn't be able to create new posts rating with invalid url &amp#27;[90m# src/test/resources/features/User_RatingandComment.feature:13&amp#27;[0m
18:26:16.169 [main] DEBUG io.cucumber.core.plugin.SerenityReporter - Running feature from file:///C:/Users/Dimas%20Rizqi%20Suryana/Mini_Project2/src/test/resources/features/User_RatingandComment.feature
18:26:16.172 [main] INFO  - 
  _____   ___   ___   _____     ___   _____     _     ___   _____   ___   ___  
 |_   _| | __| / __| |_   _|   / __| |_   _|   /_\   | _ \ |_   _| | __| |   \ 
   | |   | _|  \__ \   | |     \__ \   | |    / _ \  |   /   | |   | _|  | |) |
   |_|   |___| |___/   |_|     |___/   |_|   /_/ \_\ |_|_\   |_|   |___| |___/ 

POST - As an admin I shouldn't be able to create new posts rating with invalid url(posts;post---as-an-admin-i-shouldn-t-be-able-to-create-new-posts-rating-with-invalid-url)
--------------------------------------------------------------------------------
18:26:16.208 [main] DEBUG net.thucydides.core.steps.StepInterceptor - STARTING STEP: User_RatingandComment_steps.setTypoPostRatingApiEndpoints - I set typo POST rating api endpoints
18:26:16.210 [main] DEBUG net.thucydides.core.steps.StepInterceptor - STEP DONE: I set typo POST rating api endpoints
  &amp#27;[32mGiven &amp#27;[0m&amp#27;[32mI set typo POST rating api endpoints&amp#27;[0m                                                 &amp#27;[90m# starter.stepdefinition.User_RatingandComment_steps.setTypoPostRatingApiEndpoints()&amp#27;[0m
  &amp#27;[33mWhen &amp#27;[0m&amp#27;[33mI send typo POST rating HTTP request&amp#27;[0m
  &amp#27;[36mThen &amp#27;[0m&amp#27;[36mI receive invalid HTTP response code 404 Not Found&amp#27;[0m                                    &amp#27;[90m# starter.stepdefinition.User_produuct_steps.reciveInvalidHttpResponse()&amp#27;[0m
  &amp#27;[36mAnd &amp#27;[0m&amp#27;[36mI receive nothing from the page&amp#27;[0m                                                        &amp#27;[90m# starter.stepdefinition.User_produuct_steps.reciveNothing()&amp#27;[0m
18:26:16.259 [main] INFO  - 
  _____   ___   ___   _____     ___   ___   _  _   ___    ___   _  _    ___ 
 |_   _| | __| / __| |_   _|   | _ \ | __| | \| | |   \  |_ _| | \| |  / __|
   | |   | _|  \__ \   | |     |  _/ | _|  | .` | | |) |  | |  | .` | | (_ |
   |_|   |___| |___/   |_|     |_|   |___| |_|\_| |___/  |___| |_|\_|  \___|

POST - As an admin I shouldn't be able to create new posts rating with invalid url
-----------------------------------------------------------------------------
]]></system-out>
  </testcase>
  <testcase name="GET - As an admin I have be able to see posts rating number 1" classname="Posts #1" time="0.831">
    <system-out><![CDATA[
Scenario: GET - As an admin I have be able to see posts rating number 1 &amp#27;[90m# src/test/resources/features/User_RatingandComment.feature:19&amp#27;[0m
18:26:16.277 [main] DEBUG io.cucumber.core.plugin.SerenityReporter - Running feature from file:///C:/Users/Dimas%20Rizqi%20Suryana/Mini_Project2/src/test/resources/features/User_RatingandComment.feature
18:26:16.285 [main] INFO  - 
  _____   ___   ___   _____     ___   _____     _     ___   _____   ___   ___  
 |_   _| | __| / __| |_   _|   / __| |_   _|   /_\   | _ \ |_   _| | __| |   \ 
   | |   | _|  \__ \   | |     \__ \   | |    / _ \  |   /   | |   | _|  | |) |
   |_|   |___| |___/   |_|     |___/   |_|   /_/ \_\ |_|_\   |_|   |___| |___/ 

GET - As an admin I have be able to see posts rating number 1(posts;get---as-an-admin-i-have-be-able-to-see-posts-rating-number-1)
--------------------------------------------------------------------------------
18:26:16.310 [main] DEBUG net.thucydides.core.steps.StepInterceptor - STARTING STEP: User_RatingandComment_steps.setGetRatingApiEndpoints - I set GET rating api endpoints
18:26:16.311 [main] DEBUG net.thucydides.core.steps.StepInterceptor - STEP DONE: I set GET rating api endpoints
  &amp#27;[32mGiven &amp#27;[0m&amp#27;[32mI set GET rating api endpoints&amp#27;[0m                                  &amp#27;[90m# starter.stepdefinition.User_RatingandComment_steps.setGetRatingApiEndpoints()&amp#27;[0m
18:26:16.318 [main] DEBUG net.thucydides.core.steps.StepInterceptor - STARTING STEP: User_RatingandComment_steps.sendGetRatingHttpRequest - I send GET rating HTTP request
18:26:16.322 [main] DEBUG net.thucydides.core.steps.StepInterceptor - STARTING STEP: GET_RatingComment.senGetRatingHttpRequest - I set GET rating api endpoints
18:26:16.322 [main] DEBUG net.thucydides.core.steps.StepInterceptor - STEP DONE: I set GET rating api endpoints
18:26:16.384 [main] DEBUG org.apache.http.impl.conn.BasicClientConnectionManager - Get connection for route {s}->https://altashop-api.fly.dev:443
18:26:16.384 [main] DEBUG org.apache.http.impl.conn.DefaultClientConnectionOperator - Connecting to altashop-api.fly.dev:443
18:26:16.432 [main] DEBUG org.apache.http.client.protocol.RequestAddCookies - CookieSpec selected: ignoreCookies
18:26:16.432 [main] DEBUG org.apache.http.client.protocol.RequestAuthCache - Auth cache not set in the context
18:26:16.432 [main] DEBUG org.apache.http.client.protocol.RequestTargetAuthentication - Target auth state: UNCHALLENGED
18:26:16.432 [main] DEBUG org.apache.http.client.protocol.RequestProxyAuthentication - Proxy auth state: UNCHALLENGED
18:26:16.432 [main] DEBUG org.apache.http.impl.client.DefaultHttpClient - Attempt 1 to execute request
18:26:16.432 [main] DEBUG org.apache.http.impl.conn.DefaultClientConnection - Sending request: GET /api/products/1/ratings HTTP/1.1
18:26:16.432 [main] DEBUG org.apache.http.wire -  >> "GET /api/products/1/ratings HTTP/1.1[\r][\n]"
18:26:16.432 [main] DEBUG org.apache.http.wire -  >> "Accept: */*[\r][\n]"
18:26:16.432 [main] DEBUG org.apache.http.wire -  >> "Host: altashop-api.fly.dev[\r][\n]"
18:26:16.432 [main] DEBUG org.apache.http.wire -  >> "Connection: Keep-Alive[\r][\n]"
18:26:16.432 [main] DEBUG org.apache.http.wire -  >> "User-Agent: Apache-HttpClient/4.5.13 (Java/18.0.2.1)[\r][\n]"
18:26:16.433 [main] DEBUG org.apache.http.wire -  >> "Accept-Encoding: gzip,deflate[\r][\n]"
18:26:16.433 [main] DEBUG org.apache.http.wire -  >> "[\r][\n]"
18:26:16.433 [main] DEBUG org.apache.http.headers - >> GET /api/products/1/ratings HTTP/1.1
18:26:16.433 [main] DEBUG org.apache.http.headers - >> Accept: */*
18:26:16.433 [main] DEBUG org.apache.http.headers - >> Host: altashop-api.fly.dev
18:26:16.433 [main] DEBUG org.apache.http.headers - >> Connection: Keep-Alive
18:26:16.433 [main] DEBUG org.apache.http.headers - >> User-Agent: Apache-HttpClient/4.5.13 (Java/18.0.2.1)
18:26:16.433 [main] DEBUG org.apache.http.headers - >> Accept-Encoding: gzip,deflate
18:26:16.456 [main] DEBUG org.apache.http.wire -  << "HTTP/1.1 200 OK[\r][\n]"
18:26:16.456 [main] DEBUG org.apache.http.wire -  << "content-type: application/json[\r][\n]"
18:26:16.456 [main] DEBUG org.apache.http.wire -  << "date: Mon, 08 May 2023 11:26:19 GMT[\r][\n]"
18:26:16.456 [main] DEBUG org.apache.http.wire -  << "content-encoding: gzip[\r][\n]"
18:26:16.458 [main] DEBUG org.apache.http.wire -  << "transfer-encoding: chunked[\r][\n]"
18:26:16.458 [main] DEBUG org.apache.http.wire -  << "server: Fly/3f2597ca (2023-05-03)[\r][\n]"
18:26:16.458 [main] DEBUG org.apache.http.wire -  << "via: 1.1 fly.io[\r][\n]"
18:26:16.458 [main] DEBUG org.apache.http.wire -  << "fly-request-id: 01GZXHSH33G93JTSZ1V57097G3-sin[\r][\n]"
18:26:16.458 [main] DEBUG org.apache.http.wire -  << "[\r][\n]"
18:26:16.458 [main] DEBUG org.apache.http.impl.conn.DefaultClientConnection - Receiving response: HTTP/1.1 200 OK
18:26:16.458 [main] DEBUG org.apache.http.headers - << HTTP/1.1 200 OK
18:26:16.458 [main] DEBUG org.apache.http.headers - << content-type: application/json
18:26:16.458 [main] DEBUG org.apache.http.headers - << date: Mon, 08 May 2023 11:26:19 GMT
18:26:16.458 [main] DEBUG org.apache.http.headers - << content-encoding: gzip
18:26:16.458 [main] DEBUG org.apache.http.headers - << transfer-encoding: chunked
18:26:16.458 [main] DEBUG org.apache.http.headers - << server: Fly/3f2597ca (2023-05-03)
18:26:16.458 [main] DEBUG org.apache.http.headers - << via: 1.1 fly.io
18:26:16.458 [main] DEBUG org.apache.http.headers - << fly-request-id: 01GZXHSH33G93JTSZ1V57097G3-sin
18:26:16.458 [main] DEBUG org.apache.http.impl.client.DefaultHttpClient - Connection can be kept alive indefinitely
18:26:16.458 [main] DEBUG io.restassured.internal.RestAssuredHttpBuilder - Parsing response as: application/json
18:26:16.458 [main] DEBUG org.apache.http.wire -  << "1F[\r][\n]"
18:26:16.458 [main] DEBUG org.apache.http.wire -  << "[0x1f][0x8b][0x8][0x0][0x0][0x0][0x0][0x0][0x4][0xff][0xab]VJI,IT[0xb2]2[0xaa][0xe5][0x2][0x0][0x6]TQB[0xb][0x0][0x0][0x0]"
18:26:16.458 [main] DEBUG org.apache.http.wire -  << "[\r][\n]"
18:26:16.459 [main] DEBUG org.apache.http.wire -  << "0[\r][\n]"
18:26:16.459 [main] DEBUG org.apache.http.wire -  << "[\r][\n]"
18:26:16.459 [main] DEBUG io.restassured.internal.RestAssuredHttpBuilder - Parsed data to instance of: class org.apache.http.conn.EofSensorInputStream
18:26:16.462 [main] DEBUG org.apache.http.impl.conn.BasicClientConnectionManager - Releasing connection org.apache.http.impl.conn.ManagedClientConnectionImpl@c0004b7
18:26:16.462 [main] DEBUG org.apache.http.impl.conn.BasicClientConnectionManager - Connection can be kept alive indefinitely
18:26:16.463 [main] DEBUG net.thucydides.core.steps.StepInterceptor - STEP DONE: I send GET rating HTTP request
  &amp#27;[32mWhen &amp#27;[0m&amp#27;[32mI send GET rating HTTP request&amp#27;[0m                                   &amp#27;[90m# starter.stepdefinition.User_RatingandComment_steps.sendGetRatingHttpRequest()&amp#27;[0m
18:26:16.497 [main] DEBUG net.thucydides.core.steps.StepInterceptor - STARTING STEP: User_produuct_steps.reciveValidHttpResponse - I receive valid HTTP response code 200
18:26:16.500 [main] DEBUG net.thucydides.core.steps.StepInterceptor - STEP DONE: I receive valid HTTP response code 200
  &amp#27;[32mThen &amp#27;[0m&amp#27;[32mI receive valid HTTP response code 200&amp#27;[0m                           &amp#27;[90m# starter.stepdefinition.User_produuct_steps.reciveValidHttpResponse()&amp#27;[0m
18:26:16.513 [main] DEBUG net.thucydides.core.steps.StepInterceptor - STARTING STEP: User_RatingandComment_steps.reciveDataGetRating - I receive valid data for all of the posts rating
18:26:17.098 [main] DEBUG net.thucydides.core.steps.StepInterceptor - STEP DONE: I receive valid data for all of the posts rating
  &amp#27;[32mAnd &amp#27;[0m&amp#27;[32mI receive valid data for all of the posts rating&amp#27;[0m                  &amp#27;[90m# starter.stepdefinition.User_RatingandComment_steps.reciveDataGetRating()&amp#27;[0m
18:26:17.100 [main] INFO  - 
  _____   ___   ___   _____     ___     _     ___   ___   ___   ___  
 |_   _| | __| / __| |_   _|   | _ \   /_\   / __| / __| | __| |   \ 
   | |   | _|  \__ \   | |     |  _/  / _ \  \__ \ \__ \ | _|  | |) |
   |_|   |___| |___/   |_|     |_|   /_/ \_\ |___/ |___/ |___| |___/ 

GET - As an admin I have be able to see posts rating number 1
----------------------------------------------------------------------
]]></system-out>
  </testcase>
  <testcase name="GET - As an admin I shouldn&apos;t be able to see posts rating with invalid url" classname="Posts #1" time="0.122">
    <system-out><![CDATA[
Scenario: GET - As an admin I shouldn't be able to see posts rating with invalid url &amp#27;[90m# src/test/resources/features/User_RatingandComment.feature:26&amp#27;[0m
18:26:17.106 [main] DEBUG io.cucumber.core.plugin.SerenityReporter - Running feature from file:///C:/Users/Dimas%20Rizqi%20Suryana/Mini_Project2/src/test/resources/features/User_RatingandComment.feature
18:26:17.107 [main] INFO  - 
  _____   ___   ___   _____     ___   _____     _     ___   _____   ___   ___  
 |_   _| | __| / __| |_   _|   / __| |_   _|   /_\   | _ \ |_   _| | __| |   \ 
   | |   | _|  \__ \   | |     \__ \   | |    / _ \  |   /   | |   | _|  | |) |
   |_|   |___| |___/   |_|     |___/   |_|   /_/ \_\ |_|_\   |_|   |___| |___/ 

GET - As an admin I shouldn't be able to see posts rating with invalid url(posts;get---as-an-admin-i-shouldn-t-be-able-to-see-posts-rating-with-invalid-url)
--------------------------------------------------------------------------------
18:26:17.114 [main] DEBUG net.thucydides.core.steps.StepInterceptor - STARTING STEP: User_RatingandComment_steps.setInvalidGetRatingApiEndpoints - I set typo GET rating api endpoints
18:26:17.115 [main] DEBUG net.thucydides.core.steps.StepInterceptor - STEP DONE: I set typo GET rating api endpoints
  &amp#27;[32mGiven &amp#27;[0m&amp#27;[32mI set typo GET rating api endpoints&amp#27;[0m                                          &amp#27;[90m# starter.stepdefinition.User_RatingandComment_steps.setInvalidGetRatingApiEndpoints()&amp#27;[0m
18:26:17.117 [main] DEBUG net.thucydides.core.steps.StepInterceptor - STARTING STEP: User_RatingandComment_steps.sendInvalidGetApiHttpRequest - I send typo GET rating HTTP request
18:26:17.119 [main] DEBUG net.thucydides.core.steps.StepInterceptor - STARTING STEP: GET_RatingComment.sendInvalidGetRatingHttpRequest - I set typo GET rating api endpoints
18:26:17.119 [main] DEBUG net.thucydides.core.steps.StepInterceptor - STEP DONE: I set typo GET rating api endpoints
18:26:17.130 [main] DEBUG org.apache.http.impl.conn.BasicClientConnectionManager - Get connection for route {s}->https://altashop-api.fly.dev:443
18:26:17.130 [main] DEBUG org.apache.http.impl.conn.DefaultClientConnectionOperator - Connecting to altashop-api.fly.dev:443
18:26:17.177 [main] DEBUG org.apache.http.client.protocol.RequestAddCookies - CookieSpec selected: ignoreCookies
18:26:17.177 [main] DEBUG org.apache.http.client.protocol.RequestAuthCache - Auth cache not set in the context
18:26:17.177 [main] DEBUG org.apache.http.client.protocol.RequestTargetAuthentication - Target auth state: UNCHALLENGED
18:26:17.177 [main] DEBUG org.apache.http.client.protocol.RequestProxyAuthentication - Proxy auth state: UNCHALLENGED
18:26:17.177 [main] DEBUG org.apache.http.impl.client.DefaultHttpClient - Attempt 1 to execute request
18:26:17.177 [main] DEBUG org.apache.http.impl.conn.DefaultClientConnection - Sending request: GET /api/products/1/rating HTTP/1.1
18:26:17.177 [main] DEBUG org.apache.http.wire -  >> "GET /api/products/1/rating HTTP/1.1[\r][\n]"
18:26:17.177 [main] DEBUG org.apache.http.wire -  >> "Accept: */*[\r][\n]"
18:26:17.177 [main] DEBUG org.apache.http.wire -  >> "Host: altashop-api.fly.dev[\r][\n]"
18:26:17.177 [main] DEBUG org.apache.http.wire -  >> "Connection: Keep-Alive[\r][\n]"
18:26:17.177 [main] DEBUG org.apache.http.wire -  >> "User-Agent: Apache-HttpClient/4.5.13 (Java/18.0.2.1)[\r][\n]"
18:26:17.177 [main] DEBUG org.apache.http.wire -  >> "Accept-Encoding: gzip,deflate[\r][\n]"
18:26:17.177 [main] DEBUG org.apache.http.wire -  >> "[\r][\n]"
18:26:17.177 [main] DEBUG org.apache.http.headers - >> GET /api/products/1/rating HTTP/1.1
18:26:17.177 [main] DEBUG org.apache.http.headers - >> Accept: */*
18:26:17.177 [main] DEBUG org.apache.http.headers - >> Host: altashop-api.fly.dev
18:26:17.177 [main] DEBUG org.apache.http.headers - >> Connection: Keep-Alive
18:26:17.177 [main] DEBUG org.apache.http.headers - >> User-Agent: Apache-HttpClient/4.5.13 (Java/18.0.2.1)
18:26:17.177 [main] DEBUG org.apache.http.headers - >> Accept-Encoding: gzip,deflate
18:26:17.199 [main] DEBUG org.apache.http.wire -  << "HTTP/1.1 404 Not Found[\r][\n]"
18:26:17.200 [main] DEBUG org.apache.http.wire -  << "date: Mon, 08 May 2023 11:26:19 GMT[\r][\n]"
18:26:17.200 [main] DEBUG org.apache.http.wire -  << "content-encoding: gzip[\r][\n]"
18:26:17.200 [main] DEBUG org.apache.http.wire -  << "content-type: text/plain; charset=utf-8[\r][\n]"
18:26:17.200 [main] DEBUG org.apache.http.wire -  << "transfer-encoding: chunked[\r][\n]"
18:26:17.200 [main] DEBUG org.apache.http.wire -  << "server: Fly/3f2597ca (2023-05-03)[\r][\n]"
18:26:17.200 [main] DEBUG org.apache.http.wire -  << "via: 1.1 fly.io[\r][\n]"
18:26:17.200 [main] DEBUG org.apache.http.wire -  << "fly-request-id: 01GZXHSHTDV4K60PR2FWBYVFTR-sin[\r][\n]"
18:26:17.200 [main] DEBUG org.apache.http.wire -  << "[\r][\n]"
18:26:17.200 [main] DEBUG org.apache.http.impl.conn.DefaultClientConnection - Receiving response: HTTP/1.1 404 Not Found
18:26:17.200 [main] DEBUG org.apache.http.headers - << HTTP/1.1 404 Not Found
18:26:17.200 [main] DEBUG org.apache.http.headers - << date: Mon, 08 May 2023 11:26:19 GMT
18:26:17.200 [main] DEBUG org.apache.http.headers - << content-encoding: gzip
18:26:17.200 [main] DEBUG org.apache.http.headers - << content-type: text/plain; charset=utf-8
18:26:17.200 [main] DEBUG org.apache.http.headers - << transfer-encoding: chunked
18:26:17.200 [main] DEBUG org.apache.http.headers - << server: Fly/3f2597ca (2023-05-03)
18:26:17.200 [main] DEBUG org.apache.http.headers - << via: 1.1 fly.io
18:26:17.200 [main] DEBUG org.apache.http.headers - << fly-request-id: 01GZXHSHTDV4K60PR2FWBYVFTR-sin
18:26:17.208 [main] DEBUG org.apache.http.impl.client.DefaultHttpClient - Connection can be kept alive indefinitely
18:26:17.208 [main] DEBUG io.restassured.internal.RestAssuredHttpBuilder - Parsing response as: text/plain; charset=utf-8
18:26:17.208 [main] DEBUG org.apache.http.wire -  << "1E[\r][\n]"
18:26:17.208 [main] DEBUG org.apache.http.wire -  << "[0x1f][0x8b][0x8][0x0][0x0][0x0][0x0][0x0][0x4][0xff][0xcb][0xcb]/QH[0xcb]/[0xcd]K[0xe1][0x2][0x0][0xd4]I[0xfa]r[\n]"
18:26:17.208 [main] DEBUG org.apache.http.wire -  << "[0x0][0x0][0x0]"
18:26:17.208 [main] DEBUG org.apache.http.wire -  << "[\r][\n]"
18:26:17.208 [main] DEBUG org.apache.http.wire -  << "0[\r][\n]"
18:26:17.208 [main] DEBUG org.apache.http.wire -  << "[\r][\n]"
18:26:17.208 [main] DEBUG io.restassured.internal.RestAssuredHttpBuilder - Parsed data to instance of: class org.apache.http.conn.EofSensorInputStream
18:26:17.209 [main] DEBUG org.apache.http.impl.conn.BasicClientConnectionManager - Releasing connection org.apache.http.impl.conn.ManagedClientConnectionImpl@6b92a0d1
18:26:17.210 [main] DEBUG org.apache.http.impl.conn.BasicClientConnectionManager - Connection can be kept alive indefinitely
18:26:17.210 [main] DEBUG net.thucydides.core.steps.StepInterceptor - STEP DONE: I send typo GET rating HTTP request
  &amp#27;[32mWhen &amp#27;[0m&amp#27;[32mI send typo GET rating HTTP request&amp#27;[0m                                           &amp#27;[90m# starter.stepdefinition.User_RatingandComment_steps.sendInvalidGetApiHttpRequest()&amp#27;[0m
18:26:17.216 [main] DEBUG net.thucydides.core.steps.StepInterceptor - STARTING STEP: User_produuct_steps.reciveInvalidHttpResponse - I receive invalid HTTP response code 404 Not Found
18:26:17.217 [main] DEBUG net.thucydides.core.steps.StepInterceptor - STEP DONE: I receive invalid HTTP response code 404 Not Found
  &amp#27;[32mThen &amp#27;[0m&amp#27;[32mI receive invalid HTTP response code 404 Not Found&amp#27;[0m                            &amp#27;[90m# starter.stepdefinition.User_produuct_steps.reciveInvalidHttpResponse()&amp#27;[0m
18:26:17.220 [main] DEBUG net.thucydides.core.steps.StepInterceptor - STARTING STEP: User_produuct_steps.reciveNothing - I receive nothing from the page
18:26:17.220 [main] DEBUG net.thucydides.core.steps.StepInterceptor - STEP DONE: I receive nothing from the page
  &amp#27;[32mAnd &amp#27;[0m&amp#27;[32mI receive nothing from the page&amp#27;[0m                                                &amp#27;[90m# starter.stepdefinition.User_produuct_steps.reciveNothing()&amp#27;[0m
18:26:17.222 [main] INFO  - 
  _____   ___   ___   _____     ___     _     ___   ___   ___   ___  
 |_   _| | __| / __| |_   _|   | _ \   /_\   / __| / __| | __| |   \ 
   | |   | _|  \__ \   | |     |  _/  / _ \  \__ \ \__ \ | _|  | |) |
   |_|   |___| |___/   |_|     |_|   /_/ \_\ |___/ |___/ |___| |___/ 

GET - As an admin I shouldn't be able to see posts rating with invalid url
----------------------------------------------------------------------
]]></system-out>
  </testcase>
  <testcase name="POST - As an admin I have be able to create new posts comment" classname="Posts #1" time="0.174">
    <system-out><![CDATA[
Scenario: POST - As an admin I have be able to create new posts comment &amp#27;[90m# src/test/resources/features/User_RatingandComment.feature:32&amp#27;[0m
18:26:17.228 [main] DEBUG io.cucumber.core.plugin.SerenityReporter - Running feature from file:///C:/Users/Dimas%20Rizqi%20Suryana/Mini_Project2/src/test/resources/features/User_RatingandComment.feature
18:26:17.231 [main] INFO  - 
  _____   ___   ___   _____     ___   _____     _     ___   _____   ___   ___  
 |_   _| | __| / __| |_   _|   / __| |_   _|   /_\   | _ \ |_   _| | __| |   \ 
   | |   | _|  \__ \   | |     \__ \   | |    / _ \  |   /   | |   | _|  | |) |
   |_|   |___| |___/   |_|     |___/   |_|   /_/ \_\ |_|_\   |_|   |___| |___/ 

POST - As an admin I have be able to create new posts comment(posts;post---as-an-admin-i-have-be-able-to-create-new-posts-comment)
--------------------------------------------------------------------------------
18:26:17.238 [main] DEBUG net.thucydides.core.steps.StepInterceptor - STARTING STEP: User_RatingandComment_steps.sendPostCommantHttpRequest - I send POST commant HTTP request
18:26:17.240 [main] DEBUG net.thucydides.core.steps.StepInterceptor - STARTING STEP: POST_Commant.sendPostCommantHttpRequest - I set POST commant api endpoints
18:26:17.241 [main] DEBUG net.thucydides.core.steps.StepInterceptor - STEP DONE: I set POST commant api endpoints
18:26:17.255 [main] DEBUG org.apache.http.impl.conn.BasicClientConnectionManager - Get connection for route {s}->https://altashop-api.fly.dev:443
18:26:17.257 [main] DEBUG org.apache.http.impl.conn.DefaultClientConnectionOperator - Connecting to altashop-api.fly.dev:443
18:26:17.349 [main] DEBUG org.apache.http.client.protocol.RequestAddCookies - CookieSpec selected: ignoreCookies
18:26:17.350 [main] DEBUG org.apache.http.client.protocol.RequestAuthCache - Auth cache not set in the context
18:26:17.350 [main] DEBUG org.apache.http.client.protocol.RequestProxyAuthentication - Proxy auth state: UNCHALLENGED
18:26:17.350 [main] DEBUG org.apache.http.impl.client.DefaultHttpClient - Attempt 1 to execute request
18:26:17.350 [main] DEBUG org.apache.http.impl.conn.DefaultClientConnection - Sending request: POST /api/products/13369/comments HTTP/1.1
18:26:17.350 [main] DEBUG org.apache.http.wire -  >> "POST /api/products/13369/comments HTTP/1.1[\r][\n]"
18:26:17.350 [main] DEBUG org.apache.http.wire -  >> "Authorization: Bearer eyJhbGciOiJIUzI1NiIsInR5cCI6IkpXVCJ9.eyJGdWxsbmFtZSI6IkpvaG4gRG9lIiwiRW1haWwiOiJzb21lb25lQG1haWwuY29tIn0.WvBSxcQEqqniC1v08LzkrHcELegs0b7vtjGPWiaEWcI[\r][\n]"
18:26:17.350 [main] DEBUG org.apache.http.wire -  >> "Conten-Type: aplication/json[\r][\n]"
18:26:17.350 [main] DEBUG org.apache.http.wire -  >> "Accept: */*[\r][\n]"
18:26:17.350 [main] DEBUG org.apache.http.wire -  >> "Content-Type: text/plain; charset=ISO-8859-1[\r][\n]"
18:26:17.350 [main] DEBUG org.apache.http.wire -  >> "Content-Length: 87[\r][\n]"
18:26:17.350 [main] DEBUG org.apache.http.wire -  >> "Host: altashop-api.fly.dev[\r][\n]"
18:26:17.350 [main] DEBUG org.apache.http.wire -  >> "Connection: Keep-Alive[\r][\n]"
18:26:17.350 [main] DEBUG org.apache.http.wire -  >> "User-Agent: Apache-HttpClient/4.5.13 (Java/18.0.2.1)[\r][\n]"
18:26:17.350 [main] DEBUG org.apache.http.wire -  >> "Accept-Encoding: gzip,deflate[\r][\n]"
18:26:17.351 [main] DEBUG org.apache.http.wire -  >> "[\r][\n]"
18:26:17.351 [main] DEBUG org.apache.http.headers - >> POST /api/products/13369/comments HTTP/1.1
18:26:17.351 [main] DEBUG org.apache.http.headers - >> Authorization: Bearer eyJhbGciOiJIUzI1NiIsInR5cCI6IkpXVCJ9.eyJGdWxsbmFtZSI6IkpvaG4gRG9lIiwiRW1haWwiOiJzb21lb25lQG1haWwuY29tIn0.WvBSxcQEqqniC1v08LzkrHcELegs0b7vtjGPWiaEWcI
18:26:17.351 [main] DEBUG org.apache.http.headers - >> Conten-Type: aplication/json
18:26:17.351 [main] DEBUG org.apache.http.headers - >> Accept: */*
18:26:17.351 [main] DEBUG org.apache.http.headers - >> Content-Type: text/plain; charset=ISO-8859-1
18:26:17.351 [main] DEBUG org.apache.http.headers - >> Content-Length: 87
18:26:17.351 [main] DEBUG org.apache.http.headers - >> Host: altashop-api.fly.dev
18:26:17.351 [main] DEBUG org.apache.http.headers - >> Connection: Keep-Alive
18:26:17.351 [main] DEBUG org.apache.http.headers - >> User-Agent: Apache-HttpClient/4.5.13 (Java/18.0.2.1)
18:26:17.351 [main] DEBUG org.apache.http.headers - >> Accept-Encoding: gzip,deflate
18:26:17.351 [main] DEBUG org.apache.http.wire -  >> "{"content":"the games are great including Gran Turismo 7 but sadly GT4 is much better"}"
18:26:17.377 [main] DEBUG org.apache.http.wire -  << "HTTP/1.1 200 OK[\r][\n]"
18:26:17.377 [main] DEBUG org.apache.http.wire -  << "content-type: application/json[\r][\n]"
18:26:17.377 [main] DEBUG org.apache.http.wire -  << "date: Mon, 08 May 2023 11:26:20 GMT[\r][\n]"
18:26:17.377 [main] DEBUG org.apache.http.wire -  << "content-encoding: gzip[\r][\n]"
18:26:17.377 [main] DEBUG org.apache.http.wire -  << "transfer-encoding: chunked[\r][\n]"
18:26:17.377 [main] DEBUG org.apache.http.wire -  << "server: Fly/3f2597ca (2023-05-03)[\r][\n]"
18:26:17.377 [main] DEBUG org.apache.http.wire -  << "via: 1.1 fly.io[\r][\n]"
18:26:17.377 [main] DEBUG org.apache.http.wire -  << "fly-request-id: 01GZXHSHZTJGPWT9E2SS5N62EV-sin[\r][\n]"
18:26:17.377 [main] DEBUG org.apache.http.wire -  << "[\r][\n]"
18:26:17.377 [main] DEBUG org.apache.http.impl.conn.DefaultClientConnection - Receiving response: HTTP/1.1 200 OK
18:26:17.377 [main] DEBUG org.apache.http.headers - << HTTP/1.1 200 OK
18:26:17.377 [main] DEBUG org.apache.http.headers - << content-type: application/json
18:26:17.377 [main] DEBUG org.apache.http.headers - << date: Mon, 08 May 2023 11:26:20 GMT
18:26:17.377 [main] DEBUG org.apache.http.headers - << content-encoding: gzip
18:26:17.377 [main] DEBUG org.apache.http.headers - << transfer-encoding: chunked
18:26:17.377 [main] DEBUG org.apache.http.headers - << server: Fly/3f2597ca (2023-05-03)
18:26:17.377 [main] DEBUG org.apache.http.headers - << via: 1.1 fly.io
18:26:17.377 [main] DEBUG org.apache.http.headers - << fly-request-id: 01GZXHSHZTJGPWT9E2SS5N62EV-sin
18:26:17.378 [main] DEBUG org.apache.http.impl.client.DefaultHttpClient - Connection can be kept alive indefinitely
18:26:17.378 [main] DEBUG io.restassured.internal.RestAssuredHttpBuilder - Parsing response as: application/json
18:26:17.378 [main] DEBUG org.apache.http.wire -  << "9E[\r][\n]"
18:26:17.378 [main] DEBUG org.apache.http.wire -  << "[0x1f][0x8b][0x8][0x0][0x0][0x0][0x0][0x0][0x4][0xff][0xab]VJI,IT[0xb2][0xaa]V[0xf2]tQ[0xb2]244[0xb4][0xb4][0xd0]Qr[0xce][0xcf]+I[0xcd]+Q[0xb2]R*[0xc9]HUHO[0xcc]M-VH,JUH/JM,Q[0xc8][0xcc]K[0xce])M[0xc9][0xcc]KWp/J[0xcc]S[0x8])-[0xca],[0xce][0xcd]W0WH*-Q(NL[0xc9][0xa9]Tp[0xf]1Q[0xc8],V[0xc8]-M[0xce]PHJ-)I-R[0xd2]Q[\n]"
18:26:17.378 [main] DEBUG org.apache.http.wire -  << "-N-R[0xb2][0xca]+[0xcd][0xc9][0xd1]Q[\n]"
18:26:17.378 [main] DEBUG org.apache.http.wire -  << "([0xca]O)M.[0x81]q[0x9d][0xf3]ss[0xc1][0x16][0x82]dkk[0xb9][0x0][0xc6][0x96][0x83][0xce][0x96][0x0][0x0][0x0]"
18:26:17.378 [main] DEBUG org.apache.http.wire -  << "[\r][\n]"
18:26:17.378 [main] DEBUG org.apache.http.wire -  << "0[\r][\n]"
18:26:17.378 [main] DEBUG org.apache.http.wire -  << "[\r][\n]"
18:26:17.378 [main] DEBUG io.restassured.internal.RestAssuredHttpBuilder - Parsed data to instance of: class org.apache.http.conn.EofSensorInputStream
18:26:17.380 [main] DEBUG org.apache.http.impl.conn.BasicClientConnectionManager - Releasing connection org.apache.http.impl.conn.ManagedClientConnectionImpl@1610c03c
18:26:17.380 [main] DEBUG org.apache.http.impl.conn.BasicClientConnectionManager - Connection can be kept alive indefinitely
18:26:17.381 [main] DEBUG net.thucydides.core.steps.StepInterceptor - STEP DONE: I send POST commant HTTP request
  &amp#27;[32mWhen &amp#27;[0m&amp#27;[32mI send POST commant HTTP request&amp#27;[0m                                 &amp#27;[90m# starter.stepdefinition.User_RatingandComment_steps.sendPostCommantHttpRequest()&amp#27;[0m
18:26:17.390 [main] DEBUG net.thucydides.core.steps.StepInterceptor - STARTING STEP: User_produuct_steps.reciveValidHttp201 - I receive valid HTTP response code 201
18:26:17.391 [main] DEBUG net.thucydides.core.steps.StepInterceptor - STEP DONE: I receive valid HTTP response code 201
  &amp#27;[32mThen &amp#27;[0m&amp#27;[32mI receive valid HTTP response code 201&amp#27;[0m                           &amp#27;[90m# starter.stepdefinition.User_produuct_steps.reciveValidHttp201()&amp#27;[0m
18:26:17.393 [main] DEBUG net.thucydides.core.steps.StepInterceptor - STARTING STEP: User_RatingandComment_steps.setPostCommantApiEndpoints - I set POST commant api endpoints
18:26:17.394 [main] DEBUG net.thucydides.core.steps.StepInterceptor - STEP DONE: I set POST commant api endpoints
  &amp#27;[32mGiven &amp#27;[0m&amp#27;[32mI set POST commant api endpoints&amp#27;[0m                                &amp#27;[90m# starter.stepdefinition.User_RatingandComment_steps.setPostCommantApiEndpoints()&amp#27;[0m
18:26:17.396 [main] INFO  - 
  _____   ___   ___   _____     ___     _     ___   ___   ___   ___  
 |_   _| | __| / __| |_   _|   | _ \   /_\   / __| / __| | __| |   \ 
   | |   | _|  \__ \   | |     |  _/  / _ \  \__ \ \__ \ | _|  | |) |
   |_|   |___| |___/   |_|     |_|   /_/ \_\ |___/ |___/ |___| |___/ 

POST - As an admin I have be able to create new posts comment
----------------------------------------------------------------------
]]></system-out>
  </testcase>
  <testcase name="POST - As an admin I shouldn&apos;t be able to create new posts commant with invalid url" classname="Posts #1" time="0.163">
    <system-out><![CDATA[
Scenario: POST - As an admin I shouldn't be able to create new posts commant with invalid url &amp#27;[90m# src/test/resources/features/User_RatingandComment.feature:38&amp#27;[0m
18:26:17.404 [main] DEBUG io.cucumber.core.plugin.SerenityReporter - Running feature from file:///C:/Users/Dimas%20Rizqi%20Suryana/Mini_Project2/src/test/resources/features/User_RatingandComment.feature
18:26:17.409 [main] INFO  - 
  _____   ___   ___   _____     ___   _____     _     ___   _____   ___   ___  
 |_   _| | __| / __| |_   _|   / __| |_   _|   /_\   | _ \ |_   _| | __| |   \ 
   | |   | _|  \__ \   | |     \__ \   | |    / _ \  |   /   | |   | _|  | |) |
   |_|   |___| |___/   |_|     |___/   |_|   /_/ \_\ |_|_\   |_|   |___| |___/ 

POST - As an admin I shouldn't be able to create new posts commant with invalid url(posts;post---as-an-admin-i-shouldn-t-be-able-to-create-new-posts-commant-with-invalid-url)
--------------------------------------------------------------------------------
18:26:17.428 [main] DEBUG net.thucydides.core.steps.StepInterceptor - STARTING STEP: User_RatingandComment_steps.setInvalidPostCommantEndpoints - I set typo POST commant api endpoints
18:26:17.430 [main] DEBUG net.thucydides.core.steps.StepInterceptor - STEP DONE: I set typo POST commant api endpoints
  &amp#27;[32mGiven &amp#27;[0m&amp#27;[32mI set typo POST commant api endpoints&amp#27;[0m                                                 &amp#27;[90m# starter.stepdefinition.User_RatingandComment_steps.setInvalidPostCommantEndpoints()&amp#27;[0m
18:26:17.451 [main] DEBUG net.thucydides.core.steps.StepInterceptor - STARTING STEP: User_produuct_steps.sendPostInvalidHttpRequest - I send typo POST HTTP request
18:26:17.454 [main] DEBUG net.thucydides.core.steps.StepInterceptor - STARTING STEP: POST_Product.sendInvalidPostHttpRequest - I set typo POST api endpoints
18:26:17.455 [main] DEBUG net.thucydides.core.steps.StepInterceptor - STEP DONE: I set typo POST api endpoints
18:26:17.470 [main] DEBUG org.apache.http.impl.conn.BasicClientConnectionManager - Get connection for route {s}->https://altashop-api.fly.dev:443
18:26:17.470 [main] DEBUG org.apache.http.impl.conn.DefaultClientConnectionOperator - Connecting to altashop-api.fly.dev:443
18:26:17.527 [main] DEBUG org.apache.http.client.protocol.RequestAddCookies - CookieSpec selected: ignoreCookies
18:26:17.527 [main] DEBUG org.apache.http.client.protocol.RequestAuthCache - Auth cache not set in the context
18:26:17.527 [main] DEBUG org.apache.http.client.protocol.RequestTargetAuthentication - Target auth state: UNCHALLENGED
18:26:17.527 [main] DEBUG org.apache.http.client.protocol.RequestProxyAuthentication - Proxy auth state: UNCHALLENGED
18:26:17.527 [main] DEBUG org.apache.http.impl.client.DefaultHttpClient - Attempt 1 to execute request
18:26:17.527 [main] DEBUG org.apache.http.impl.conn.DefaultClientConnection - Sending request: GET /api/product HTTP/1.1
18:26:17.527 [main] DEBUG org.apache.http.wire -  >> "GET /api/product HTTP/1.1[\r][\n]"
18:26:17.527 [main] DEBUG org.apache.http.wire -  >> "Accept: */*[\r][\n]"
18:26:17.527 [main] DEBUG org.apache.http.wire -  >> "Host: altashop-api.fly.dev[\r][\n]"
18:26:17.527 [main] DEBUG org.apache.http.wire -  >> "Connection: Keep-Alive[\r][\n]"
18:26:17.527 [main] DEBUG org.apache.http.wire -  >> "User-Agent: Apache-HttpClient/4.5.13 (Java/18.0.2.1)[\r][\n]"
18:26:17.527 [main] DEBUG org.apache.http.wire -  >> "Accept-Encoding: gzip,deflate[\r][\n]"
18:26:17.527 [main] DEBUG org.apache.http.wire -  >> "[\r][\n]"
18:26:17.527 [main] DEBUG org.apache.http.headers - >> GET /api/product HTTP/1.1
18:26:17.527 [main] DEBUG org.apache.http.headers - >> Accept: */*
18:26:17.527 [main] DEBUG org.apache.http.headers - >> Host: altashop-api.fly.dev
18:26:17.527 [main] DEBUG org.apache.http.headers - >> Connection: Keep-Alive
18:26:17.527 [main] DEBUG org.apache.http.headers - >> User-Agent: Apache-HttpClient/4.5.13 (Java/18.0.2.1)
18:26:17.527 [main] DEBUG org.apache.http.headers - >> Accept-Encoding: gzip,deflate
18:26:17.549 [main] DEBUG org.apache.http.wire -  << "HTTP/1.1 404 Not Found[\r][\n]"
18:26:17.549 [main] DEBUG org.apache.http.wire -  << "date: Mon, 08 May 2023 11:26:20 GMT[\r][\n]"
18:26:17.549 [main] DEBUG org.apache.http.wire -  << "content-encoding: gzip[\r][\n]"
18:26:17.549 [main] DEBUG org.apache.http.wire -  << "content-type: text/plain; charset=utf-8[\r][\n]"
18:26:17.549 [main] DEBUG org.apache.http.wire -  << "transfer-encoding: chunked[\r][\n]"
18:26:17.549 [main] DEBUG org.apache.http.wire -  << "server: Fly/3f2597ca (2023-05-03)[\r][\n]"
18:26:17.549 [main] DEBUG org.apache.http.wire -  << "via: 1.1 fly.io[\r][\n]"
18:26:17.549 [main] DEBUG org.apache.http.wire -  << "fly-request-id: 01GZXHSJ5AXFGK513NF871GV24-sin[\r][\n]"
18:26:17.549 [main] DEBUG org.apache.http.wire -  << "[\r][\n]"
18:26:17.549 [main] DEBUG org.apache.http.impl.conn.DefaultClientConnection - Receiving response: HTTP/1.1 404 Not Found
18:26:17.549 [main] DEBUG org.apache.http.headers - << HTTP/1.1 404 Not Found
18:26:17.549 [main] DEBUG org.apache.http.headers - << date: Mon, 08 May 2023 11:26:20 GMT
18:26:17.549 [main] DEBUG org.apache.http.headers - << content-encoding: gzip
18:26:17.549 [main] DEBUG org.apache.http.headers - << content-type: text/plain; charset=utf-8
18:26:17.549 [main] DEBUG org.apache.http.headers - << transfer-encoding: chunked
18:26:17.549 [main] DEBUG org.apache.http.headers - << server: Fly/3f2597ca (2023-05-03)
18:26:17.549 [main] DEBUG org.apache.http.headers - << via: 1.1 fly.io
18:26:17.549 [main] DEBUG org.apache.http.headers - << fly-request-id: 01GZXHSJ5AXFGK513NF871GV24-sin
18:26:17.549 [main] DEBUG org.apache.http.impl.client.DefaultHttpClient - Connection can be kept alive indefinitely
18:26:17.549 [main] DEBUG io.restassured.internal.RestAssuredHttpBuilder - Parsing response as: text/plain; charset=utf-8
18:26:17.549 [main] DEBUG org.apache.http.wire -  << "1E[\r][\n]"
18:26:17.549 [main] DEBUG org.apache.http.wire -  << "[0x1f][0x8b][0x8][0x0][0x0][0x0][0x0][0x0][0x4][0xff][0xcb][0xcb]/QH[0xcb]/[0xcd]K[0xe1][0x2][0x0][0xd4]I[0xfa]r[\n]"
18:26:17.549 [main] DEBUG org.apache.http.wire -  << "[0x0][0x0][0x0]"
18:26:17.549 [main] DEBUG org.apache.http.wire -  << "[\r][\n]"
18:26:17.549 [main] DEBUG org.apache.http.wire -  << "0[\r][\n]"
18:26:17.549 [main] DEBUG org.apache.http.wire -  << "[\r][\n]"
18:26:17.549 [main] DEBUG io.restassured.internal.RestAssuredHttpBuilder - Parsed data to instance of: class org.apache.http.conn.EofSensorInputStream
18:26:17.551 [main] DEBUG org.apache.http.impl.conn.BasicClientConnectionManager - Releasing connection org.apache.http.impl.conn.ManagedClientConnectionImpl@55cb3b7
18:26:17.551 [main] DEBUG org.apache.http.impl.conn.BasicClientConnectionManager - Connection can be kept alive indefinitely
18:26:17.551 [main] DEBUG net.thucydides.core.steps.StepInterceptor - STEP DONE: I send typo POST HTTP request
  &amp#27;[32mWhen &amp#27;[0m&amp#27;[32mI send typo POST HTTP request&amp#27;[0m                                                          &amp#27;[90m# starter.stepdefinition.User_produuct_steps.sendPostInvalidHttpRequest()&amp#27;[0m
18:26:17.555 [main] DEBUG net.thucydides.core.steps.StepInterceptor - STARTING STEP: User_produuct_steps.reciveInvalidHttpResponse - I receive invalid HTTP response code 404 Not Found
18:26:17.555 [main] DEBUG net.thucydides.core.steps.StepInterceptor - STEP DONE: I receive invalid HTTP response code 404 Not Found
  &amp#27;[32mThen &amp#27;[0m&amp#27;[32mI receive invalid HTTP response code 404 Not Found&amp#27;[0m                                     &amp#27;[90m# starter.stepdefinition.User_produuct_steps.reciveInvalidHttpResponse()&amp#27;[0m
18:26:17.557 [main] DEBUG net.thucydides.core.steps.StepInterceptor - STARTING STEP: User_produuct_steps.reciveNothing - I receive nothing from the page
18:26:17.558 [main] DEBUG net.thucydides.core.steps.StepInterceptor - STEP DONE: I receive nothing from the page
  &amp#27;[32mAnd &amp#27;[0m&amp#27;[32mI receive nothing from the page&amp#27;[0m                                                         &amp#27;[90m# starter.stepdefinition.User_produuct_steps.reciveNothing()&amp#27;[0m
18:26:17.559 [main] INFO  - 
  _____   ___   ___   _____     ___     _     ___   ___   ___   ___  
 |_   _| | __| / __| |_   _|   | _ \   /_\   / __| / __| | __| |   \ 
   | |   | _|  \__ \   | |     |  _/  / _ \  \__ \ \__ \ | _|  | |) |
   |_|   |___| |___/   |_|     |_|   /_/ \_\ |___/ |___/ |___| |___/ 

POST - As an admin I shouldn't be able to create new posts commant with invalid url
----------------------------------------------------------------------
]]></system-out>
  </testcase>
  <testcase name="GET - As an admin I have be able to see posts number 1" classname="Posts #2" time="0.437">
    <system-out><![CDATA[18:26:17.562 [main] DEBUG io.cucumber.core.plugin.SerenityReporter - Running feature from file:///C:/Users/Dimas%20Rizqi%20Suryana/Mini_Project2/src/test/resources/features/User_product.feature
18:26:17.564 [main] DEBUG net.thucydides.core.steps.StepEventBus - Test suite started for story net.thucydides.core.model.Story@b5097730
18:26:17.565 [main] INFO  - Test Suite Started: Posts

Scenario: GET - As an admin I have be able to see posts number 1 &amp#27;[90m# src/test/resources/features/User_product.feature:7&amp#27;[0m
18:26:17.572 [main] DEBUG io.cucumber.core.plugin.SerenityReporter - Running feature from file:///C:/Users/Dimas%20Rizqi%20Suryana/Mini_Project2/src/test/resources/features/User_product.feature
18:26:17.574 [main] INFO  - 
  _____   ___   ___   _____     ___   _____     _     ___   _____   ___   ___  
 |_   _| | __| / __| |_   _|   / __| |_   _|   /_\   | _ \ |_   _| | __| |   \ 
   | |   | _|  \__ \   | |     \__ \   | |    / _ \  |   /   | |   | _|  | |) |
   |_|   |___| |___/   |_|     |___/   |_|   /_/ \_\ |_|_\   |_|   |___| |___/ 

GET - As an admin I have be able to see posts number 1(posts;get---as-an-admin-i-have-be-able-to-see-posts-number-1)
--------------------------------------------------------------------------------
18:26:17.601 [main] DEBUG net.thucydides.core.steps.StepInterceptor - STARTING STEP: User_produuct_steps.setGetApiEndpoints - I set GET api endpoints
18:26:17.602 [main] DEBUG net.thucydides.core.steps.StepInterceptor - STEP DONE: I set GET api endpoints
  &amp#27;[32mGiven &amp#27;[0m&amp#27;[32mI set GET api endpoints&amp#27;[0m                                  &amp#27;[90m# starter.stepdefinition.User_produuct_steps.setGetApiEndpoints()&amp#27;[0m
18:26:17.607 [main] DEBUG net.thucydides.core.steps.StepInterceptor - STARTING STEP: User_produuct_steps.sendGetHttpRequest - I send GET HTTP request
18:26:17.608 [main] DEBUG net.thucydides.core.steps.StepInterceptor - STARTING STEP: GET_Product.setGetHttpRequest - I set GET api endpoints
18:26:17.608 [main] DEBUG net.thucydides.core.steps.StepInterceptor - STEP DONE: I set GET api endpoints
18:26:17.621 [main] DEBUG org.apache.http.impl.conn.BasicClientConnectionManager - Get connection for route {s}->https://altashop-api.fly.dev:443
18:26:17.621 [main] DEBUG org.apache.http.impl.conn.DefaultClientConnectionOperator - Connecting to altashop-api.fly.dev:443
18:26:17.667 [main] DEBUG org.apache.http.client.protocol.RequestAddCookies - CookieSpec selected: ignoreCookies
18:26:17.667 [main] DEBUG org.apache.http.client.protocol.RequestAuthCache - Auth cache not set in the context
18:26:17.667 [main] DEBUG org.apache.http.client.protocol.RequestTargetAuthentication - Target auth state: UNCHALLENGED
18:26:17.667 [main] DEBUG org.apache.http.client.protocol.RequestProxyAuthentication - Proxy auth state: UNCHALLENGED
18:26:17.667 [main] DEBUG org.apache.http.impl.client.DefaultHttpClient - Attempt 1 to execute request
18:26:17.667 [main] DEBUG org.apache.http.impl.conn.DefaultClientConnection - Sending request: GET /api/products HTTP/1.1
18:26:17.668 [main] DEBUG org.apache.http.wire -  >> "GET /api/products HTTP/1.1[\r][\n]"
18:26:17.668 [main] DEBUG org.apache.http.wire -  >> "Accept: */*[\r][\n]"
18:26:17.668 [main] DEBUG org.apache.http.wire -  >> "Host: altashop-api.fly.dev[\r][\n]"
18:26:17.668 [main] DEBUG org.apache.http.wire -  >> "Connection: Keep-Alive[\r][\n]"
18:26:17.668 [main] DEBUG org.apache.http.wire -  >> "User-Agent: Apache-HttpClient/4.5.13 (Java/18.0.2.1)[\r][\n]"
18:26:17.668 [main] DEBUG org.apache.http.wire -  >> "Accept-Encoding: gzip,deflate[\r][\n]"
18:26:17.668 [main] DEBUG org.apache.http.wire -  >> "[\r][\n]"
18:26:17.668 [main] DEBUG org.apache.http.headers - >> GET /api/products HTTP/1.1
18:26:17.668 [main] DEBUG org.apache.http.headers - >> Accept: */*
18:26:17.668 [main] DEBUG org.apache.http.headers - >> Host: altashop-api.fly.dev
18:26:17.668 [main] DEBUG org.apache.http.headers - >> Connection: Keep-Alive
18:26:17.668 [main] DEBUG org.apache.http.headers - >> User-Agent: Apache-HttpClient/4.5.13 (Java/18.0.2.1)
18:26:17.668 [main] DEBUG org.apache.http.headers - >> Accept-Encoding: gzip,deflate
18:26:17.919 [main] DEBUG org.apache.http.wire -  << "HTTP/1.1 200 OK[\r][\n]"
18:26:17.919 [main] DEBUG org.apache.http.wire -  << "content-type: application/json[\r][\n]"
18:26:17.919 [main] DEBUG org.apache.http.wire -  << "date: Mon, 08 May 2023 11:26:20 GMT[\r][\n]"
18:26:17.919 [main] DEBUG org.apache.http.wire -  << "transfer-encoding: chunked[\r][\n]"
18:26:17.919 [main] DEBUG org.apache.http.wire -  << "content-encoding: gzip[\r][\n]"
18:26:17.919 [main] DEBUG org.apache.http.wire -  << "server: Fly/3f2597ca (2023-05-03)[\r][\n]"
18:26:17.919 [main] DEBUG org.apache.http.wire -  << "via: 1.1 fly.io[\r][\n]"
18:26:17.919 [main] DEBUG org.apache.http.wire -  << "fly-request-id: 01GZXHSJ9QP9T1NTASXNQA91CT-sin[\r][\n]"
18:26:17.919 [main] DEBUG org.apache.http.wire -  << "[\r][\n]"
18:26:17.919 [main] DEBUG org.apache.http.impl.conn.DefaultClientConnection - Receiving response: HTTP/1.1 200 OK
18:26:17.919 [main] DEBUG org.apache.http.headers - << HTTP/1.1 200 OK
18:26:17.919 [main] DEBUG org.apache.http.headers - << content-type: application/json
18:26:17.919 [main] DEBUG org.apache.http.headers - << date: Mon, 08 May 2023 11:26:20 GMT
18:26:17.919 [main] DEBUG org.apache.http.headers - << transfer-encoding: chunked
18:26:17.919 [main] DEBUG org.apache.http.headers - << content-encoding: gzip
18:26:17.919 [main] DEBUG org.apache.http.headers - << server: Fly/3f2597ca (2023-05-03)
18:26:17.919 [main] DEBUG org.apache.http.headers - << via: 1.1 fly.io
18:26:17.919 [main] DEBUG org.apache.http.headers - << fly-request-id: 01GZXHSJ9QP9T1NTASXNQA91CT-sin
18:26:17.920 [main] DEBUG org.apache.http.impl.client.DefaultHttpClient - Connection can be kept alive indefinitely
18:26:17.920 [main] DEBUG io.restassured.internal.RestAssuredHttpBuilder - Parsing response as: application/json
18:26:17.920 [main] DEBUG org.apache.http.wire -  << "20E[\r][\n]"
18:26:17.920 [main] DEBUG org.apache.http.wire -  << "[0x1f][0x8b][0x8][0x0][0x0][0x0][0x0][0x0][0x4][0xff][0xaa]VJI,IT[0xb2][0x8a][0xae]V[0xf2]tQ[0xb2]24663[0xd1]Q[0xf2]K[0xcc]MU[0xb2]R[\n]"
18:26:17.920 [main] DEBUG org.apache.http.wire -  << "[0xce][0xcf][0xab]T[0x8][0x8]6U[0xd2]QrI-N.[0xca],([0xc9][0xcc][0xcf]S[0xb2]R*[0xc8]I[0xac]T[0xc8]H,V[0xc8][0xcb]W[0xc8][0xc9][0xcc][0xcd],)V[0xd2]Q[\n]"
18:26:17.920 [main] DEBUG org.apache.http.wire -  << "([0xca]LNU[0xb2]2[0xb2][0xb4][0xd4]Q[\n]"
18:26:17.920 [main] DEBUG org.apache.http.wire -  << "J,[0xc9][0xcc]K/V[0xb2]2[0xd1]QrN,IM[0xcf]/[0xca]L-V[0xb2][0x8a][0x8e][0xad][0xd5]A[0xd8]d[0x9][0xb7][0xa9]$[0xb5][0x18][0xa4]A[0xa1][0xa0](?[0xa5]4[0xb9][0x4][0xc3][0xc2][0x92][0x8c][0xcc]b[0x85][0xcc]b[0x85][0x92][0x8c]T[0x98][0x1a][0x85][0x14]$'[0xc1]m7@[0xb2][0xdb][0x18][0x8f][0xdd][0xe6][0x86][0xd4][0xb7][0xdb][0xd0][0xc0][0xc0][0x0][0xd9]~S|[0xf6][0x1b][0xd1][0xc6]~$[0xef][0xe3][0xb5][0x1e][0x11][0xc9]T[0xb]z[0x92][0xbc]oN[0x1b][0xef]#[0x7][0xbf][0x1][0xbe][0xe0][0xb7][0xa0][0xbd][0xfd][0xf8][0x92][0xbe]9[\r][0x92]>z[0xf8][0xe3][0xf3][0xbf][0x85][0xc1][0xc0][0xfa][0xdf][0x82]F[0xc9][0x9f][0xd8][0xf8][0xb7]0[0xa6][0xbd][0xff][0xf1][0x86]?"[0xff]y[0x4]([0xe4]f[0x96][0xe4]c[0x14]y[0xe0]2[0xb6]$[0xb5]()13[0x1b]Q[0xba][0x9a][0x9a][0x99]#eq[0xbc]V [0xb2]X[0x84][0x93][0x84]![0x86][0x5][0x8]CMP[0x8a]l[0xf4]r[0x3]Z^[0x1b][0x99][0x9a] [0xca]L[0xf7][0xc4][0xdc][0xcc][0xbc]t[0xc]#[0xdd][0xf2][0x8b][0x14][0xd2][0xc1]R[\n]"
18:26:17.920 [main] DEBUG org.apache.http.wire -  << "[0x5][0xa5]E[0x5][0xf9][0xc5][0xa9][0xc5]J[0xb5][0xc8]E[0xbe][0x5]"[0xdd]S[0xa1]r[0xc1]W[0xc0]["b8 X[0x1][0xb3][\n]"
18:26:17.920 [main] DEBUG org.apache.http.wire -  << "KO[0xcc]MU0U(.I,[0xc2][0x15][0x10][0xf8]2[0xb0]%"[0x2][0xdd]J[0x8b][0xf2]2KJ[0x8b]R[0x15]B[0xf2][0xb]0[0x83][0x4].[0x9b][0x92]X[0x94][0xa9][0xe0][0x95]Z[0x90]X[0x94][0x88][0xb0][0xd1][0xd0][0x4][0xb9][0xb6][0xc4][0x13][0x9f]&[0xa0][0xaa][0x85]z[0xf5]2^[0x9b][0x10][0xf1]L/[0xbf]!"[0x8b][\n]"
18:26:17.920 [main] DEBUG org.apache.http.wire -  << "[0xc9][0x2][0xaf][0xdf][0x10][0xf1][0x16]P[0x94][0x98]\[0x92][0x99][0x9c][0x98][0xa3][0x10][0x9e][0x9f][0x9f][0x92][0x9a][0xa7][0xe0][0x9d][0x97][0x99][0x96][0x8a][0x11][0x81][0x8e]9[0x99][0x89][0xc5][\n]"
18:26:17.920 [main] DEBUG org.apache.http.wire -  << "i[0xa5][0xe9][0x89][\n]"
18:26:17.920 [main] DEBUG org.apache.http.wire -  << "[0xa5]%zH1[0x7][0x8a][0x10]x;[0x7][0xaf][0x9d][0x88][0x9c][0xe8]Y[0x90][0x91][0x9f][0x97][0xaa]`h[0xa8]`f[0xa2][0x90][0x9e][0x84]a[0x19]8[0xd3][0x13][0xd5][0xb0][0xc2]k!"[0x97][0xc1],4[0xa2][0xa6][0x85][0x0][0x0][0x0][0x0][0xff][0xff]"
18:26:17.920 [main] DEBUG org.apache.http.wire -  << "[\r][\n]"
18:26:17.920 [main] DEBUG org.apache.http.wire -  << "463[\r][\n]"
18:26:17.920 [main] DEBUG org.apache.http.wire -  << "Bo[0xc9][0x99][0x18]"[0xaa][0x13][0x98][0x85][0xb4][0xf5][0xa1]!"[0x89][0xd2][0xc9]BSx[0x85][0x1]M[0xa1][0xe6]4[0x8a]<CDj[0x9]H[0xcc]I[0xf4][0xc9][0xf7][0x1][0x15][0x17]8[0xda][0xdf]X[0x1a][0xdf][0xc6][0xc6]H[0x15][0x4][0x9e]"[0xcc][0xc4][0x10][0xd1][0x6]"[0xb7][0x84][0xc4][0x97][0x8][\r][0x11][0x89][0x90][0x16][0xc6][0x1b]![0x92][0x9c]SQbrjN*f[0xaf][0xc1]71%U!?M!#3=C[0xa1][0xb0]41'[0xb3][0xa4]R[0xa1] 5[0xb1]([0x7][0xb9][0xbf][0x2]2[0x89][0xa8]|l[0x84]Ht4[0xf1][0x11][0xa2]MD[0x13][0xe3][0x11]e,[0xdd][0x2][0xc]Q[0xd8][0xd2][0xcd]JD>[0xa5][0xa6][0x95][0xf8][0xf2][0x91][0x91][0x19][0xbc]h[0xa0][0xa6][0x95][0xf8][0xf2][0x96][0x11][0xa2][0x8c][0x80][0x96]F[0x98][\r][0x1c][0xea]T%F[0x88]\L[0xa3][0x86][0xaa][0x89]1}r2[0xac][0x19]ka[0x88]H"[0x8e][0xc9][0xc9][0xa9][0xc5][0xc5][0x90][0x1a][\r]}[0x8c][0xa3]$_!5/#1/9U![0xb1][0x0]Th[0x80][0x98]([0xad]Y[0x13]cD[0x81]P[0x9c]Z[0x90][0x9a][0x82]YP'fV[0x82][0x4]aC#[0xa6]D[0xf6]OL[0x8c][0x11]e[0x1][0xbd][0xd2][0x14][0xa8][0xde][0x80][0xb6]/[0xa9][0xed][0x19][0xfa][0x17][0x3][0xc6][0x88]8[0xe][0x6][0xc7][0x8c][0x82]OfqI[0x11][0xb8]'[0x85]Z[0x95]B[0xa5]s [0xd2][\n]"
18:26:17.920 [main] DEBUG org.apache.http.wire -  << "y[0xe9][0xa9]I[0xa5][0xa0][0x9a][0x84][0xf4](C[0x14][0x3]P3[0xa1]V*8%[0xe6]$bv[0xc][0xa0][0x8a]P-VHJ[0xcc]K[0x7][0xd7]dP[0xfb]M[0x89]O2[0x88]2[0x81]nI[0x6][0xd1][0x82][0xa0][0x9b][0x95][0x88][0xf2][0x88]^V[0x9a] [0xca][0xa7][0xa0][0xd2][0xe2][0x92][0xcc]dX[0xc1])[0x11][0xb3][0x7][0x1c]Z[0xa2][0x90]ZT[0x94]_[0xa4]P[0x94][0x9a]\Z[0x9c][0x98][0x97][0x92][0x98][0xaa]P[0x90]_\[0x9c][0x99][Z[0xac][0x90][0x9b][0x9f][0x3][0x1a][0xe7]LLU(NMQ[0xc8][0xcc]-HM[0xc9]$[0xaf]K[0x81][0xd4][0x15]Gtc|2[0xf3]R[0xf3][0x14][0x9c][0xf2]KJr[0xb0]tcJK[0x14][\n]"
18:26:17.920 [main] DEBUG org.apache.http.wire -  << "R[0x8b][0x8a][0xb]2[0x93]3[0x13]K2[0x8b][0x15]R[0xf2]s[0xf2][0x8b]R[0x15]R2[0x93]K[0x12][0x15][\n]"
18:26:17.920 [main] DEBUG org.apache.http.wire -  << "[0xf2][0x8b][0x8a][0xf2][0x15]2[0xb][0x8a]Ks[0x15]R[0x13][0xc9][0xea][0xe5][0x98][0xd0][0xbf][0xc8]2A4i[0x82]sRS[0xb3][0x15] ![0xe0][0x9e][0x93]_[0x96][\n]"
18:26:17.920 [main] DEBUG org.apache.http.wire -  << "j[0xe1][0xa1][0xe6]t[0xff][0xb4][0xb4][0xcc][0xe4][0xcc][0xcc]b[0x85][0xe4][0xfc][0xbc][0xe2][0xd4][0xc2][0xd2][0xc4][0x92][0xd2]"[0x85][0xc4][0xbc][0xcc][0xdc]Lx[0xc4][0x14]+[0x94][0xe5][0xe7][0x94][0x16][0x94]$[0x96][0xa4]*[0xa4][0xa4][0xe6][0xa4][0xe6]e[0x96]d[0x92][0x17][0x18][0xf4]/[0xf2]L[0x10]E[0x9e]{~Qzj~i[0xb1]BPiRRj[0x91][0x82]3x[0x8c][0x3]-4R2K i[0xa0]4W![0x11][0x94]8[0xc0]I '1)[0xbf](3[0xbf]81W[0xa1][0xb0]4S!1'[0xb3][0xb0]43E[0xa1][0x98][0xdc]t[0x8a]([0x14][0x11][0xe9][0xd4][0xbd](1/[0xb3]$U[0xc1]9?[0x11]T[0xd2][0xa2][0xba][0xcb][0xb5][0x4][0xd4][0xd7][0xce]L,Q[0xc8][0xcf][0xcd][0xcb],V[0xc8][0xcd][0xcc][0xcb][0xcc]MT[0xc8]+[0xcd]-,M[0xcc]U(.-N[0xce], [0xd7]5[0x88]"2[0xb8]2/[0xb5](=[0x13][0x96][0x9d]s[0x14][0x82]32[0x8b][0xb0][0xba]&[0xb5][0xb8][0x4][0x9e]*2[0x93]J[0x8b][0x15][\n]"
18:26:17.920 [main] DEBUG org.apache.http.wire -  << "r[0x12][0x93]S[0x13]K[0x14]R[0xc9][0xcb][0xba][0xa0][0x2][0x1d]Z[0xcf]*[0xd0][0xa8][0xb]i[0x8a][0xc8][0x8a]d5[0xf][0x89]m[0xa5][0x98]"[0xe5]?[0xca][0xa7][0x8a][0xf0]5xM[0xe9][0x9f][0x9f]L[0x11][0xf9][0x89]^5[0x8d])"[0xb7][0xd0][0xcd]JD[0x96][0xa0][0x9b][0x95][0x88]V[0x3]Y[0xa9][0x13]u[0x82][0x11]o[0xaa]A4[0x16]hl[0x93][0x19][0xa2][0x8d][0x0][0xb5][0x9]s[0xbc][0x1d]_[0x87][0xc]u[0x4][0x1e][0xdd]O[0xb0][0xae][0xb][0x15]F[0xe0]M[0xcc][0x10]}[0x16][0xa8]Ki[0xd5]u4[0xa3][0xb0][0x14]">[0x9e][0xcd][0xe8]V[0xe]Qwr[0x1c]=[0x9e][0x91]fJL[0xcc][0x10][0xc5][0xf][0xad][0xe3][0x9]Q[0xea]@m[0x1a][0xb4]i[0x17]QX[0xe1]t)b[0x80][0x1e]_-F[0xd5][0x1c][0x85]Q[0x9e]Q[0x12]~4[0x9c]}31[0xc3]([0xf]1]J[0xff][0xf0]3[0xc7](;iU"!-[0xfa][0xf0]K,[0xce]TpI,[0xcd]S[0xf0]J-*[0x5]M[0xb0][0xa2]6C[0xc1][0xf2][0xe5][0xa9]y[0x89][0xd9][0xd9][\n]"
18:26:17.920 [main] DEBUG org.apache.http.wire -  << "%[0xa9]y[0x89]y[\n]"
18:26:17.921 [main] DEBUG org.apache.http.wire -  << "[0xb9][0xa5]E[0xb9][0xa9]Hs[0x85][0x86][0x96][0xa8][0xab]=[0xd0]33,[0x89]YX"Rmr~^I~[0x86]n2bE[0xc][0xfa][0xa8][0x93][bqFf~^bRN*[0xea]X[0x93]9[0xa2]4[0x5][0xbb][\r][0xe1]v[0x85][0xc4][0xca][0xc4]\[0x85][0xf4][0xfc][0xa2]T,3[0xb2]`[0xb5]T[0xf2][0x7]"[0x9d][0x13][0xf6][0x7][0xa6][\n]"
18:26:17.921 [main] DEBUG org.apache.http.wire -  << "[0xe4]y`[0x13]s[0xba][0x95][0xd8][0xe6]t+G[0xcd][0x11][0xf1][0xc]-[0x9d]h[0x96][0x8e]1[0xf2]1[0xad]l[0xb2][0xa0][k[0x1]iEF[0x84]S~[0x85][0xc2]`([0x99],[0x10][0xbd][0xe][0x1c]nB,x@[0x94][0x9b][0xf4]k[0xcb]Y r[0xe4][0xe0]t[0x1f][0xdd][0xd2][0xa9]%"[0x9d][0xe2][0x8][0x89][0x81][0x88][0x1f]KD[0x99]=[0x98]\Eq[0xd9][0xb][0x0][0x0][0x0][0xff][0xff]"
18:26:17.921 [main] DEBUG org.apache.http.wire -  << "[\r][\n]"
18:26:17.921 [main] DEBUG org.apache.http.wire -  << "57D[\r][\n]"
18:26:17.921 [main] DEBUG org.apache.http.wire -  << ""v[0xc9][\n]"
18:26:17.921 [main] DEBUG org.apache.http.wire -  << "[0xd2]"[0x19][0xec]K[0x90][0x6]6[0xfb]X"[0x1a][0xbe][0xd8][0x9d]7 i[0x6]9Oc[[0xb6]5[0xa0]af[\n]"
18:26:17.921 [main] DEBUG org.apache.http.wire -  << "Z[0xf4][0x2][0x1d][0xbd]"-[0xcc]h[0xd8][0xae]55@[0xe4]~[0xda][0xd6][0xbc][0xa6][0x6][0x88][0xbc][0x83][0xdd][0xfb][0x3][0x1c];[0x88][0xc6][0xe]v[0xe7][\r]@[0x8a]65@d3Z[0xc7][0xe][0xe5]y[0x87][0x96][0xc9][0x14]i[0x95][0xd4][0xe0][0x89][0x1d][0xa4][0x95]T[0xd8][0x1d]5[0xb0])[0xda][0x90]P[0x86][0x1b][0x88][0x14]m[0x88]h[0x17][0xd2]8E#[0xad]U[0xa0][0xb5]Mt[0xcb][0xa5]H[0xb][0xdc]h[0xed]'Dy@c[0x9b]@k[0xc8][0xa0][0xd5]"[0xad]mB[0xb4])im[0x13][0xdd]R[0xb9][0x11][0xa2][0xda][0xa2][0xb5][0x9f][0xe8][0x96][0xca][0xe9][0xb6]D[0xcb][0xd4][0x88]~[0xa9][0x9c]^[0xfd]9S[0xa4]5a4N[0x11]Hk[0xb8]hm[0x13]"[0xe7][0xe][0xc6][0x9a][0xd6][0x18][0x91][0xdd][0xb1];o jZ[0xe4]u\4[0x9d]a65[0xa6][[0xc9]`[0x8c][0x18]'[0xf4][0x8]Pp[0x6]-[0xc2][0xc9][0xc4][0xb2]A%'[0xb5][0xa0]$[0xbf]@[0x1]c[0x7][0x90]%[0x8] -[0xf1]F[0x1f]wF[0x9a]D25[0xa6]j[0xd1]`[0x84]{C[0x9d])[0xd2]")[0x9a]m(D[0xf7])l[0x84][0xdd][0xd4][0x0]Q[0xc0]7[0xac]`,[0xad]H#[0xb0]7[0x9]yr[0x95]j^ j[0xe][0x8a]J[0xce]G[0x14]/[0x84][0x9c][0x8f][0xc8][0xc9][0xa0]=[0x83]x[0xd2][0x12][0xb5]C[0x18][0xd1][0x98]'[0xe4]D[0xa2]7[0xfc][0x82]|[0x80]/[0x94][0x91][0xb3][0x83][0x9][0xa2][0x88][0xa3][0xaa][0xfd]xB[0x10][0xc5]zD[0x11]CU[0xeb][0xf1]y[0x9f][0xda]1[0x88](Ph[0xe6][0x5][0x9c]]p*[0xe5][0x13]D#[0x86]f^[0xa0]qI[0x85][0xb4][0x84]l[0xc8]z[0x1]1dG3/[0xa0][0xd7]WT[0xce][0xb]H[0xab][0xec]h[0xe6][0x5]Z'[0xa4][0x1]([0x90][0xa9][0x1d][0xb]4*[0xd3][0xe9]X[0xa8]"[0xad]4[0x1c][0xb2][0x9][0x9]Q[0xb5][0xc1]zQ[0xa6][0xa6]4[0x9a][0x94]65E4[0xa0][0xa9][0xbb]S[0xc5][0xd4][0x14]Q[0xbd]y[0xe6][0x95][0xa4][0xe6][0xe4]d[0xa6][0xa7][0xe6][0x95]([0x4][0x97][0xa4][0xa6][0x82]V[0x8][0xe7]cYU[0xee][0x99][0x2][0xda]YX[0x9c][0xa9][0x90][0x97]XRZ[0xc]Z4[\r]"[0x12][0x8b][0xc9]Z7nj[0x8a][0xa8][0x9c]`[0xe1][0x88][0xd1][0x90][0xc5][0xb7][0x8e][0x90][0xe8][0xb9]9S[0xcc][0x15][0x8b][0xb4][0x8a].[0xba][0xad]84[0xa5][0xdb][0x8a]CS[0xba][0xad][0x3][0x4][0x9f][0xf7]@[0x9f][0x91]E3D[0xe2]w[0xcd][0xcb]/[0xca][0x5]m [0x8][0xc8]I[0x4]/[0x91]w[0xce]H[0xcc][0x4][0xad]}B]$[0x15][0x6][0xd9],[0x1]:[0x99][0xa7]$U!/?[0xf]t6OYf[\n]"
18:26:17.921 [main] DEBUG org.apache.http.wire -  << "([0xcf][0xa4][0x16][0x93][0xb5]<[0xde][0x14]i[0x8d][0x9a]Ki[0x11]h[0x1d][0x14]h[0xbb]M[0x8e][0x2]v[0x17][0x4]C[0xb7][0x3]([0x14][0x96][0xe6]+ [0xed]][0xc8][0xcc]#g[0xdb][0x86])[0xdd][0x96][0xa2][0x99]"-E[0xa3]qF[0xa7][0xdb]R+S[0xba]-[0xb5]2[0xa5][0xdb]R+S[0xa4][0x83]zh[0x1c]OHG[0xf2][0x4][0x4][0x9b]`[0x96][0xfa][0xc5]&[\n]"
18:26:17.921 [main] DEBUG org.apache.http.wire -  << "I[0x89]E[0xa5][0x88][0xbe][0xbb]1[0xfe][0xf5][0x87][0xc8]=O[0xba]-[0xe3]2E:[0xd8][0x87][0xd6][0xe1][0x85]h[0xbb][0xd2][0xda]&D[0x13][0x93][0xd6]6![0x6][0xb2]hm[0x13]f[0x83][\r]3[0xc9][0x11]}[0xca][0x1b]z7[0x5]%[0xed]!Zk[0xb4][0xf6][0x13][0xa2][0x2][0xa3][0xb5]Mtk[0xa6]Y[0xd2]kq[0xb4])[0xd2][0x12]:[0x1a][0x87][0x1e][0xd2][0xb2]8Z[0xdb]D[0xb7]2[0xc2][0x12]QFP[0xbd][0xf4][0xb6][0xa4][[0xa9][0x80][0xb4]"[0x8e][0xd6]1C[0xaf][0xbc]j[0x86][0xb4]8[0xcc][0xb5](=?/?73Y[0xc1]1[0xa7]473[0xaf]4[0x17][0xeb][0xd6]X[0xc7][0xd2][0x12][0x85][0xa4][0xd4][0xc4][0x92][0xc4]T[0xf8][0xc6][0xcf][0xd4]\[0x85][0xdc][0xc4][0x8a][0xcc][0xdc]T[0x85][0xbc][0xd4][0xdc]|[0x85][0xcc][0x9c][0x9c][0xd2]\[0xd0][0xa6]Xp[0xdf][0x8f][0x9c][0xa6][0xa6][0x99][0x1][0xbd][0x8a]E3[0x3]z[0x15]Vf[0x83]{-[0x91][0xd9]`\KdF[0xbf][0xb5]DH[0xfb]Ph[0x9d][0xb9][0xe9][0x96][0xe2][0xc][0x10][0x93]^[0xb4][0xf5][0x93][0x99][0x1][0xa2][0x80][0xa7][0xb5]M[0xf4]*[0xee][0xcd][0xc][0xe9][0xd5][0x8]4C:k[0xc][0xfb][0xe2][0x82][0x1]]eh[0x86][0xb4]|[0xb][0xbb][0xf3][0x10][0xbd].[0xba][0xed][0xee]0C:n[0x8c][0xc6])[0xce][0x8][0xd1]L[\n]"
18:26:17.921 [main] DEBUG org.apache.http.wire -  << "[0x8]64[0xa0][0xa0]#[0x80]~N[0x16]|[0xb0][0x1f][0xa9]j[0x80][0x1c][0x10][0x8a]a[0x9][0xa1][0xf9]y3#[0xba][0xe5]@[0xa4][0x13][0xbd][0xb2]3[0xb][0x12][0x8b][0x15][0x12][0xf3][0xd2]3[0xf3]0\[0x9c][0x9b][0x9a][0x97][0x9e][0x9a]S[0x9a]X[0x94][0x9d][0x98][0x7]Q[0xa2]P[0x9c][0x98][0x97][0x9e]X[0xa2][0x90][0x9d][0x9a][0x97][0x9c][0x8][0xde][0x8d][0x7]=[0xc6][0xc7][0x10][0xb4]n[0x1e][0xe7]!s[0xf0]PB:[0xd6][0x85][0xcc][0x13]V[0xcd][0x90][0xd6][0x9d][0xc1][0x8f][0x1]q*[0xca][0xcf][0xab]J[0xc5]1[0x84][0x6]9[0xdf][0xb2]([0xb5] 5''5/[0xa5][0xb4]X!1[0x19]tt[\r][0xe8][0xc0][0x9a][0xc2]R[0xb2][0x86][0xb1][0xcd][0x90][0x96][0xa4][0xf9][0xa6][0xa6]d[0xe6]'[0x17][0xa5][0x82]F[0xf1]@[0x87]l[0xe2]8[0x9c][0xc5][0x11]lg^I&[0xe8][0x0][0x9a][0x12][0x85]|[0xf0]Y-[0x89][\n]"
18:26:17.921 [main] DEBUG org.apache.http.wire -  << "e[0xa9]9[0x99]%[\n]"
18:26:17.921 [main] DEBUG org.apache.http.wire -  << "y[0xf9]I[0x99][0xc5]d[0xb5][0xb2][0x90][0x8e]/[0x1b]r1[0x89][0xb4][0x6]n[0xe8][0xb9][0x1d]1[0xbd];[0xf4][0xdc][0x8e]hS[0xc]=[0xb7]#Jr[0x1a][0xd7][0x19]H[0xcb][0x5]=[0xf3][0x92][0x8b]RS2[0x93]rR[0x15]`%MN~2[0xe6][0x9e]j[0xd7]D[0xf8][0xf1]=[\n]"
18:26:17.921 [main] DEBUG org.apache.http.wire -  << "[0xa9]y[0x99][0x90][0xe]T1([0xa7][0x16]'g[0x96][0xe6][0x95]([0xa4][0x94]&[0x83][0xf][0xca][0x82][0x9c]M[0x95]KV[0x96][0xa7][0xdb][0x92]A3[0xa4][0x85]|[0xb4][0xe]l[0xba]5[0xa8][0x91][0x8f][0xd4][0xa2][0xe9][0x82]K3[0x13][0xba]5sM[0x10][0xcd]\[0x9a]dh[0x9c][0x8d][0x1e]*T[0xe7]&[0x94][0xf][0x13][0x10][0xb9][[0xd3][0xcc][0x84]nC2H[0xeb][0x97]h[0x9c]qL[0x11][0xf5][0x10][0xad]m[0xa2][[0xc9][0x8b][0xb4]\[0x84][0xd6]~[0xa2]<[0xf1][0x11][0xb7]4[0xd2][0x8c]n[0xeb][0x1e][0xcc][0xe8][0xb6][0x1a][0xc1][0x8c]n[0xa7][0x12][0x99][0xd1][0xed][0xac] 3[0xd0][0xed][0x13]tY[0x8d]`[0x86][0xb4][0xe][0x80][0xc6][0xa9][0x9c]nS[0xf1]fHS[0xf1][0x1e][0x5][\n]"
18:26:17.921 [main] DEBUG org.apache.http.wire -  << "a[0x99]e[0xf9][\n]"
18:26:17.921 [main] DEBUG org.apache.http.wire -  << "[0x91]FFX[0xfa][0x95][0xb9][0x99]9[0x99][0xd9][0x99][\n]"
18:26:17.921 [main] DEBUG org.apache.http.wire -  << "[0xc5][0x5][0xa9][0xc5][0x99]i[0x99][0xd9][0xa0][0xb3]j*[0x13][0xf3][0xd2][0x15][0x12][0xb][0xc0]'[0xd8]B;[0x95][0xc6][0xa0][0xfb][0x86]P:[0x96][0xe8]5[0x11][0xd2]<[0x9c][0x99]9)[0xdd]g,[0xe7][0xca]#[0xe5]d[0x0][0x0][0x0][0x0][0xff][0xff]"
18:26:17.921 [main] DEBUG org.apache.http.wire -  << "[\r][\n]"
18:26:17.922 [main] DEBUG org.apache.http.wire -  << "C99[\r][\n]"
18:26:17.922 [main] DEBUG org.apache.http.wire -  << "B[0x9f][0xee][0xa3]f[0xff][0x15]i[0x11]A[0x0][0xe4]2([0x5][0xc7][0xd2][0x9c][0xcc]D[0x5]c[0x8c]p[0xca][0xcc][0xcb][0x4]-8[0x1]][0x18][0xa5][0x90][0x8]W[0x3][\r][0x1c]|[0xeb][0xf7]P[0x82][0x5][0xd1]8[0xa0]u:C[0xd4][0xaf][0xd8][0x7][0x99][0x6]v[0xc][0xc]i[0xfd][0x1]v[0xe7][0xe1][0x1a][0x3][0xc3][0xb9]^[0x9b][\n]"
18:26:17.922 [main] DEBUG org.apache.http.wire -  << "[0xcd][0x1f][0xa4][0x85][0xb][0xd8][0x1d]5[0xc0]a[0x86][0xa8][0xf4][0xb1];[0xf]W[0x98][0xd1]2[0x7]![0x9d]Z[0x3][0xce]A[0xd9][\n]"
18:26:17.922 [main] DEBUG org.apache.http.wire -  << "[0xee][0x99][0xa9]9[0x18][0xb9]'[0x4]t[0x14]q^:[0xe8][0x1a][0xb5][0xec][0xa2][0xcc][0x82][0xe2]L[0x84][[0x89][0xdf]adf[0x81]h[0xc5]#Y[0xa6][0x90][0x9d][0xaa][0x8b]Y[0xae]Q[0xc9]FD[0x86]E[0xb3][0x11][0xb3][0x84][0xa0][0x92][0x8d][0x88]f[0x10]|{[0x11]M[0xef][0xfa]1C[0xba]&[0x9][0xec][0xc7][0xe4][0x12][0xda][0x16][0x82]H[0xab][0xc][0xe8][0xe4]C[0xba][0xad][0x1]0[0xb3]$[0xa5][0xde]#x[0x9f]!z[0xc6]E[0xae]J[0xe8]6{nf[0x89][0xa8]Jh[i[0x99][0x83][0x9a][0x17]ti[0xf0][0x99]#[0x1d][0xad]Bk?!J[0x10]Z[0xdb]D[0xb7]xB:[[0x84][0xc6]~2D[0xc][0x8f]z[0x6]x[0xf8][0xfb][0xb9]*[0x18][0x9a]*[0x4][0x4][0xf9]cT0[0x1e][0xae]~[0xee][0x1][0xfe]~[0x88]j[0xc5][0x4][0xd4][0xef][0xc7]9[0x9][0x82][0x94][0x93][0xcc][0x91]f[0xea]i[0xed][0x1b]D[0xfd]E;[0xdf][0xd0]-[0xbd]!M[0xb3][0xd2]8[0xdc][0x90]fLim[0x13]"[0xbd][0xd1][0xda]&z[0xd5][0x14][0xe6]H[0x93]tn[0x89]y%[0x90]5[0xf6][0xbe][0x89]E[0xa0]!t[0x9f][0xc4]\[0xcc][0xcb]B\K[0x14]22[0x93]A[0xeb][0x8e][0xf2][0x91][0x6][0xc5]Ac[0x19]D[0xe5]'[0xa4][0xf9][0xb8][0xa4][0xc4][0xe2][0xd4][0x94][0xa2][0xb4][0xcc][\n]"
18:26:17.922 [main] DEBUG org.apache.http.wire -  << "[0x8c][0xfc][\n]"
18:26:17.922 [main] DEBUG org.apache.http.wire -  << "[0x96]IMK,[0xcd])I[0x1][0xad][0xf5][0x87]v[0xa4][0xcc],A]q[0xe2][0xac][0xa1][0xd7]0[0xb5]9[0xd2][0xfd]8[0xb4][0xe9]I[0xe3][0xa9][0xe7][0xcd][0x91]n[0xca][0xa1]q[0x8a][0xa4][0xdb][0xa1][0x4][0xe6]t[0x9b][0xcb]0[0xa7][0xee][0x99][0x4][0xf8][0xe2][0x9][0xa9][0xff]I[0xe3]xB[0xda]XNk[0x9b][0x10]}[0x11]Z[0xdb][0x84][0xc8][0xcc]4[0xab][0x19]A[\r][0x2]h[0xeb][0x92][0xfe][0xd9][0x18]in`[0x0],[0xa7][[0xad][0x86]tu[0x6][0x8d]S[0xc][0xd2][0xf5][0x15][0x3][0x10][0xa0][0x88][0x8c]1[0x0][0x96]#[0xda][0xf9][0x3]`9"[0xa3][0xd2][0xdf]r[0xa4]m[0xa4][0x3]`9bvo[0x0],G[0xe4]`z[0x8c][0xd1][0x98][0xd3]m:[0xc9][0x9c]n[0x9b][[0xcd][0x91][0xa6][0x93][0xb0][0x8f][0x9f][0xe][0xe8][0xf0][0xae]9[0xa8][0xe1][0xb][0xad][0x9e][0xb0];[0xf][0xa9]o[0x8b][0xf7]Pd*N[0x90][0x98][0xd3]m[0x8f][0xaa]9[0xd2][0xc4][0x18]v[0xef][0xf]l[0xec] [0xcd][0xa6]aw[0xde][0x80][0xc4][0xe][0xa2][0xf]9[0x88][0x1c][0x85][0x18][0x80][0xc0][0xee][0xa8][0x1][0x8e]HD[0xed][0x89][0xdd]y[0x3][0x12][0x91][0x88]Zu[0xf0]8jpO[0x87][0x99][0xa3][0xdc][0xe1][0x80][0xed][0xec][0xf2][0x81][0x88]H[0xa4][0xe9]0[0x97][0xd2][0xec]R[0xcc]e[0xdc][0x8]G[0x99][0x11][0xbd][0xa3][0xda][0xdc]bpg)[0x94][0x9b]![0x6]ML[0x10][0xca]R[0x3][[0xc]!m[0x80][0x1d]<9[0xde][0x92][0xd0][0xc][0xf3][0x0][0x87][0x19]b[0xf8]|[0x10][0x85][0xd9][0xe0][0xce][0x9b]H[0x93]w[0x83]([0xcc][0x6]u[0xde][0xb4]@[0xda][0xc4];h[0xc2][0xcc][0x2]i[0xf3]!M[0xd6][0x15][0xa3][0x8f]mR[0xb1][0x17]a[0x81]4[0xdb]:[0xf4][0xdc]N[0xa8][0x8d]=[0xa0]e[0xa2][0x5][0xd2]}[0x17][0x83]([0xad]"[0x86][0xc7]h;[\n]"
18:26:17.922 [main] DEBUG org.apache.http.wire -  << "h[0x81][0xb4][0xdd][0x9c][0xee][0x83]2[0x16]H[0xd3][0xe0][0xd8][0xc3]~`[0x93][0x6][0xd2][0xdc]9v[0xe7]![0xda][0xa2]t[0xdb]gj[0x81]4[0xd9]>[0xe4][0x8a][0x2][0xa4][0xdd][0xf3][0xd8][0x3]t[0x80][0xe3][0x9b]PKd@[0xe2][0x9b]nE[0x1][0xd2]r[0x84][0xa1][0x97][0xb2][0x10][\r]"p[0x81][0xe9]X[0x94][0x99][0x9e][0x98]_[0x2]:[0xb][0xf5][0x10]<[0xaa][0x1c][0xc7]h[0x81][0xb4][0x9e]b[0xc8][0x5][0x15][0xd2]Fu[0xfa][0xac][0x1e][0xb4]@[0xda][0xb0][0xe][0x8e][0x9c][0x80]`[0x1a][0x1d]^i[0x81][0xb4][0xe9][0x9c]^~C[0x94][0x19][0xb4][0xf6][0x1b][0xdd][\n]"
18:26:17.922 [main] DEBUG org.apache.http.wire -  << "[0x2][0xa4]m[0xd8]4[0xf6][0x13][0xd2][0xa6]iZ[0xdb][0x84][0x98]|[0x1a]r9[0xd6][0x18][0xad]p[0xa3]][0xfe]A[0xda]{[0x89]3>[0x10][0x95] [0xd1][0xc7][0xd7]Z [0xed][0x8b]T[0xc0]X[0xc9]D[0x9d]"[0xd9][0x84]n[0x81][0x84][0xb4][0xc]b[0xc8]%%[0xa4]U[0x14]8#[0x98]:[0xf1][0x81]t[0xde]:[0xad]mB[0xc][0xba][0xd1][0xda]&DW[0x96][0xd6]6!F[0xea]hm[0x13][0xdd]*0[0xa4][0x83][0xc0]i[0xed]'DY0[0xe4]r([0xd2][0x12][0x8d][0xa1][0xe7][0xf6]!\[0xc9]"[0x9d]F>[0xf4][0xc2][0x1d]Q[0x2][0xe]=[0xb7]#[0xca][0x9f][0xcc][0xbc][0x94][0xfc][0xdc][0xcc]T[0x8c][0x6]Bbv[0xa9]Bqiv[0xa2][0x2]B[0x1]t[0xb5][0xb3][0x11][0xd1]S[0x80][0x16]H[0x8b]W[0xa0][0xa5][0xf][0xe6][0x9d][0xf5][0xf8]j>[0xfa][0x8d][0xf0] [0x9d][0xec][0x8e][0xd3][0xa5][0x88]F[0x18][0xbe][0x9d][0xb3][0xd4][0x1c][0x82]6G,[0xa0][0x82][0xb8][0xaa][0xd8][0xb4][0x18]#[0xa6][0xe0][0x1][0x88][0xbe]#[0xd9][0xcc][0xcc][0xc][0xcf][0x8e]d[0xa4][0xcd]$[0x16]HS[0xb5][0x88][0xe8]F[0xed][0xc3]S%=X [0xba]S[0xb4][0xb5][0x7][0xb1]\[0x82][0xb6][0xf6] [0xea]<[0x9a][0xda][0x83]4[0xef]J[{[0x10][0xe9][0x8d][0xb6][0xf6] [0xd2]Ape^jQz&[0xf8][\n]"
18:26:17.922 [main] DEBUG org.apache.http.wire -  << "[0x5][0xc8]%"[0xd8][0xaf]1[0xf0],[0xca][0x7][0xad]K[0x80][0x95]A[0x96][0xa0]][0xb5][0xc4][0xec][0xb8][0xb0]D[0xda][0x9e][0x87]8[0xdc][0x16]d[0x9a][0x82]S~II[0xe]f[0xc9][0xe7][0x9c][0xf]:[0xac][0xa9][0x4]$[0x1][0xb5][0xcd][0xdc][0x1c][0x94][0x11][0x89][0xb3][\r]Q[0x1b][0x7][0xe7][0xa4][0xa6]f+[0xb8][0x17]%[0xe6]e[0x96][0xa4]*[0x84]'[0xe6][0xe4][0xa4][0x96]`d^[0xd8])[0xbb][0x88][0xb2][0xc5][0xc4][0x0][0xb4][0xcd][0x9c]8[0xcb][0x10][0xc1]8[0xe4][0xaa] [0xa4][0xed])[0x90][0xa2][0x8d]f[0xe3]SH[0xc7]p[0xd1][0xda]&D[0xb1][0xe3][0x98]Z[0x94][0x9f]R[0x99][0x97][0x8]:I[0x19]vCH[0x8][0xe8][0xaa][0xe][0x8c][0x14][0xe0]ZQ[0x90][0x9a][0x92]Y[0x92][0xa8]PZ[0x2]:[0xcb]O!9[0xbf][0xa8] [0xbf][0x88][0xbc][0xc3][0xfc],[0x90][0xee][0x98]D[0xce]X>[0x99]y[0xa9]y[\n]"
18:26:17.922 [main] DEBUG org.apache.http.wire -  << "N[0x89][0xe9][0x98][0xb6][0x17][0x97]([0xa4][0x16][0x15][0xe5][0x17])[0xe4]efd[0xe6][0x80]\[0x90]Y[0xa2]P[0x9c][0x99]W[0xa2]P[0x94]ZT[0x9a][0xab]P[0x9a][0x93][0x93]H[0xd6])c[0x16]t[0xdb][ba[0x82]([0xb6]h[0x1c][0xc3]t;[0xfb][0xcb][0x82]n[0xfb]e,[0xe8]v[0xca][0x98][0x5][0xd2][0xdd]QC[0xae][0xbc]BZ[0xe8][0xc]Mc[0x83][0xb5])[0x8b][0xb9][0xfa][0x19][0xd3][0xa5][0x88][0xea][0x86]nMY[0xa4][0x8a][0x91][0xa6][0xa7][0xe6]Y`[0x9e][0xe2][0x83][0xe9]x[0x9b][0x19][0xcb]i[0x6][0xf4][0xeb]t [0x1d][0xe4][0x83]3M[\r]@L!:[0x87]8]5H[0xc2][0xf][0xd1][0xfe][0xc1][0xe9][0xd2][0x1][0x8]?D+`0N[0xb8][0x83]Z[0x97][0x83]m[0xc7][0x86][0x5][0xd2][0xaa]m[0x9a]v<0[0xef]^[0x1a][0xac]e[0x3][0xd2]B[0xf1]A[0x94][0xb6]-0[0x6][0xe3][0x7]m[0xf8]a[0xc][0xe6]c[0xba][0x94][0xfe]e[0x3][0xd2]I;4M[0xe7][0xc8][0xe7][0xec][0x80][0xbb][0xa1][0xb0]~[0xa6]BxbIr[0x6]F7[0xc0]'5[0xb1]$#[0x15][0xe9]H[0x3][0xb]#[0xd0]VUbz[0xa1][0x16]H[0x8b]u!][0xde][0xf0][0xfc][0xfc][0x1c][0xe2][0xfb][0xbb]FF[0xa0][0x12][0x89]8[0x9b][0x10][0xc3]-[0xc8][0xbd][0x9b][0xe0][0xcc][0x9c]l[0x5]g[0xac][0xe7])C[0xe][F[0xc4][0xb3][0x91][0x11]h[0xa8][0x8b][0x18][0xcb],[0x91][0x96][0xae]"[0xe][0xa0][0x80][0x98][0xa7][0xe0][0x9c][0x9f][0x88][0xd9][0x95][0xf][0xce][0xcf])-ITH-QH.-[0xc8][0x4]u[0xe9]JR[0x91]N[0xa2][0xc0][0xbe]=[0xd2]h[0x9c]%[0xf2]=[0x1a]H[0xa3]#[0xce][0xf9][0x5][0x5][0xa9]E[\n]"
18:26:17.922 [main] DEBUG org.apache.http.wire -  << "[0xde]y[0x99]i[0xa0][0xb1][0x9][0xd4][0xe1]9[0x88][0xc3][0x10][0x1e][0xb5][0xb0][0x4]u[0xb0][0x89][0xf3]("[0xa7][0xc][0xb5]V[0xb9]%[0xd2]BRH[0xda][0x83][0x9e][0x10][0x12][0x90][0x98]W[0x82]9R[0x1a]T[0x9a][0x94][0x84][0x9c][0xc8]M[0xcd]@[0xb7]$[0x12][0x17]H[0x88]J[0x1d]b[0x11]<Ca[0xb7][\n]"
18:26:17.922 [main] DEBUG org.apache.http.wire -  << "[0xda][0xe7]GD[0x88][0xa5][0x5]hr[0x96]8[0xbb][0x10][0xc9][0x1c]y[0x18][0x1]n[0xa3]wjeR~bQ[\n]"
18:26:17.922 [main] DEBUG org.apache.http.wire -  << "[0xe1]\l[0x6]>&[0x88](K[0x91][0x96][0x85][0xe][0xb9]T[0x80]tsFpnbN[0xe][0xd2][0xdd]UXK[0x5],[0x91][0x3]JH[0xc4][0x85][0x13]b[0xac][0x1][0xf9][0xfe]c[0xc8][0x8][0xb][0xf6][0xb4][0x0][0x1e][0xd6]D[0xa4][0x4]s[0xb]CS[0xe2][0xc6][0xe5]-[0x91][0xd6][0x9d]z[0xa4]&[0x96]U*[0xb8][0x94][0x96]T"|[0x87]3![0x80][0x86]7[0x91]-[0x4][\r][0xc5][0x10][0xe7];D[0xfd][0xe][0xbf][0x95][0xc2]9[0xbf][0xa4]$?[0xf]W[0x81][0xe][0xc9]p[0x8][0xcb]L,[\r],[0x88][0xf5][0x1d][0xa2][0xe0]A.[0xce]A[0x8e]WpJ[0xcd][0xc3]RMa[0x96]r[0xa0][0x1b][0x9b][0x88][0xf3][0x19][0xa2]W[0x13]P[0x94][0x98]\[0x92][0x99][0x9c][0x98][0x3];[0x8b][0xdf][0x3]Ki[0xe][0x1d][0xb7]Ex[0xcc][0xd4][0x18][0xb4][0x0][0x91]8[0xbb][0x90][0xfa]%[0xe0][0xf4][0x18][0x90][0x8]*[0xb9][0xb1]W[0xbd][0xe8][0x1]hd[0xc]ZPG[0x9c]=[0x88]B)[0xa8][0x14]<[0x82][0xe][0xad]#[0xb0][0xd6]O[0x10]9[0x84][0x87],M[0x89][0xb7][0x8]{[0x89][0x4])O[0x15][0xb0][0x5][0x1f]D[\n]"
18:26:17.922 [main] DEBUG org.apache.http.wire -  << "a[0x99][0x91][0x89]9[0xb1][0xc9][0x2][0x14][0xcc][0xd0][0xe][\n]"
18:26:17.922 [main] DEBUG org.apache.http.wire -  << "[0xd2][0xb5][0x9][0x90][0xc][0x86][0xbd][0x96]G[0xf]B3cP[0xc6]!*[0x8][0x8d][0x10][0xd9][0xd9]'3=[0xa3][0xa4]<[0x15]D*@L[0xc4][0xea][0xb3][0xf0][0xfc][0xfc][0x94]T[0xa4][0xa9][0x8]SK[0xd0][0x82]:[0xe2],C[0xe4][0xae]!W[0xc6][0x1a]!eVp[0x9a][0x86]M[0x93](`/[0xf4]0[0xca]X3[0xb]Sc"[0xb][0x6][0xa4][0xcb][0x85][0xe0][0xa5][0x10]$[0xb]aKj[0x18]mW#S[0xd0]u[0x90][0xc4][0xc5][0x8]"[0xa7][0xc2]/[0xf4][0x86][0xd7][0xb3][0xd8]=[0x86][0x9e][0x8d][0x8c],@G[0x83][0x12]g[0x1b]"[0xbf]"W[0xec][0xb8][0xbd][0x6]j[0xd9]"[0xf2][0x10][0xf1][0xc7][0x8c]Y"[0xad]&u,O-[0xce][0xcf]MU[0x80][0x16][0xe3][0xc1][0x19][0x99]EX[0xda][0xae]%[0xa9][0xe0][0xf3]o[0xa1][0x13]^[0x16][0x96][0xc4][0x9e][0x9b][0x6]N[0xfc][0xd0][0xdc][0x8a][0x98]^[0x83][0xa7][\r][0x1c][0x5][0x11][0xa8]BA[0xf8][0xcb][0xc2][0x2]4/LT[0x8][0x1a]#F[0x11][0x11][0xb6]A[0x8b]j[0x85][0x80][0x9c]D[0xf0][0xac][0x1d]j[0xcb][0x18]T[0x9d] [0xec]26[0x6]m[0x17]%[0xce].D[0xd1][0x0]-]!Y[0x1f][0x87]=[0x18][0x9][0xde][0xdc][0x10]4[0xda]@[0x9c]U[0x88][0xb5]$[0xf0]d[0x8]M[0xd6][\n]"
18:26:17.922 [main] DEBUG org.apache.http.wire -  << "X[0xf][0xbb][0x83]z[0x19][0xe1]/[0xb]C[0xa2][0x9b][0xb2]H[0xb7][0xbf][0xc0][0xae][0x8f][0x87]'y[0xec][0xd5].[0xa8]C[0x87][0xb0][0xca][0x8c][0xf8][0x9]J[0xa4]#[0xd3][0x86]\[0x81][0x87]t[0x8][0x1b]r[0xcd][0x0]O[0xda]8n[0xe9]BMn[0xa6]&[0xa0][0xb9])[0xe2][0xd2][0x0][0xa2][0x8e]E[0xb6][0xf][0x1e]5[0xd8][0x8a]>[0xd4][0x88]15[0x4][0x1d][0x8a]L[0x94]eH[0xf3][0x84][0xc8][0x96]A[0x13]8[0xf6][0x19]x[0xf4]*[0xdd][0xc4][0x10][0xb4][0x85][0x9e]8[0xeb][0x10][0xd9][0x16][0xa9]J[0x7][0xb7][0x8b]q\[0xb9][0x6][0x96]C[0xa4]9#c[0xd0][0x89][0x82][0xc4][0xd9][0x85][0xc8][0xb6]HvA+t[0xec][0xed][0x7]X[0x9c]"[0xec]3[0x6][0x9f]%D[0x9c]}Hy[0x17]~y.[0xbc][0xb0][0xcd]O[0xc5][0xec][0x86][0xa2][0x96][0xea][0xe6][0x86]D[0xd7]V[0xc8]s[0x82]H[0x3][0x3][0xd0]X[0xc3][0x91]@P[0x1a]+f[0x96]D[0xa7]G[0xa4]iA[0xf8]-y[0x90][0x9a][\n]"
18:26:17.922 [main] DEBUG org.apache.http.wire -  << "{;[0x16]=[0xc6]L@#[0x98][0xc4][0x85] [0xa2]i[0xe][0xe9][0xbe]AK7[0x1c][0x5]-T[0x16][0x11]Y[0x96][0xa6][0xa0][0x83][0x9f][0x88][0xb3][\n]"
18:26:17.922 [main] DEBUG org.apache.http.wire -  << "Q[0xdf]c[0xc][0xea]`[0xb]?p[0xab][0x13]a[0x93][0x99][0x1][0xd1][0xa3]*[0xc8]K[0xe3][0xc1]#p[0x90]v[0x3][0xb1]~26[0x5][0x1d]HJ[0x94][0x9f][0x90][0x96][0x97][0xf][0xb9]B[0x16]4&[0x2]m=@G[0xb9]i[0xb4]K[0xc9][0x12][0xd4][0xf8][0x84][0xda][0x84]\[0xe2]Akm[0x5][0x1c][0xa5]9$[0xd2][0x10][0x9][0xc0][0xd4][0x4]48G\[0xb4] [0x1a][0xfb][0x88][0xe]'[0xac]R[0xc7]^[0xe]a[0xa4]l[0x13]S[0xd0][0xca]d[0xe2][0xac]C[0xb4][0xcf][0x91][0x86][\n]"
18:26:17.922 [main] DEBUG org.apache.http.wire -  << "@[0xb5][0x11][0x8e][0x11]C[0xa8][0xcf][0x11]~32$v[0xbd][0xa0]%hl[0x18]K`[0x82][0x8b][0x0][0x1c][0xfd][0x1][0xd4]B[0xcf][0xc8][0x8c][0xe8]f[0x18][0xd2][\n]"
18:26:17.922 [main] DEBUG org.apache.http.wire -  << "vh3[0xc]^%[0x6]g`-^Q[0xdb][0xb2][0x96][0xa6][0xa0][0xa1]-[0xe2][0xc2][0x10][0xd1]>[0x87]Z[0x5][0x89][0x1c][0x83][0xcb]`[0xef]"[0xc2][0xcf][0xc4][0x10]4[0x8b]E[0x9c]E[0xd8][0xeb]zpla[0xaf]|[0xc1]%/[0x92]][0xc4]7cA)[0x8][0x1a]W[0xf0][0xce][0x14][0xd4][[0xd8];8[0x18][0x9][0xc3][0xc2][0x8]t[0x15][0x1]Q[0x1e][0x3]u[0x1b][0xa0][0x96]![0x8f][0x8e][0x81][0xda])8[0x92]!Z[0x9]ki[0x8][0xea]h[0x12]g[0x17][0xa2][0xa2]G[0xc9][0xd1][0xd0][0xb1][0x16][0xac][0xcb][0xed][0xd0][0xa2][0xcc][0xdc][0x9c]x[0x9f]![0xb2]3R[0xfe][0x82]6+[0xb0]7[0x9b][0xd1][0xbc]FB[0xf3][0xc][0x94][0x11][0xa1][0xc1]8[0xe4][0x8a]t[0xcc]5[0xdf][0xb4]*[0xd2]1[0xd7]l[0xd3][0xcc]&D~[0xa5]q5[0x85][0xb4]x[0x87][0x96][0x13][0x84][0x96][0xa0][0x5][0xad][0xd0][0x14]F[{[0x10][0xd9][0x86][0xb6][0xf6] b[0x88][0xa6][0xf6][0x80][0x8a]xz[0x84][0x1b]h[0x9a][0x12]jO@[0xb0][0x2]f[0xba]NO[0xcc]MU0U(.ID[0x9a][0xb4][0xc5][0xbf]r[0x9]y[0x8a][0x11][0xd4]s[0x83][0x1a]O[0xe3][0x4][\r][0xea][0x92][0xd2][0xc7]&[0xd0]0[0x1c][0x9d]lBtgi[0x1c]z[0xa0][0xea][0x89]N~Btci[0xea]'[0x13][0x3][0xe4][0xd9]:Z[0xae][0x4]41@:K[0x86][0xd6]~[0xa2]_[0xe8]![\n]"
18:26:17.922 [main] DEBUG org.apache.http.wire -  << "TZ[0xfb][0x9][0xd1][0xa3][0xa0][0xb5]MH[0x3][0x0]4N[0x11][0x88][0xfe]f@F~^[0xaa]![0xe6][0x8d]h[0xe0]mT[0xa9])[0xb0]{[0x13][0x91][0x1a][0xdd]x[0xf]0F[0x14][0xaf]&[0x6]H[0xa7][0xba][0xd0]:[0xe8][0x10][0xf5][0x1e][0x8d]mB[0x9a][0x96][0xa3][0xb5]Mt*^M[0xc][0x90]f[0xff]h[0xed]'[0xba][0x15][0x10]H[0x17][0xe7][0x10][0xef]'D"'[0xf6]|[0x9][0x13][0x3][0xd0][0x0][0x15]=[0xea]&[0x13][0x3][0xa4][0xd1][0xea][0xdc][0xcc][0x9c]l[0x8c]u/[0x8][0xd7][0xe3][[0xcd][0x8e][0x9c]AA[0xb]"[0xa0]n[0xa7][0x96][0x89][0x88][0x8][0xa6][0xcb])8&[0x6]H[0xe7][0x86]x[0x16][0x80][0xca]2[0x5]CC[0x5]3[0x13][0x85][0xf4]$[0x8c][0x0][0xc2][0xb7]\[0x9b][0xf8][0x8]G[0xba]&[0x3][0xfb][0xc2]fD<[0xe0]o[0x89]Ro[0x8b][0xac][0x89][0x1][0xd2]P[0x14][0xed]B[0x81]z[0xe]6[0xb6]4GTv4[0xed][0xa9][0x80][0xd6][@[0x93][0xf8][0x90][0x1b]C[0x0]M[0x1d]@[0xdd]N[0x93][0xde][0xf][0xa2][\r]E[0x13][0xe3][0x11][\r]'[0x9a][0x18][0x8f]h[0xc3][0xd0][0xc2]x[0xa4]%[0xca][0xc4][0xd7][0x1f][0xa0]I.[0xe8][0xda][0x1]b[0xcb][0x13]cK[0xd0][0xbc][0x17]4[0x96]im[0x13]"[0xcf][0xd1][0xda]&D[0xe4][0xd0][0xda]&[0xc4]`5[0xad]m[0xa2][[0x1b][0x13]i[0xaf]6M[0xfd]db[0x80]tZ2[0xad]mB[0xc]S[0xd3][0xda]&D[0x13][0x84][0xd6]6![\n]"
18:26:17.922 [main] DEBUG org.apache.http.wire -  << "PZ[0xdb][0x84](Kim[0x13][0xa2][0x8c][0xa0]B}[0x9][0x0][0x0][0x0][0xff][0xff]"
18:26:17.922 [main] DEBUG org.apache.http.wire -  << "[\r][\n]"
18:26:17.922 [main] DEBUG org.apache.http.wire -  << "284[\r][\n]"
18:26:17.922 [main] DEBUG org.apache.http.wire -  << "JNU[0xb2][0xc2][0xbf][0xe2][0x9f]zm[\n]"
18:26:17.922 [main] DEBUG org.apache.http.wire -  << "[0x13][0x3][0x3]D[0xa9][0x83][0xbd]e6[0x90]g[0xbc][0x9a][0x18] [0x9d]w[0x8c][0xdd]y[0x3][0xd1]p[0x4][0xcd][\n]"
18:26:17.922 [main] DEBUG org.apache.http.wire -  << "Bk[0x9f]![0x17][0xdf][0xa0][0x85][0xbb]P[0xb7][0x13][0x9f]+[0x10][0x81]Ll[0x15]mb[0x0][0x9a][0x8c][0xa3][0x8f]EC8[0xf7]!-[0xb6][0x1c]r)[0x9][0xb4]v[0x99].[0x11][0x8c][0xb4]r[0x93][0xb6]I[0x16][0xb4]B[0x7][0xea]#*u[0xed]AK[0xcf][0xa8]l"[0xa2][0xfe][0xa4][0x96][0x1b][0xc9][0xa9]'[0xc9])[0x11][0xc8][0xba]o[0x97],[0x8b][0x10]u[0xda][0xd0][0xcb]U[0x88][0xb6]9[0xbd][0x6][0x83][0x10][0xad]L[0xea][\r][0x83][0x98][0xea](9'[0x96][0xa4][0xa6][0xe7][0x17]e[0xa6][0x16]+YE[0xa3][0x8c][0xa0]![0x12]\@[0xb0][0x9][0xe6][0x88]S[0xb1][0x89]BRb[0x11][0xe8],phk[0xc8][0x98][0xd8]c[0xe3]L[0xc][0x90]N[0xae][0xa5]mYa[0x82][0x88]'[0xea]w[0xa5]M[0xc][0x90][0xd7][0x0][0xd2]v^[0x3][0xe9]x\[0xe2]C[0x8c][0x8c]N[0xbb][0x89][0x1][0xd2]jC[0xb2]l"v[0x84][0x16]ie l[0x95]:d[0xf7][0x17][0x8e]uD[0x81][0xa5][0x99][0x89][\n]"
18:26:17.922 [main] DEBUG org.apache.http.wire -  << "[0xa9][0xf9][0xc5][\n]"
18:26:17.922 [main] DEBUG org.apache.http.wire -  << "E[0x89]%[0x99][0xf9]y[0xa9][\n]"
18:26:17.922 [main] DEBUG org.apache.http.wire -  << "y[0xa9][0xc9][0xa9][0xc5][0xc5][0x99]%[0x89]%[0x99]I[0xa5][0xc5][\n]"
18:26:17.922 [main] DEBUG org.apache.http.wire -  << "i[0xa5][0xe9][0x99][0x89]%[\n]"
18:26:17.922 [main] DEBUG org.apache.http.wire -  << "[0x89]y[0x99][0xb9][0x99]H[0xbb]r[0x8d]@]N"[0x96][0x1b][0x99][0x18] - [0xa4][0xad][0xc7][0x11][0xe5][0x1e]Y[0xf6][0x10][0xdf][0xb8]C:[0x8e][0x7]i[0xa5]4t[0xf9][0x17][0xae][0x15][0x91][0xae][0x15][\n]"
18:26:17.922 [main] DEBUG org.apache.http.wire -  << "[0x85][0xa5][0x89][0xa9]E[0x89][0xa0][0xd3][0xaa][0x8a][0xc0][0xc1][[0x8c][0x14][0x9e][0xf8][0xfb]<[0xc8][0x5][0x88])[0xdd]F[0x15][0x90]V[0xc0][0xc1]W2[0x83][0x17][0x82])8[0xe7][0xe7][0x16][0x94][0x96][0x80][0xb7][0x4][0xa3]n[0x1a]q,.H-[0xca][0xcc]/J-[0x86][0x9c][0x85][0x95][0x9f][0x9c][0x9c][0x98][0x9a][0x9c]X[0x92][0xa9]PXJ^[0xf2]A^[0x19]G[0xb3][0xd1]zj[0xf6])Ak[0xaa][0xa1][0xad][0x1e]ZN[0x95]"[0xdd][0xa4]KSk[0x10][0xd5][0x15]M[0xad]Atc0[0xb6][0xb4][0xe2]Xb[0xec]XZ[0xa2][0x90][0x92][0x9f][0x93]_[0x94][0x9a][0xab]P[0x94]Z[0x90][0x9a][0x93][0x93][0x9a][0x97]R[0x8a][0x9c][0xa7][0x88]/[0xa3][0x90]V[0xc4][0xd1][0xe8]Bz[0x13][0x3][0xa4][0x83][0xb0]hf[0x7][0xd2]*8[0xda][0xd9][0x81][0x98]e[0xa6][0xe1]<[0x8c][0x89][0x1][0xd2][0x1d][0xbc][0xb4][0xb5][0x7])[0x85][0xd3][0xee]L_[0x13][0x3][0xd0]>3X[0xb9]@K{@[0xa7][0x82]@[0xed][0xa1]q=[0x88][0xb4][0xa6][0x8f]f[0xa9][\r][0xb4][0x15][0x10][0xea][0x1b][0xda][0xd9][0x81][0x18][0xff][0xa5][0x9d][0x1d][0x88][0x9e][0xeb][0xe0][0x19][0xca]CZ,I[0xcb][0xc2][0x1d][0xb4]K[0x15][0x1a][0x87][0x83][0xc7][0xef]HG[0x3][0xe3][0xcc]&[0xe4]t[0xbf][0xe9][0xb5][0xf2][0xd0][0xc4][0xc0]r0&)[0xe4][0x3][0x94][0x88][0xee][0xba][0x91][0x15][0xce][0x88][0xe6][0xfe] JT[0xe4][0xb4][0xcd][0xc9][0xf0]=[0xb8][0xb7]0[0xd8][0xb2][0x94]![0xd2][0xc9]O8[0xb3][0x14][0xc6][0x8a][0x1a][0xb2]|[0x8f]([0xb0][0x89][0xb7][0x88][0x9c]^[0xbb]!h[0xd7][0xda][0xa0][\n]"
18:26:17.922 [main] DEBUG org.apache.http.wire -  << "g[0x0][0x0][0x0][0x0][0xff][0xff]"
18:26:17.922 [main] DEBUG org.apache.http.wire -  << "[\r][\n]"
18:26:17.922 [main] DEBUG org.apache.http.wire -  << "4F5[\r][\n]"
18:26:17.922 [main] DEBUG org.apache.http.wire -  << "[0xb2]241[0x4][0x9d][0xb9][0x3]u[0x14][0xad][0xbd][0x8f][0xc8]d[0xb4][0xaa][0x19][\r]A[0xc7][0xde][0xd0][0xc9]7[0x88][0xdc][0x19]P[0x94][0x9f]R[0x9a]\[0xa2][0xe0]X[0x9a][0x93][0x99][0xa8][0x80][0xb9][0x96]53/[0x13][0xb6][0x8e]U![0x11][0xae][0x6]:"G[0xe4]P[0x8c]![0xd2]L[0x19]}[0xec]C[0xb4][0xcc]i[0x9c].[0x90][0x16][0x88][0xd3][0xc7]g[0x88][0xc]O[0x1f][0xfb][0x10]U+}[0xec]C[0xf4]A[0xe8]c[0x1f][0xa2][0xbb][0xed]T[0x94][0x98][0x9c][0x8a][0xed][0x84]}[0xdf][0xc4][0x94]T[0x85][0xfc]4[0x85][0x8c][0xcc][0xf4][0xc][0xd0][0xd0]UNfI[0xa5]BAjbQ[0xe]rI[\n]"
18:26:17.922 [main] DEBUG org.apache.http.wire -  << "Z[0xdd]L[0xcc]0[0xa0][0xa1]![0xa2](q[0x9]sQ[0xf0][0xce][0xcc]M-).U[0xc8][0xcb]W[0x88]L[0xcc]LJ[0xc4][0x18][0x8]G[0xd4][0xb][0x86]F[0x6][0xa8]C[0xe0]x[0x86][0xd7][\r][0x91]V[0x90][0x83][0xac][0xf1]-MO[0xcd]S[0x8])J[0xcc][0x4][0x9d]<[0x84]:V[0x85][0xc7][0x6][0xf4][0xeb][0xb1][0x91][0xc6][0xdf][0xc][\r][0x11][0xa5][0x8][0x8d]l[0x0][0x85])[0xb4]D[0xa4][0x95][\r][0x88][0x92][0x82]V6 [0xe6]U[0x6]M[0xf3][0xcc][0x10]i[0xfa][0x10]9[\n]"
18:26:17.922 [main] DEBUG org.apache.http.wire -  << "[0x91][0x17][0x7][0x91][0xa3][0x10][0x13]<4[0xae]J[0x90][0x16][0x1]`[0xf7][0xfe][0x80].[0xc1]1D[0x9a]~[0xc7][0xee]<D)B[0xb7][0xb5][0xdb][0x86]HS[0xf5][0xd8][0x1d]5[0xc0]a[0x86][0xa8]=[0xb1];o@[0xc2][0xc]Q[0xc5][0xa6]'[0xe6]f[0xe6]a^[0xe9][0x91][0x96]_[0xa4][0x0][0x91]R((-*[0xc8]/[0x6][0x1f]A[0x3]m[0xf3][0x11]=;dH[0xd6]D?r[0x95]J[0xec]n)C[0xa4]S[0xa2]hsQ[0xa9][0x89]![0xd2]aNd[0x95][0x3][0xc4]6[0x95][0xe9]uk[0xac][0x89]![0xd2][0x9e][0x18][0xb2]|D|B@[0xda]+Ck[0x9b][0x10][0x95]-[0xad]mB[0xe4]"Z[0xdb]D[0xb7][0x1a][0x88][0xa4][0x99]y[0xf0]&G[0xa2]s+[0x15][0xe7][0x15][\r][0x91]&[0xf6][0x89][0xf]zDIK|[0xba][0xa5]t[0xc2][0x9e][0x4][0x9b][0x10]M[0x1f][0xe2][0xbd]Dt[0xe0]#7[0xda][0xe9]6in[0x88]4iNc?![0xcd][0x8c]Cm[0xc2][0xb2][0x9c]('[0xb1]R[0xa1]<[0xb3]$C!+[0xb5][0xb8][0x18][0xd4][0xdb][0x2]'`D[0xb2][0xc0][0xdf]hA[0xe]B[0xa4];G![0xb5]$F[0x97][0x8d]J[0x15]([0xd2][0x4][0xfa]P[[0xc0]fhFJ[0xf9][0x8][0x8e][\n]"
18:26:17.922 [main] DEBUG org.apache.http.wire -  << "[0xa2][0x93]35[0xcb][0x12][0xa4]sr[0xa0]I[0x7][0xf3][0xa4][0xc][0xf8]H[0xed][0x0]:[0x13]1f[0x80][0xbd]!9[0xb0][0xed]\[0xa4][0x19]}h([0x12][0x9d][0x1][0x91]b[0x9d][0xf8][0x1c][0x88]4[0xbb][0x8f]=8[0x88][0xcd][0xd6][0xd4]LJ[0xe6][0x88][0xa1][0x4]R[0x3][0x81]X[0xe7]"[0x97]BH[0xe7][0xef][0xc][0xb9][0xc2][0x1]iE[0x3]4[0xa8][0x6]e[0xae][0xc3][0xbc][0x7][0x8c][0xe8]dMV[0x8c][0xe][0x8d]"[0x13]i[0xfb][0xf1][0xd0]Kx[0x88]rtP'<R[0x9a][0xfc][0x3]W+[0x99]#[0x6][0x80][0x87]\J iq[0xd0][0xc0][0x5]1[0xd2][0xca][0xa2][0xc1][0x9c]`[0x91][0x16]'[\r][0xbd][0x94][0x80][0x98]R[0xa3][0xd9][0xd4][0xae][0x5]b [0x10][0x1a][0x8d][0x98]w[0x89][0xc1][0x9b][0x99][0x3]x[0xa3][0xa4][0x89]![0xe8]Vl[0xe8][0x94][0xb]N[0x97]"*7|[0xa3]Z[0xd4]l[![0xad][0xcf][0xf2](P[0x8][0xcb],[0xcb]W[0x88]42[0xc2][0xe8]w[0xe5][0xa6][0xe6]f[0xe6]dfg*[0x14][0x17][0xa4][0x16]g[0xa6]ef'[0x16]g*T&[0xe6][0xa5]+$[0x16]d[0x82]N}[0x81][0x8e]a[0x1a][0x83][0xe6][0xd1][0x88]][0xb7]o[0x88][0xb4]j[0xb][0x1a]$4m[0x6]`[0x9e][0xac]G[[0xeb][0x10][0x85]8[0xd4]wx[0xda]bX[0x92]&[0xf1][0x83][0x1c]D[0x1f][0xaf][0x87][0xaf][0x9b]nL[0xf4][0xa0]01[0xeb][0xda][0xf0][0xe5]9[0x12]<F[0xca][0xa8][0xe3][0xc0][0xd5]%[0xa0][0x3][0x93]Q[0xb3]6[0x8e][0x98][0xa6]R[0xf8]c[0x94]y8[0xac][0xcb]H,V[0x18][0xc0]P![0xb6][0xd5]M[0xa5]P!e[0xa4]o[0x0]Ceh4[0x94][0x91]n[0x8e][0xc4]>[0x10]0[0xa0][0xe3]"[0xe0]m[0x17][0xd0][0x1c]7([0x9d][0x87]([0xb7][0xb0];[0xf]Q[0xd1][0xe3][0x1f][0x9b][0xa1]bUod[0x80]h[0x8e]aw[0xd4][0x0]G)[0xa2][0xb8][0xc0][0xee][0xbc][0x1][0x9][0xb3]!Q[0xa8][0x18]![0x1d]2B[0xb8][0xa9]1`e[0x9f][0x11][0xd2]:L[0xec]Q<[0xb0])[0x10]i1%[0xe4][0xb2][0x13][0xc8]NDl[0x97][0x8f]8[0xe5]$[0xe6][0xa5]d[0x96]df[0x16]+$[0x97][0xe6][0x14]$*[0xa4][0xe6]e[0xe6][0x82]6[0xb2]&"m[0xb8][0x4][0x9d][0x2]H[0xcc][0xc2]5#[0xa4]cw[0x7]e[0xb8] [\n]"
18:26:17.922 [main] DEBUG org.apache.http.wire -  << "[0xe][0xda],[0xe5]22D[0xb4]h[0x6]e[0x0][0x10][[\n]"
18:26:17.923 [main] DEBUG org.apache.http.wire -  << "P[0xa5]%c[0x84][0xb6][0x8e][0x91][0xfa][0xb][0xc][0x8d][0x90][0x96]0[0xe][0xe6][0xf2][0x2]i[0x1d]$~gR'[0xdc][0x91][0x16]E[0xd2][0xc5]:[0xc4][0xb4][0x86]/h1xp~r2[0x96][0xfd][0xce][0xc9][0xf9]I[0x89][\n]"
18:26:17.923 [main] DEBUG org.apache.http.wire -  << "[0xc9]E[0xa9][0x89]%[0xa9][0xb0][0xf5][0xe2][0x88][0x9a][0xd0][0x98][0xd8][0xbe][0xb6][0x11][0xd2]y[0xba]T[0xb2][0xcd][0x10][0xf7][0x11][0x14]FF[0x88]"[0x83][0x6][0xa7]7[0x18]![0xad][0xb2]$5[0xa6][0xc8][0x99][0x16]3[0xc2]<ki[0x90][0x8e]2[0x19]![0xdd][0xcf][0x9][\r][0x19]L[0x97]"[0x92][0xf][0x9d]F[0x99][0x8c][0x88]>[0xf8][0x98]J[0x19][0x19]1[0xca]?[0x18][0xab][0x13][0xa2][0xf]v[0xa2]Nh [0xad]/[0xa5]Q[0xf5][0x8d][0xb4]X[0x94]V6 [0xca][0x93]A[0x19][0xa3][0x84][0xfa].[0x3][0xdb][0xb0]EZ[0xc5]I[0xed][0x3][0x81][0x8c][0x90][0x96]oR[0xdf]lRFP[0x7][0xae][C[0xb7][0xf5][0x9e]FX[0xd6]{*[0x4][0xe7]d[0xe6]b[0x8c][0xd7]Se[0xf8][0xd5][0x8]t![0xe5] [0x1e]eA[0xbe]s[0x13][0xef]F`[0xea][0x94][0xa3][0xa6][0x84]29[0xa2]^[0xa5][0xdf][0xa0][0xe][0xe6][\n]"
18:26:17.923 [main] DEBUG org.apache.http.wire -  << "=<c[0xc1][0x94]L2[0x18]![0xad][0x99][0x83][0xb6],p[0xd8]D[0x9d][0xd0]F:|f0[0x96][0xf8]H[0xc7][0xa0][0xa7][0xa4][0x16]'[0x17]e[0x16][0x80][0x8e][0xb6][0xc2][0xc8][0x87][0x88]$[0x81][0xaf][0xa9][0x85][0xb4][0xfa][0xc8][0x8]"
18:26:17.923 [main] DEBUG org.apache.http.wire -  << "[\r][\n]"
18:26:17.923 [main] DEBUG org.apache.http.wire -  << "187[\r][\n]"
18:26:17.923 [main] DEBUG org.apache.http.wire -  << "iB[0x93][0xca][0x6]#[0x92]/[0x8d]*i[0xa4][0xb9]D*;[0x1d]1f>([0xd3][0x2][0xa2][0x9a][0xc2][0xee]<D*[0xa0]_[0xc1][0x80]4'[0x88][0xdd]Q[0x3][0xdb]$A:[0xc3][0x2][0xbb][0xf3][0x6]$[0xcc][0x10][0xad]L[0xfc]E[0x1c]hb[0x8d][0xa2][0xc2][0xd4]rp[0xf]x![0x1d][0xb1]1[0x88]b[0x7][0xd1][0xab][0xa3]u[0xec][0x10][0xca][0xd0][0x3][0x9a]w[0x8c][0x91][0xe][0xc8][0x1f]4[0xb1]c[0x8c]t2[0x7]m[0xaa][0x17]c[0x82][0x7]e[0xc]p[0xac] [0x92]'[0xad][0x2][0x0][0x91],id[0x3][0xd2][0xc][0x8][0xad]l@[0xc]z[0xd2]``[0xd0][0x18][0xe9][0xd4][0x8][0xec]Yc`[0xd3][0xc8][0xe0][0x9e][0xe7]06D[0xcc]s`[0xf][0xbd][0x1][0xa8][0x94][0x8d][0xb1][0xcc]U[0xd0][0xb0][0xcf]k[0x8c]4[0xe7][0x80]=[0xc][0x6]6[0x5][0x19]![0xf2][0xf]v[0xe7][\r]D[0x14]![0xcd]-[0xd0][0xa8][0xd8]@[0x9a]O@[0xba][0xe2][0x1b]z[0xea]p@NbI*F[0xd7][0xcb][0xb1][0xb4]$5[0x17][0xfd][0xa8][0xe1][0xa2][0xd4][0xa2][0xd2]\[0xa4])Z[0xf0])W[0xc4][0xcc][0xd1][0x1a]#M98[0x96][0xa7][0x16][0xe7][0xe7][0xa6]*[0x80]/~Wp[0xce]O,[0xc1][0xb0][0xdc]5[0xbf]X![0xb3][0xa0][0xb8]4W![0xb3]$[0xb1][0xb0]4U!'1)[0xbf](3[0xbf]81W![0x15],[0x90]Z[0x2][0x9a].[0xce],![0xc7]1F&[0x88][0xbe][0x1c][0xf6]T0[0xa0][0x89][0xd4][0x8][0xe9][0x90][0xf0]A[0xe9]<D=:[0x18][0x9d][0x87][0xb4]YxP:[0xf][0xd1]I[0x1a][0x94][0xce]C[0xd4]a[0xf8]{[0x9][0xd4][0x19][0xa6]2[0x1d][0xdc]C[0x13]H[0x9b][0x92][0xb1]G[0xd6][0x0]T[0x17]Ft[0xdb][0xbf]l[0x84][0xb4][0x9][0xd5]7[0xbf][0xb4][0x18][0xb3][0x92][0xc0]7NN[0xec][0x88][0x9d][0x19]"[0x9][0xd0][0xd0][0x12]Z[0xf7].[0x8c]0[0xb7][0x9a][0x12][0x18][0xdf][0x5][0x0][0x0][0x0][0xff][0xff]"
18:26:17.923 [main] DEBUG org.apache.http.wire -  << "[\r][\n]"
18:26:17.923 [main] DEBUG org.apache.http.wire -  << "58[\r][\n]"
18:26:17.923 [main] DEBUG org.apache.http.wire -  << "[0xc2][0xb6][0xd7][0x9b][0xe8]E[0xe4]FH;M[0xa9];X[0x88][0xb4][[0x94][0xca][0x6][0x13]Z[0xd4]9[0xb0][0x95].[0xd2][0x9e][0xca][0xc1][0x93][0xd5][0xcd][0x11][\r][0x15][0xda][0xb4][0xc][0x8d][0x90]6Mb[0xf7][0xf6][0x0][0xc7][\n]"
18:26:17.923 [main] DEBUG org.apache.http.wire -  << ""[0xdf]bw[0xde]@[0x14][0xc0]H[0xdb][0xb]i[0x14]+[0x98][0x9b][0x0]1[0x97][0xa1][0xe0]+{[0x8d],-Q[0xf][0xe4][0xc3]s\[0x9e][0x11][0xd2]V>Z"
18:26:17.923 [main] DEBUG org.apache.http.wire -  << "[\r][\n]"
18:26:17.923 [main] DEBUG org.apache.http.wire -  << "441[\r][\n]"
18:26:17.923 [main] DEBUG org.apache.http.wire -  << "y[0x7][0x91][0xf5][0xa1][0x8d][\n]"
18:26:17.923 [main] DEBUG org.apache.http.wire -  << "*{[0x7][0xbe][0xce][0xdb][0x0][0x91]a[0xe0][0xd7][0x13]a[0xf4].[0xb0][0x9d][0x82]Q[0x8b]<[0x89]d[0x89][0xa8][0x92][0xa0][0xee][0xc5]Q[0x96]S:[0x90]m[0x8c][0xb4][0xa8][0x9c]6ao[0x8c]t[0x14]-[0xf6][0x1c]4[0xa0][0x19][0xdc][0x98][0xe6][0x8b]5[0x8d][0x91][0x16][0x9f][0xd1]([0x88][0x91][0x16][0x8d][\r][0xc6] F[0xba][0xcd][0x1e][0xbb][0xf3][0x6][0xa0][0xc]5[0x1e][0xdc][0x87][\n]"
18:26:17.923 [main] DEBUG org.apache.http.wire -  << "[0x1a]#-[0xfa][0x1a]<a[0x86][0xb4]N[0x8c]V[0x1b][0x82][0x8d][0x91]n[0x4][0xa4][0x9d][0x1d][0x88][0xd9];X[0xf1]J[0xcb]!IcD[0x9d][0x80]t[0x19][0x94]Of^j[0x1e][0x8e][0x1b][0xb7][0xc2][0xf2]sJ[0xb]J[0x12][0x8b][0x15][0xca]R[0xf3]2[0x13]s[0x15][0x12]s2[0xb]K3Sp[0x8e]5[0xe1]9[0xee][0xd6][0x18][0xe9][0xb0]A[0xd7][0xbc][0xfc][0xa2][0xdc][0xfc][0xd2]b[0x5][0xdf][0xc4][0xa2][0xa4][0x9c]T[0x1c][0x96]{[0xa6]([0x94]A[0xec][0x87]\[0xef]U[0x96]Y[0x92][0x98][0xaa]P\Z[0x9c][0x9c]Y[0x90][0x9][0xbb]P[0xa7]X!1I!'3)[0xb5]([0x1f][0xa7][0xab][0xf0][0xd4][0xf9][0xc6]HK[0xda]<[0xf3]JRsr2[0xd3]S[0xf3]J[0x14][0xdc][0x8b][0x12][0xf3]2KR[0x15][0x9c][0xf2]KJr0[0xbb]{[0x81][0xa5][0x99][\n]"
18:26:17.923 [main] DEBUG org.apache.http.wire -  << "[0xc5][0xa5]y%[\n]"
18:26:17.923 [main] DEBUG org.apache.http.wire -  << "[0xb9][0xf9]9[0xa9][0xc5]%[0x99][0x89][0xa9]pV1[0x8e][0x1b]~[0x88][0x1f]!DZ[0x9][0x87]=[0xcb][\r]lE[0x85][0xb4]J[0xcd]-1[0xaf]$[0xb1][0xb8]$3Y[0xc1]9?/[0xb9]([0xb5][0x4]WT[0x6]!.=RH[0x5][0xa5][0xa5][0xd4][0x12][0x85][0xc2][0xd2][0xfc][0x14][0xd0]U[[0x89][0xb0][0xab][0x91]@[0xc3][0x9b][0x89])[0x99][0x5][0x99][0xc5][0xc9][0xc8][0xf7]o[0xa1][0x6][0x1c][0xbe][0x14][0x86][0xb4][0xaa]mP[0x6][0x1c]b[0xc0][0xb]6[0xf2][0xb][0x1d]x[0xf6][0xce][0xcb]L[0xc3]LdN[0xa9][0x89][0xa0][0x4][0xf][0xcd]s[\n]"
18:26:17.923 [main] DEBUG org.apache.http.wire -  << "x[0xb2][0x1d][0xbe][0x4][0x8e][0xb4][0xb8]mP[0x6][\n]"
18:26:17.923 [main] DEBUG org.apache.http.wire -  << "b[0x98][0x8d]F[0x8d][0x92][0xc1]=[0x88]l[0x8c]t[0x81][0xe4]`[0x8c][0x9f][0xc1]=[0x88]l[0x8c]t[0x0][0xa4]OfzFIy*[0x88]T[0x8][0xcf][0xcf][0xcf]Qp[0xce]H[0xcc],[0xc2][0xe8][0xf3][0xf8][0x80]&PR[0xe1]5Kj[0xb1]B[0x12]|[0xf][0x1e]R[\r][0x2]j[0x96][0x11]5[0x9f]c[0x8a][0xa8][0xc3][0xb1][0xc7][0xdf]@4*Mi[0x9e][0xab][0x90][0xc6][0xab]s[0x13]3[0xf3][0x12][0xf3][0x14][0x12][0xf3][0x12]A[0x7]x[0xa0][0x1e]\_\[0x92][0x9a]Z[0x94][0x99][0x97][0xae]P[0x9e][0x91][0x9a][0x9a][0x83][0x8][\n]"
18:26:17.923 [main] DEBUG org.apache.http.wire -  << "[0xa2][0x8f]n0F[0xba][0xc1][0x12]{[0xf8][0xe]lm[0x88]4[0x6][0x8d][0xdd]y[0x8]?[0xd3]m[0xcd][0x9e]1[0xd2]b^[0x1a][0x15][0xaa]H'l[0xd2][0xca][0x6]DmI[0xcd]{[0x1f][0xf0]l63FZ*\\Z\[0xaa][0x90]][0x9a][0x92][0xa8][0x90][0x93][0x99][0x88]Y[0x88][0x80][0xa5][0xa1][0x9][0x1e]zb[0x8d]%[0xca][0xb1]'[0xf8][0x9a])H[0x7]o[0xd2]6[0xeb] [0xcd]Z@[0xbb][0x17]f[0x18][0xc5]!|[0xf0][0xc]}[0xdb][0x83]![0xf1]Y[0x14]i[0xe2][0x82]V[0x89][0x1]1[0xfa][0x9][0xe]z[\n]"
18:26:17.923 [main] DEBUG org.apache.http.wire -  << "b[0x6]_[[0x9]i[0xea][0x82][0x9a]i[0xe][0x9f][0x95]H[0xd3][0x17][0xd0]8[0xa2][0xd5][0x8][0x1b][0xd2]q[0x94]4[0x8a]%[0xa4]C#i[0x19]KH[0x13][0x14]4[0xb5][0x6][0xd1][[0xa6]Ux!jiPY[0xa2][0x90]X[0x99][0x88][0xb9][0x3][0x7][0xec]E[0x90]4[0xa2]"A-j[0xf0][0xa6].[0xba][0x8d][0xdf][0x9a]#r([0xad]B[0xb][0xb1][0xda][0x82][0xc6]9[0x5]i[0x1e][0x80][0xd6]6!*9[0x1a][0x85][0x1a][0xd2]6[0x10]Z[0xfb][0x5][0x91][0x9a][0xb1][0xb7][0x84][0x6][0xb6][0xa1][0x86]th[0x1b]v[0xe7]![0xf2][0x17][0xfd][0x1a]j[0x16][0x88]4M[0xa3][0xf8]G[0xda][0xbe]A+[0x1b][0x10]+[0x9][0xe9]Ui[0x12][0xdc][0xf4]1[0xb0]I[0x8d][0xe0][0xa6][0xc]\I[0xcd][0x18][0xed]$[0x4][0xf8]l[0x1e][0xd2][0xc8][0x96];[0xf6][0x1b]a[0x10]>F[0xdc][0x8][0x83]<[0x95]glI[0xf3][0xea][0xc]i[0xb3][0x7][0xad][0x92][0x1a][0xa2]:[0xa3][0x95][\r]4[0xaf][0xc6]@[0xdd][0x4][0xe8]^X[0xda][0xf8][0xc1][0x4]t[0x94][0x7][0xd4][0x6][0xda][0x16][0xf9]&H[0x1b]H[0x90]V[0xd3]B[0x7][0xf5][0xb1][0xf][0xbf][0xb8]f[0x96][0x16]+[0x14][0xa4][0x16][0x15][0x17]d&g&[0x96]d[0x16][0x83][0x86][0x80][0x91][0xc6]]@[0xc9][0x94][0x98]q[0x17][0x13][0x9a][0xef][0x13]1[0xa1][0xf9][0x94][0xb4][0x9][0xd2]N[0x14][0xf7][0xfc][0xa2][0xf4]T[0xd0][0x94]Hx~~Jj[0x9e][0x82]3[0x96]^[0xa7]Jf[0x89]Br~QQiAI&b[0x4][0xb]y[0x1d]2h[0x9d][0x1e]q[0xc1]G[0xeb][0xe2][0xc0][0x4]i[0xbe][0x9d][0xd6][0xc9][0x90][0xd6][0x99][0xd6][0xc4][0x0]QO[0xe3][0xf7][0xb]U[0x16][0x83][0x9a][0xd0]|[0xfb][0x8c][0x9][0xd2]Ia4*[0x85][0x90]v[0xd0][0xd0][0xca][0x6]D[0xe3][0x99].[0x91][0x82]He[0xd8][0x1b][0x90][0x88]*[0x18]W[0xfd][0x8e][0xde]U[0xa3]b[0xfd]n[0x82]t[0xe8][0x14]v[0xe7][\r][0x88][0xa3][0x10]m[0xc3][0xc1][0xe3]([0xa4][0xcd]S[0xf8][0xd3][\r][0xa5][0x8b][0x9a]L[0xc][0x11][0x85],v[0xef][0xf]l[0x92]AZr[0x84][0xdd]y[0x3][0x92]d[0x10][0xb9][0x9a]F[0xe5][0x6][0xd2][0xe][0x1c][0x1a][0xc7]?[0xd2][0x8a]+[0x9a][0xd8][0x14][[0xcb][0x5][0x0][0x0][0x0][0xff][0xff]"
18:26:17.923 [main] DEBUG org.apache.http.wire -  << "[\r][\n]"
18:26:17.923 [main] DEBUG org.apache.http.wire -  << "A[\r][\n]"
18:26:17.923 [main] DEBUG org.apache.http.wire -  << "[0x3][0x0][0x1f][0xf8][0xc1][0x2][0xba][0x82][0x1][0x0]"
18:26:17.923 [main] DEBUG org.apache.http.wire -  << "[\r][\n]"
18:26:17.923 [main] DEBUG org.apache.http.wire -  << "0[\r][\n]"
18:26:17.923 [main] DEBUG org.apache.http.wire -  << "[\r][\n]"
18:26:17.924 [main] DEBUG io.restassured.internal.RestAssuredHttpBuilder - Parsed data to instance of: class org.apache.http.conn.EofSensorInputStream
18:26:17.925 [main] DEBUG org.apache.http.impl.conn.BasicClientConnectionManager - Releasing connection org.apache.http.impl.conn.ManagedClientConnectionImpl@14fe085b
18:26:17.926 [main] DEBUG org.apache.http.impl.conn.BasicClientConnectionManager - Connection can be kept alive indefinitely
18:26:17.958 [Finalizer] DEBUG org.apache.http.impl.conn.DefaultClientConnection - Connection 0.0.0.0:53253<->149.248.193.56:443 closed
18:26:17.959 [Finalizer] DEBUG org.apache.http.impl.conn.DefaultClientConnection - Connection 0.0.0.0:53252<->149.248.193.56:443 closed
18:26:17.990 [main] DEBUG net.thucydides.core.steps.StepInterceptor - STEP DONE: I send GET HTTP request
  &amp#27;[32mWhen &amp#27;[0m&amp#27;[32mI send GET HTTP request&amp#27;[0m                                   &amp#27;[90m# starter.stepdefinition.User_produuct_steps.sendGetHttpRequest()&amp#27;[0m
18:26:17.998 [main] DEBUG net.thucydides.core.steps.StepInterceptor - STARTING STEP: User_produuct_steps.reciveValidHttpResponse - I receive valid HTTP response code 200
18:26:17.999 [main] DEBUG net.thucydides.core.steps.StepInterceptor - STEP DONE: I receive valid HTTP response code 200
  &amp#27;[32mThen &amp#27;[0m&amp#27;[32mI receive valid HTTP response code 200&amp#27;[0m                    &amp#27;[90m# starter.stepdefinition.User_produuct_steps.reciveValidHttpResponse()&amp#27;[0m
18:26:18.002 [main] INFO  - 
  _____   ___   ___   _____     ___     _     ___   ___   ___   ___  
 |_   _| | __| / __| |_   _|   | _ \   /_\   / __| / __| | __| |   \ 
   | |   | _|  \__ \   | |     |  _/  / _ \  \__ \ \__ \ | _|  | |) |
   |_|   |___| |___/   |_|     |_|   /_/ \_\ |___/ |___/ |___| |___/ 

GET - As an admin I have be able to see posts number 1
----------------------------------------------------------------------
]]></system-out>
  </testcase>
  <testcase name="GET - As an admin I shouldn&apos;t be able to see posts with invalid url" classname="Posts #2" time="0.35">
    <system-out><![CDATA[
Scenario: GET - As an admin I shouldn't be able to see posts with invalid url &amp#27;[90m# src/test/resources/features/User_product.feature:13&amp#27;[0m
18:26:18.007 [main] DEBUG io.cucumber.core.plugin.SerenityReporter - Running feature from file:///C:/Users/Dimas%20Rizqi%20Suryana/Mini_Project2/src/test/resources/features/User_product.feature
18:26:18.009 [main] INFO  - 
  _____   ___   ___   _____     ___   _____     _     ___   _____   ___   ___  
 |_   _| | __| / __| |_   _|   / __| |_   _|   /_\   | _ \ |_   _| | __| |   \ 
   | |   | _|  \__ \   | |     \__ \   | |    / _ \  |   /   | |   | _|  | |) |
   |_|   |___| |___/   |_|     |___/   |_|   /_/ \_\ |_|_\   |_|   |___| |___/ 

GET - As an admin I shouldn't be able to see posts with invalid url(posts;get---as-an-admin-i-shouldn-t-be-able-to-see-posts-with-invalid-url)
--------------------------------------------------------------------------------
18:26:18.022 [main] DEBUG net.thucydides.core.steps.StepInterceptor - STARTING STEP: User_produuct_steps.setTypoGetHttpEndpoints - I set typo GET api endpoints
18:26:18.023 [main] DEBUG net.thucydides.core.steps.StepInterceptor - STEP DONE: I set typo GET api endpoints
  &amp#27;[32mGiven &amp#27;[0m&amp#27;[32mI set typo GET api endpoints&amp#27;[0m                                          &amp#27;[90m# starter.stepdefinition.User_produuct_steps.setTypoGetHttpEndpoints()&amp#27;[0m
18:26:18.027 [main] DEBUG net.thucydides.core.steps.StepInterceptor - STARTING STEP: User_produuct_steps.sendTypoGetHttpRequest - I send typo GET HTTP request
18:26:18.029 [main] DEBUG net.thucydides.core.steps.StepInterceptor - STARTING STEP: GET_Product.sendGetHttpRequest2 - I set typo GET api endpoints
18:26:18.029 [main] DEBUG net.thucydides.core.steps.StepInterceptor - STEP DONE: I set typo GET api endpoints
18:26:18.045 [main] DEBUG org.apache.http.impl.conn.BasicClientConnectionManager - Get connection for route {s}->https://altashop-api.fly.dev:443
18:26:18.045 [main] DEBUG org.apache.http.impl.conn.DefaultClientConnectionOperator - Connecting to altashop-api.fly.dev:443
18:26:18.328 [main] DEBUG org.apache.http.client.protocol.RequestAddCookies - CookieSpec selected: ignoreCookies
18:26:18.328 [main] DEBUG org.apache.http.client.protocol.RequestAuthCache - Auth cache not set in the context
18:26:18.328 [main] DEBUG org.apache.http.client.protocol.RequestTargetAuthentication - Target auth state: UNCHALLENGED
18:26:18.328 [main] DEBUG org.apache.http.client.protocol.RequestProxyAuthentication - Proxy auth state: UNCHALLENGED
18:26:18.328 [main] DEBUG org.apache.http.impl.client.DefaultHttpClient - Attempt 1 to execute request
18:26:18.328 [main] DEBUG org.apache.http.impl.conn.DefaultClientConnection - Sending request: GET /api/product HTTP/1.1
18:26:18.328 [main] DEBUG org.apache.http.wire -  >> "GET /api/product HTTP/1.1[\r][\n]"
18:26:18.328 [main] DEBUG org.apache.http.wire -  >> "Accept: */*[\r][\n]"
18:26:18.328 [main] DEBUG org.apache.http.wire -  >> "Host: altashop-api.fly.dev[\r][\n]"
18:26:18.328 [main] DEBUG org.apache.http.wire -  >> "Connection: Keep-Alive[\r][\n]"
18:26:18.328 [main] DEBUG org.apache.http.wire -  >> "User-Agent: Apache-HttpClient/4.5.13 (Java/18.0.2.1)[\r][\n]"
18:26:18.328 [main] DEBUG org.apache.http.wire -  >> "Accept-Encoding: gzip,deflate[\r][\n]"
18:26:18.328 [main] DEBUG org.apache.http.wire -  >> "[\r][\n]"
18:26:18.328 [main] DEBUG org.apache.http.headers - >> GET /api/product HTTP/1.1
18:26:18.328 [main] DEBUG org.apache.http.headers - >> Accept: */*
18:26:18.328 [main] DEBUG org.apache.http.headers - >> Host: altashop-api.fly.dev
18:26:18.328 [main] DEBUG org.apache.http.headers - >> Connection: Keep-Alive
18:26:18.328 [main] DEBUG org.apache.http.headers - >> User-Agent: Apache-HttpClient/4.5.13 (Java/18.0.2.1)
18:26:18.328 [main] DEBUG org.apache.http.headers - >> Accept-Encoding: gzip,deflate
18:26:18.346 [main] DEBUG org.apache.http.wire -  << "HTTP/1.1 404 Not Found[\r][\n]"
18:26:18.346 [main] DEBUG org.apache.http.wire -  << "date: Mon, 08 May 2023 11:26:21 GMT[\r][\n]"
18:26:18.346 [main] DEBUG org.apache.http.wire -  << "content-encoding: gzip[\r][\n]"
18:26:18.346 [main] DEBUG org.apache.http.wire -  << "content-type: text/plain; charset=utf-8[\r][\n]"
18:26:18.346 [main] DEBUG org.apache.http.wire -  << "transfer-encoding: chunked[\r][\n]"
18:26:18.346 [main] DEBUG org.apache.http.wire -  << "server: Fly/3f2597ca (2023-05-03)[\r][\n]"
18:26:18.346 [main] DEBUG org.apache.http.wire -  << "via: 1.1 fly.io[\r][\n]"
18:26:18.346 [main] DEBUG org.apache.http.wire -  << "fly-request-id: 01GZXHSJY9RBY284C9QG45G6PT-sin[\r][\n]"
18:26:18.346 [main] DEBUG org.apache.http.wire -  << "[\r][\n]"
18:26:18.346 [main] DEBUG org.apache.http.impl.conn.DefaultClientConnection - Receiving response: HTTP/1.1 404 Not Found
18:26:18.346 [main] DEBUG org.apache.http.headers - << HTTP/1.1 404 Not Found
18:26:18.346 [main] DEBUG org.apache.http.headers - << date: Mon, 08 May 2023 11:26:21 GMT
18:26:18.346 [main] DEBUG org.apache.http.headers - << content-encoding: gzip
18:26:18.346 [main] DEBUG org.apache.http.headers - << content-type: text/plain; charset=utf-8
18:26:18.346 [main] DEBUG org.apache.http.headers - << transfer-encoding: chunked
18:26:18.346 [main] DEBUG org.apache.http.headers - << server: Fly/3f2597ca (2023-05-03)
18:26:18.346 [main] DEBUG org.apache.http.headers - << via: 1.1 fly.io
18:26:18.346 [main] DEBUG org.apache.http.headers - << fly-request-id: 01GZXHSJY9RBY284C9QG45G6PT-sin
18:26:18.346 [main] DEBUG org.apache.http.impl.client.DefaultHttpClient - Connection can be kept alive indefinitely
18:26:18.346 [main] DEBUG io.restassured.internal.RestAssuredHttpBuilder - Parsing response as: text/plain; charset=utf-8
18:26:18.346 [main] DEBUG org.apache.http.wire -  << "1E[\r][\n]"
18:26:18.346 [main] DEBUG org.apache.http.wire -  << "[0x1f][0x8b][0x8][0x0][0x0][0x0][0x0][0x0][0x4][0xff][0xcb][0xcb]/QH[0xcb]/[0xcd]K[0xe1][0x2][0x0][0xd4]I[0xfa]r[\n]"
18:26:18.346 [main] DEBUG org.apache.http.wire -  << "[0x0][0x0][0x0]"
18:26:18.346 [main] DEBUG org.apache.http.wire -  << "[\r][\n]"
18:26:18.347 [main] DEBUG org.apache.http.wire -  << "0[\r][\n]"
18:26:18.347 [main] DEBUG org.apache.http.wire -  << "[\r][\n]"
18:26:18.347 [main] DEBUG io.restassured.internal.RestAssuredHttpBuilder - Parsed data to instance of: class org.apache.http.conn.EofSensorInputStream
18:26:18.348 [main] DEBUG org.apache.http.impl.conn.BasicClientConnectionManager - Releasing connection org.apache.http.impl.conn.ManagedClientConnectionImpl@522fb69
18:26:18.348 [main] DEBUG org.apache.http.impl.conn.BasicClientConnectionManager - Connection can be kept alive indefinitely
18:26:18.348 [main] DEBUG net.thucydides.core.steps.StepInterceptor - STEP DONE: I send typo GET HTTP request
  &amp#27;[32mWhen &amp#27;[0m&amp#27;[32mI send typo GET HTTP request&amp#27;[0m                                           &amp#27;[90m# starter.stepdefinition.User_produuct_steps.sendTypoGetHttpRequest()&amp#27;[0m
18:26:18.350 [main] DEBUG net.thucydides.core.steps.StepInterceptor - STARTING STEP: User_produuct_steps.reciveInvalidHttpResponse - I receive invalid HTTP response code 404 Not Found
18:26:18.350 [main] DEBUG net.thucydides.core.steps.StepInterceptor - STEP DONE: I receive invalid HTTP response code 404 Not Found
  &amp#27;[32mThen &amp#27;[0m&amp#27;[32mI receive invalid HTTP response code 404 Not Found&amp#27;[0m                     &amp#27;[90m# starter.stepdefinition.User_produuct_steps.reciveInvalidHttpResponse()&amp#27;[0m
18:26:18.352 [main] DEBUG net.thucydides.core.steps.StepInterceptor - STARTING STEP: User_produuct_steps.reciveNothing - I receive nothing from the page
18:26:18.352 [main] DEBUG net.thucydides.core.steps.StepInterceptor - STEP DONE: I receive nothing from the page
  &amp#27;[32mAnd &amp#27;[0m&amp#27;[32mI receive nothing from the page&amp#27;[0m                                         &amp#27;[90m# starter.stepdefinition.User_produuct_steps.reciveNothing()&amp#27;[0m
18:26:18.353 [main] INFO  - 
  _____   ___   ___   _____     ___     _     ___   ___   ___   ___  
 |_   _| | __| / __| |_   _|   | _ \   /_\   / __| / __| | __| |   \ 
   | |   | _|  \__ \   | |     |  _/  / _ \  \__ \ \__ \ | _|  | |) |
   |_|   |___| |___/   |_|     |_|   /_/ \_\ |___/ |___/ |___| |___/ 

GET - As an admin I shouldn't be able to see posts with invalid url
----------------------------------------------------------------------
]]></system-out>
  </testcase>
  <testcase name="POST - As an admin I have be able to create new posts" classname="Posts #2" time="0.166">
    <system-out><![CDATA[
Scenario: POST - As an admin I have be able to create new posts &amp#27;[90m# src/test/resources/features/User_product.feature:19&amp#27;[0m
18:26:18.357 [main] DEBUG io.cucumber.core.plugin.SerenityReporter - Running feature from file:///C:/Users/Dimas%20Rizqi%20Suryana/Mini_Project2/src/test/resources/features/User_product.feature
18:26:18.359 [main] INFO  - 
  _____   ___   ___   _____     ___   _____     _     ___   _____   ___   ___  
 |_   _| | __| / __| |_   _|   / __| |_   _|   /_\   | _ \ |_   _| | __| |   \ 
   | |   | _|  \__ \   | |     \__ \   | |    / _ \  |   /   | |   | _|  | |) |
   |_|   |___| |___/   |_|     |___/   |_|   /_/ \_\ |_|_\   |_|   |___| |___/ 

POST - As an admin I have be able to create new posts(posts;post---as-an-admin-i-have-be-able-to-create-new-posts)
--------------------------------------------------------------------------------
18:26:18.367 [main] DEBUG net.thucydides.core.steps.StepInterceptor - STARTING STEP: User_produuct_steps.setPostApiEndpoints - I set POST api endpoints
18:26:18.367 [main] DEBUG net.thucydides.core.steps.StepInterceptor - STEP DONE: I set POST api endpoints
  &amp#27;[32mGiven &amp#27;[0m&amp#27;[32mI set POST api endpoints&amp#27;[0m                                &amp#27;[90m# starter.stepdefinition.User_produuct_steps.setPostApiEndpoints()&amp#27;[0m
18:26:18.369 [main] DEBUG net.thucydides.core.steps.StepInterceptor - STARTING STEP: User_produuct_steps.sendPostHttpRequest - I send POST HTTP request
18:26:18.370 [main] DEBUG net.thucydides.core.steps.StepInterceptor - STARTING STEP: POST_Product.sendPostHttpRequest - I set POST api endpoints
18:26:18.370 [main] DEBUG net.thucydides.core.steps.StepInterceptor - STEP DONE: I set POST api endpoints
18:26:18.379 [main] DEBUG org.apache.http.impl.conn.BasicClientConnectionManager - Get connection for route {s}->https://altashop-api.fly.dev:443
18:26:18.379 [main] DEBUG org.apache.http.impl.conn.DefaultClientConnectionOperator - Connecting to altashop-api.fly.dev:443
18:26:18.428 [main] DEBUG org.apache.http.client.protocol.RequestAddCookies - CookieSpec selected: ignoreCookies
18:26:18.428 [main] DEBUG org.apache.http.client.protocol.RequestAuthCache - Auth cache not set in the context
18:26:18.428 [main] DEBUG org.apache.http.client.protocol.RequestTargetAuthentication - Target auth state: UNCHALLENGED
18:26:18.428 [main] DEBUG org.apache.http.client.protocol.RequestProxyAuthentication - Proxy auth state: UNCHALLENGED
18:26:18.428 [main] DEBUG org.apache.http.impl.client.DefaultHttpClient - Attempt 1 to execute request
18:26:18.428 [main] DEBUG org.apache.http.impl.conn.DefaultClientConnection - Sending request: POST /api/products HTTP/1.1
18:26:18.428 [main] DEBUG org.apache.http.wire -  >> "POST /api/products HTTP/1.1[\r][\n]"
18:26:18.428 [main] DEBUG org.apache.http.wire -  >> "Conten-Type: aplication/json[\r][\n]"
18:26:18.428 [main] DEBUG org.apache.http.wire -  >> "Accept: */*[\r][\n]"
18:26:18.428 [main] DEBUG org.apache.http.wire -  >> "Content-Type: text/plain; charset=ISO-8859-1[\r][\n]"
18:26:18.428 [main] DEBUG org.apache.http.wire -  >> "Content-Length: 71[\r][\n]"
18:26:18.428 [main] DEBUG org.apache.http.wire -  >> "Host: altashop-api.fly.dev[\r][\n]"
18:26:18.428 [main] DEBUG org.apache.http.wire -  >> "Connection: Keep-Alive[\r][\n]"
18:26:18.428 [main] DEBUG org.apache.http.wire -  >> "User-Agent: Apache-HttpClient/4.5.13 (Java/18.0.2.1)[\r][\n]"
18:26:18.428 [main] DEBUG org.apache.http.wire -  >> "Accept-Encoding: gzip,deflate[\r][\n]"
18:26:18.428 [main] DEBUG org.apache.http.wire -  >> "[\r][\n]"
18:26:18.428 [main] DEBUG org.apache.http.headers - >> POST /api/products HTTP/1.1
18:26:18.428 [main] DEBUG org.apache.http.headers - >> Conten-Type: aplication/json
18:26:18.428 [main] DEBUG org.apache.http.headers - >> Accept: */*
18:26:18.428 [main] DEBUG org.apache.http.headers - >> Content-Type: text/plain; charset=ISO-8859-1
18:26:18.428 [main] DEBUG org.apache.http.headers - >> Content-Length: 71
18:26:18.428 [main] DEBUG org.apache.http.headers - >> Host: altashop-api.fly.dev
18:26:18.428 [main] DEBUG org.apache.http.headers - >> Connection: Keep-Alive
18:26:18.428 [main] DEBUG org.apache.http.headers - >> User-Agent: Apache-HttpClient/4.5.13 (Java/18.0.2.1)
18:26:18.428 [main] DEBUG org.apache.http.headers - >> Accept-Encoding: gzip,deflate
18:26:18.428 [main] DEBUG org.apache.http.wire -  >> "{"price":399,"name":"Sony PS5","description":"play with jess no limit"}"
18:26:18.453 [main] DEBUG org.apache.http.wire -  << "HTTP/1.1 200 OK[\r][\n]"
18:26:18.454 [main] DEBUG org.apache.http.wire -  << "content-type: application/json[\r][\n]"
18:26:18.454 [main] DEBUG org.apache.http.wire -  << "date: Mon, 08 May 2023 11:26:21 GMT[\r][\n]"
18:26:18.454 [main] DEBUG org.apache.http.wire -  << "content-encoding: gzip[\r][\n]"
18:26:18.454 [main] DEBUG org.apache.http.wire -  << "transfer-encoding: chunked[\r][\n]"
18:26:18.454 [main] DEBUG org.apache.http.wire -  << "server: Fly/3f2597ca (2023-05-03)[\r][\n]"
18:26:18.454 [main] DEBUG org.apache.http.wire -  << "via: 1.1 fly.io[\r][\n]"
18:26:18.454 [main] DEBUG org.apache.http.wire -  << "fly-request-id: 01GZXHSK1F5JXACB5CVZRY6C14-sin[\r][\n]"
18:26:18.454 [main] DEBUG org.apache.http.wire -  << "[\r][\n]"
18:26:18.454 [main] DEBUG org.apache.http.impl.conn.DefaultClientConnection - Receiving response: HTTP/1.1 200 OK
18:26:18.454 [main] DEBUG org.apache.http.headers - << HTTP/1.1 200 OK
18:26:18.454 [main] DEBUG org.apache.http.headers - << content-type: application/json
18:26:18.454 [main] DEBUG org.apache.http.headers - << date: Mon, 08 May 2023 11:26:21 GMT
18:26:18.454 [main] DEBUG org.apache.http.headers - << content-encoding: gzip
18:26:18.454 [main] DEBUG org.apache.http.headers - << transfer-encoding: chunked
18:26:18.454 [main] DEBUG org.apache.http.headers - << server: Fly/3f2597ca (2023-05-03)
18:26:18.454 [main] DEBUG org.apache.http.headers - << via: 1.1 fly.io
18:26:18.454 [main] DEBUG org.apache.http.headers - << fly-request-id: 01GZXHSK1F5JXACB5CVZRY6C14-sin
18:26:18.454 [main] DEBUG org.apache.http.impl.client.DefaultHttpClient - Connection can be kept alive indefinitely
18:26:18.454 [main] DEBUG io.restassured.internal.RestAssuredHttpBuilder - Parsing response as: application/json
18:26:18.454 [main] DEBUG org.apache.http.wire -  << "8C[\r][\n]"
18:26:18.454 [main] DEBUG org.apache.http.wire -  << "[0x1f][0x8b][0x8][0x0][0x0][0x0][0x0][0x0][0x4][0xff][0xab]VJI,IT[0xb2][0xaa]V[0xf2]tQ[0xb2]24112[0xd3]Q[0xf2]K[0xcc]MU[0xb2]R[\n]"
18:26:18.454 [main] DEBUG org.apache.http.wire -  << "[0xce][0xcf][0xab]T[0x8][0x8]6U[0xd2]QrI-N.[0xca],([0xc9][0xcc][0xcf]S[0xb2]R*[0xc8]I[0xac]T([0xcf],[0xc9]P[0xc8]J-.V[0xc8][0xcb]W[0xc8][0xc9][0xcc][0xcd],Q[0xd2]Q[\n]"
18:26:18.454 [main] DEBUG org.apache.http.wire -  << "([0xca]LNU[0xb2]2[0xb6][0xb4][0xd4]Q[\n]"
18:26:18.454 [main] DEBUG org.apache.http.wire -  << "J,[0xc9][0xcc]K/V[0xb2]2[0xd0]QrN,IM[0xcf]/[0xca]L-V[0xb2][0x8a][0x8e][0xad][0xad][0xe5][0x2][0x0][0x1c][0x89]^[0xf0]x[0x0][0x0][0x0]"
18:26:18.454 [main] DEBUG org.apache.http.wire -  << "[\r][\n]"
18:26:18.454 [main] DEBUG org.apache.http.wire -  << "0[\r][\n]"
18:26:18.454 [main] DEBUG org.apache.http.wire -  << "[\r][\n]"
18:26:18.454 [main] DEBUG io.restassured.internal.RestAssuredHttpBuilder - Parsed data to instance of: class org.apache.http.conn.EofSensorInputStream
18:26:18.456 [main] DEBUG org.apache.http.impl.conn.BasicClientConnectionManager - Releasing connection org.apache.http.impl.conn.ManagedClientConnectionImpl@3538a129
18:26:18.456 [main] DEBUG org.apache.http.impl.conn.BasicClientConnectionManager - Connection can be kept alive indefinitely
18:26:18.457 [main] DEBUG net.thucydides.core.steps.StepInterceptor - STEP DONE: I send POST HTTP request
  &amp#27;[32mWhen &amp#27;[0m&amp#27;[32mI send POST HTTP request&amp#27;[0m                                 &amp#27;[90m# starter.stepdefinition.User_produuct_steps.sendPostHttpRequest()&amp#27;[0m
18:26:18.459 [main] DEBUG net.thucydides.core.steps.StepInterceptor - STARTING STEP: User_produuct_steps.reciveValidHttp201 - I receive valid HTTP response code 201
18:26:18.460 [main] DEBUG net.thucydides.core.steps.StepInterceptor - STEP DONE: I receive valid HTTP response code 201
  &amp#27;[32mThen &amp#27;[0m&amp#27;[32mI receive valid HTTP response code 201&amp#27;[0m                   &amp#27;[90m# starter.stepdefinition.User_produuct_steps.reciveValidHttp201()&amp#27;[0m
18:26:18.461 [main] DEBUG net.thucydides.core.steps.StepInterceptor - STARTING STEP: User_produuct_steps.reciveValidDataNewUser - I receive valid data for new posts
18:26:18.516 [main] DEBUG net.thucydides.core.steps.StepInterceptor - STEP DONE: I receive valid data for new posts
  &amp#27;[32mAnd &amp#27;[0m&amp#27;[32mI receive valid data for new posts&amp#27;[0m                        &amp#27;[90m# starter.stepdefinition.User_produuct_steps.reciveValidDataNewUser()&amp#27;[0m
18:26:18.518 [main] INFO  - 
  _____   ___   ___   _____     ___     _     ___   ___   ___   ___  
 |_   _| | __| / __| |_   _|   | _ \   /_\   / __| / __| | __| |   \ 
   | |   | _|  \__ \   | |     |  _/  / _ \  \__ \ \__ \ | _|  | |) |
   |_|   |___| |___/   |_|     |_|   /_/ \_\ |___/ |___/ |___| |___/ 

POST - As an admin I have be able to create new posts
----------------------------------------------------------------------
]]></system-out>
  </testcase>
  <testcase name="POST - As an admin I shouldn&apos;t be able to create new posts with invalid url" classname="Posts #2" time="0.114">
    <system-out><![CDATA[
Scenario: POST - As an admin I shouldn't be able to create new posts with invalid url &amp#27;[90m# src/test/resources/features/User_product.feature:25&amp#27;[0m
18:26:18.525 [main] DEBUG io.cucumber.core.plugin.SerenityReporter - Running feature from file:///C:/Users/Dimas%20Rizqi%20Suryana/Mini_Project2/src/test/resources/features/User_product.feature
18:26:18.528 [main] INFO  - 
  _____   ___   ___   _____     ___   _____     _     ___   _____   ___   ___  
 |_   _| | __| / __| |_   _|   / __| |_   _|   /_\   | _ \ |_   _| | __| |   \ 
   | |   | _|  \__ \   | |     \__ \   | |    / _ \  |   /   | |   | _|  | |) |
   |_|   |___| |___/   |_|     |___/   |_|   /_/ \_\ |_|_\   |_|   |___| |___/ 

POST - As an admin I shouldn't be able to create new posts with invalid url(posts;post---as-an-admin-i-shouldn-t-be-able-to-create-new-posts-with-invalid-url)
--------------------------------------------------------------------------------
18:26:18.540 [main] DEBUG net.thucydides.core.steps.StepInterceptor - STARTING STEP: User_produuct_steps.setTypoPostApiEndpoints - I set typo POST api endpoints
18:26:18.540 [main] DEBUG net.thucydides.core.steps.StepInterceptor - STEP DONE: I set typo POST api endpoints
  &amp#27;[32mGiven &amp#27;[0m&amp#27;[32mI set typo POST api endpoints&amp#27;[0m                                                 &amp#27;[90m# starter.stepdefinition.User_produuct_steps.setTypoPostApiEndpoints()&amp#27;[0m
18:26:18.544 [main] DEBUG net.thucydides.core.steps.StepInterceptor - STARTING STEP: User_produuct_steps.sendPostInvalidHttpRequest - I send typo POST HTTP request
18:26:18.546 [main] DEBUG net.thucydides.core.steps.StepInterceptor - STARTING STEP: POST_Product.sendInvalidPostHttpRequest - I set typo POST api endpoints
18:26:18.546 [main] DEBUG net.thucydides.core.steps.StepInterceptor - STEP DONE: I set typo POST api endpoints
18:26:18.557 [main] DEBUG org.apache.http.impl.conn.BasicClientConnectionManager - Get connection for route {s}->https://altashop-api.fly.dev:443
18:26:18.557 [main] DEBUG org.apache.http.impl.conn.DefaultClientConnectionOperator - Connecting to altashop-api.fly.dev:443
18:26:18.601 [main] DEBUG org.apache.http.client.protocol.RequestAddCookies - CookieSpec selected: ignoreCookies
18:26:18.601 [main] DEBUG org.apache.http.client.protocol.RequestAuthCache - Auth cache not set in the context
18:26:18.601 [main] DEBUG org.apache.http.client.protocol.RequestTargetAuthentication - Target auth state: UNCHALLENGED
18:26:18.601 [main] DEBUG org.apache.http.client.protocol.RequestProxyAuthentication - Proxy auth state: UNCHALLENGED
18:26:18.601 [main] DEBUG org.apache.http.impl.client.DefaultHttpClient - Attempt 1 to execute request
18:26:18.601 [main] DEBUG org.apache.http.impl.conn.DefaultClientConnection - Sending request: GET /api/product HTTP/1.1
18:26:18.601 [main] DEBUG org.apache.http.wire -  >> "GET /api/product HTTP/1.1[\r][\n]"
18:26:18.601 [main] DEBUG org.apache.http.wire -  >> "Accept: */*[\r][\n]"
18:26:18.601 [main] DEBUG org.apache.http.wire -  >> "Host: altashop-api.fly.dev[\r][\n]"
18:26:18.601 [main] DEBUG org.apache.http.wire -  >> "Connection: Keep-Alive[\r][\n]"
18:26:18.601 [main] DEBUG org.apache.http.wire -  >> "User-Agent: Apache-HttpClient/4.5.13 (Java/18.0.2.1)[\r][\n]"
18:26:18.601 [main] DEBUG org.apache.http.wire -  >> "Accept-Encoding: gzip,deflate[\r][\n]"
18:26:18.601 [main] DEBUG org.apache.http.wire -  >> "[\r][\n]"
18:26:18.601 [main] DEBUG org.apache.http.headers - >> GET /api/product HTTP/1.1
18:26:18.601 [main] DEBUG org.apache.http.headers - >> Accept: */*
18:26:18.601 [main] DEBUG org.apache.http.headers - >> Host: altashop-api.fly.dev
18:26:18.601 [main] DEBUG org.apache.http.headers - >> Connection: Keep-Alive
18:26:18.601 [main] DEBUG org.apache.http.headers - >> User-Agent: Apache-HttpClient/4.5.13 (Java/18.0.2.1)
18:26:18.601 [main] DEBUG org.apache.http.headers - >> Accept-Encoding: gzip,deflate
18:26:18.621 [main] DEBUG org.apache.http.wire -  << "HTTP/1.1 404 Not Found[\r][\n]"
18:26:18.621 [main] DEBUG org.apache.http.wire -  << "date: Mon, 08 May 2023 11:26:21 GMT[\r][\n]"
18:26:18.621 [main] DEBUG org.apache.http.wire -  << "content-encoding: gzip[\r][\n]"
18:26:18.621 [main] DEBUG org.apache.http.wire -  << "content-type: text/plain; charset=utf-8[\r][\n]"
18:26:18.621 [main] DEBUG org.apache.http.wire -  << "transfer-encoding: chunked[\r][\n]"
18:26:18.621 [main] DEBUG org.apache.http.wire -  << "server: Fly/3f2597ca (2023-05-03)[\r][\n]"
18:26:18.621 [main] DEBUG org.apache.http.wire -  << "via: 1.1 fly.io[\r][\n]"
18:26:18.621 [main] DEBUG org.apache.http.wire -  << "fly-request-id: 01GZXHSK6TVAJXPZW44YVRJ7DA-sin[\r][\n]"
18:26:18.621 [main] DEBUG org.apache.http.wire -  << "[\r][\n]"
18:26:18.621 [main] DEBUG org.apache.http.impl.conn.DefaultClientConnection - Receiving response: HTTP/1.1 404 Not Found
18:26:18.621 [main] DEBUG org.apache.http.headers - << HTTP/1.1 404 Not Found
18:26:18.621 [main] DEBUG org.apache.http.headers - << date: Mon, 08 May 2023 11:26:21 GMT
18:26:18.621 [main] DEBUG org.apache.http.headers - << content-encoding: gzip
18:26:18.621 [main] DEBUG org.apache.http.headers - << content-type: text/plain; charset=utf-8
18:26:18.621 [main] DEBUG org.apache.http.headers - << transfer-encoding: chunked
18:26:18.621 [main] DEBUG org.apache.http.headers - << server: Fly/3f2597ca (2023-05-03)
18:26:18.621 [main] DEBUG org.apache.http.headers - << via: 1.1 fly.io
18:26:18.621 [main] DEBUG org.apache.http.headers - << fly-request-id: 01GZXHSK6TVAJXPZW44YVRJ7DA-sin
18:26:18.621 [main] DEBUG org.apache.http.impl.client.DefaultHttpClient - Connection can be kept alive indefinitely
18:26:18.621 [main] DEBUG io.restassured.internal.RestAssuredHttpBuilder - Parsing response as: text/plain; charset=utf-8
18:26:18.622 [main] DEBUG org.apache.http.wire -  << "1E[\r][\n]"
18:26:18.622 [main] DEBUG org.apache.http.wire -  << "[0x1f][0x8b][0x8][0x0][0x0][0x0][0x0][0x0][0x4][0xff][0xcb][0xcb]/QH[0xcb]/[0xcd]K[0xe1][0x2][0x0][0xd4]I[0xfa]r[\n]"
18:26:18.622 [main] DEBUG org.apache.http.wire -  << "[0x0][0x0][0x0]"
18:26:18.622 [main] DEBUG org.apache.http.wire -  << "[\r][\n]"
18:26:18.622 [main] DEBUG org.apache.http.wire -  << "0[\r][\n]"
18:26:18.622 [main] DEBUG org.apache.http.wire -  << "[\r][\n]"
18:26:18.622 [main] DEBUG io.restassured.internal.RestAssuredHttpBuilder - Parsed data to instance of: class org.apache.http.conn.EofSensorInputStream
18:26:18.623 [main] DEBUG org.apache.http.impl.conn.BasicClientConnectionManager - Releasing connection org.apache.http.impl.conn.ManagedClientConnectionImpl@c02a1be
18:26:18.623 [main] DEBUG org.apache.http.impl.conn.BasicClientConnectionManager - Connection can be kept alive indefinitely
18:26:18.623 [main] DEBUG net.thucydides.core.steps.StepInterceptor - STEP DONE: I send typo POST HTTP request
  &amp#27;[32mWhen &amp#27;[0m&amp#27;[32mI send typo POST HTTP request&amp#27;[0m                                                  &amp#27;[90m# starter.stepdefinition.User_produuct_steps.sendPostInvalidHttpRequest()&amp#27;[0m
18:26:18.626 [main] DEBUG net.thucydides.core.steps.StepInterceptor - STARTING STEP: User_produuct_steps.reciveInvalidHttpResponse - I receive invalid HTTP response code 404 Not Found
18:26:18.627 [main] DEBUG net.thucydides.core.steps.StepInterceptor - STEP DONE: I receive invalid HTTP response code 404 Not Found
  &amp#27;[32mThen &amp#27;[0m&amp#27;[32mI receive invalid HTTP response code 404 Not Found&amp#27;[0m                             &amp#27;[90m# starter.stepdefinition.User_produuct_steps.reciveInvalidHttpResponse()&amp#27;[0m
18:26:18.631 [Finalizer] DEBUG org.apache.http.impl.conn.DefaultClientConnection - Connection 0.0.0.0:53255<->149.248.193.56:443 closed
18:26:18.631 [Finalizer] DEBUG org.apache.http.impl.conn.DefaultClientConnection - Connection 0.0.0.0:53256<->149.248.193.56:443 closed
18:26:18.631 [main] DEBUG net.thucydides.core.steps.StepInterceptor - STARTING STEP: User_produuct_steps.reciveNothing - I receive nothing from the page
18:26:18.632 [Finalizer] DEBUG org.apache.http.impl.conn.DefaultClientConnection - Connection 0.0.0.0:53254<->149.248.193.56:443 closed
18:26:18.632 [main] DEBUG net.thucydides.core.steps.StepInterceptor - STEP DONE: I receive nothing from the page
  &amp#27;[32mAnd &amp#27;[0m&amp#27;[32mI receive nothing from the page&amp#27;[0m                                                 &amp#27;[90m# starter.stepdefinition.User_produuct_steps.reciveNothing()&amp#27;[0m
18:26:18.633 [main] INFO  - 
  _____   ___   ___   _____     ___     _     ___   ___   ___   ___  
 |_   _| | __| / __| |_   _|   | _ \   /_\   / __| / __| | __| |   \ 
   | |   | _|  \__ \   | |     |  _/  / _ \  \__ \ \__ \ | _|  | |) |
   |_|   |___| |___/   |_|     |_|   /_/ \_\ |___/ |___/ |___| |___/ 

POST - As an admin I shouldn't be able to create new posts with invalid url
----------------------------------------------------------------------
]]></system-out>
  </testcase>
  <testcase name="DELETE - As admin I have be able to delete existing posts" classname="Posts #2" time="0.128">
    <system-out><![CDATA[
Scenario: DELETE - As admin I have be able to delete existing posts &amp#27;[90m# src/test/resources/features/User_product.feature:31&amp#27;[0m
18:26:18.636 [main] DEBUG io.cucumber.core.plugin.SerenityReporter - Running feature from file:///C:/Users/Dimas%20Rizqi%20Suryana/Mini_Project2/src/test/resources/features/User_product.feature
18:26:18.639 [main] INFO  - 
  _____   ___   ___   _____     ___   _____     _     ___   _____   ___   ___  
 |_   _| | __| / __| |_   _|   / __| |_   _|   /_\   | _ \ |_   _| | __| |   \ 
   | |   | _|  \__ \   | |     \__ \   | |    / _ \  |   /   | |   | _|  | |) |
   |_|   |___| |___/   |_|     |___/   |_|   /_/ \_\ |_|_\   |_|   |___| |___/ 

DELETE - As admin I have be able to delete existing posts(posts;delete---as-admin-i-have-be-able-to-delete-existing-posts)
--------------------------------------------------------------------------------
18:26:18.644 [main] DEBUG net.thucydides.core.steps.StepInterceptor - STARTING STEP: User_produuct_steps.setDeleteApiEndpoints - I set DELETE api endpoints
18:26:18.644 [main] DEBUG net.thucydides.core.steps.StepInterceptor - STEP DONE: I set DELETE api endpoints
  &amp#27;[32mGiven &amp#27;[0m&amp#27;[32mI set DELETE api endpoints&amp#27;[0m                                  &amp#27;[90m# starter.stepdefinition.User_produuct_steps.setDeleteApiEndpoints()&amp#27;[0m
18:26:18.646 [main] DEBUG net.thucydides.core.steps.StepInterceptor - STARTING STEP: User_produuct_steps.sendDeleteHttpRequest - I send DELETE HTTP request
18:26:18.647 [main] DEBUG net.thucydides.core.steps.StepInterceptor - STARTING STEP: DELETE_Product.sendDeleteHttpRequest - I set DELETE api endpoints
18:26:18.647 [main] DEBUG net.thucydides.core.steps.StepInterceptor - STEP DONE: I set DELETE api endpoints
18:26:18.657 [main] DEBUG org.apache.http.impl.conn.BasicClientConnectionManager - Get connection for route {s}->https://altashop-api.fly.dev:443
18:26:18.657 [main] DEBUG org.apache.http.impl.conn.DefaultClientConnectionOperator - Connecting to altashop-api.fly.dev:443
18:26:18.702 [main] DEBUG org.apache.http.client.protocol.RequestAddCookies - CookieSpec selected: ignoreCookies
18:26:18.702 [main] DEBUG org.apache.http.client.protocol.RequestAuthCache - Auth cache not set in the context
18:26:18.702 [main] DEBUG org.apache.http.client.protocol.RequestTargetAuthentication - Target auth state: UNCHALLENGED
18:26:18.702 [main] DEBUG org.apache.http.client.protocol.RequestProxyAuthentication - Proxy auth state: UNCHALLENGED
18:26:18.702 [main] DEBUG org.apache.http.impl.client.DefaultHttpClient - Attempt 1 to execute request
18:26:18.702 [main] DEBUG org.apache.http.impl.conn.DefaultClientConnection - Sending request: DELETE /api/products/1 HTTP/1.1
18:26:18.702 [main] DEBUG org.apache.http.wire -  >> "DELETE /api/products/1 HTTP/1.1[\r][\n]"
18:26:18.702 [main] DEBUG org.apache.http.wire -  >> "Accept: */*[\r][\n]"
18:26:18.702 [main] DEBUG org.apache.http.wire -  >> "Host: altashop-api.fly.dev[\r][\n]"
18:26:18.702 [main] DEBUG org.apache.http.wire -  >> "Connection: Keep-Alive[\r][\n]"
18:26:18.702 [main] DEBUG org.apache.http.wire -  >> "User-Agent: Apache-HttpClient/4.5.13 (Java/18.0.2.1)[\r][\n]"
18:26:18.702 [main] DEBUG org.apache.http.wire -  >> "Accept-Encoding: gzip,deflate[\r][\n]"
18:26:18.702 [main] DEBUG org.apache.http.wire -  >> "[\r][\n]"
18:26:18.702 [main] DEBUG org.apache.http.headers - >> DELETE /api/products/1 HTTP/1.1
18:26:18.702 [main] DEBUG org.apache.http.headers - >> Accept: */*
18:26:18.702 [main] DEBUG org.apache.http.headers - >> Host: altashop-api.fly.dev
18:26:18.702 [main] DEBUG org.apache.http.headers - >> Connection: Keep-Alive
18:26:18.702 [main] DEBUG org.apache.http.headers - >> User-Agent: Apache-HttpClient/4.5.13 (Java/18.0.2.1)
18:26:18.702 [main] DEBUG org.apache.http.headers - >> Accept-Encoding: gzip,deflate
18:26:18.755 [main] DEBUG org.apache.http.wire -  << "HTTP/1.1 200 OK[\r][\n]"
18:26:18.755 [main] DEBUG org.apache.http.wire -  << "content-type: application/json[\r][\n]"
18:26:18.755 [main] DEBUG org.apache.http.wire -  << "date: Mon, 08 May 2023 11:26:21 GMT[\r][\n]"
18:26:18.755 [main] DEBUG org.apache.http.wire -  << "content-encoding: gzip[\r][\n]"
18:26:18.755 [main] DEBUG org.apache.http.wire -  << "transfer-encoding: chunked[\r][\n]"
18:26:18.755 [main] DEBUG org.apache.http.wire -  << "server: Fly/3f2597ca (2023-05-03)[\r][\n]"
18:26:18.755 [main] DEBUG org.apache.http.wire -  << "via: 1.1 fly.io[\r][\n]"
18:26:18.755 [main] DEBUG org.apache.http.wire -  << "fly-request-id: 01GZXHSK9ZASD570VD0N5VAHFX-sin[\r][\n]"
18:26:18.755 [main] DEBUG org.apache.http.wire -  << "[\r][\n]"
18:26:18.755 [main] DEBUG org.apache.http.impl.conn.DefaultClientConnection - Receiving response: HTTP/1.1 200 OK
18:26:18.755 [main] DEBUG org.apache.http.headers - << HTTP/1.1 200 OK
18:26:18.755 [main] DEBUG org.apache.http.headers - << content-type: application/json
18:26:18.755 [main] DEBUG org.apache.http.headers - << date: Mon, 08 May 2023 11:26:21 GMT
18:26:18.755 [main] DEBUG org.apache.http.headers - << content-encoding: gzip
18:26:18.755 [main] DEBUG org.apache.http.headers - << transfer-encoding: chunked
18:26:18.755 [main] DEBUG org.apache.http.headers - << server: Fly/3f2597ca (2023-05-03)
18:26:18.755 [main] DEBUG org.apache.http.headers - << via: 1.1 fly.io
18:26:18.755 [main] DEBUG org.apache.http.headers - << fly-request-id: 01GZXHSK9ZASD570VD0N5VAHFX-sin
18:26:18.755 [main] DEBUG org.apache.http.impl.client.DefaultHttpClient - Connection can be kept alive indefinitely
18:26:18.755 [main] DEBUG io.restassured.internal.RestAssuredHttpBuilder - Parsing response as: application/json
18:26:18.755 [main] DEBUG org.apache.http.wire -  << "22[\r][\n]"
18:26:18.755 [main] DEBUG org.apache.http.wire -  << "[0x1f][0x8b][0x8][0x0][0x0][0x0][0x0][0x0][0x4][0xff][0xab]VJI,IT[0xb2][0xca]+[0xcd][0xc9][0xa9][0xe5][0x2][0x0][0xa3][0xab][0x8f]W[0xe][0x0][0x0][0x0]"
18:26:18.755 [main] DEBUG org.apache.http.wire -  << "[\r][\n]"
18:26:18.756 [main] DEBUG org.apache.http.wire -  << "0[\r][\n]"
18:26:18.756 [main] DEBUG org.apache.http.wire -  << "[\r][\n]"
18:26:18.756 [main] DEBUG io.restassured.internal.RestAssuredHttpBuilder - Parsed data to instance of: class org.apache.http.conn.EofSensorInputStream
18:26:18.757 [main] DEBUG org.apache.http.impl.conn.BasicClientConnectionManager - Releasing connection org.apache.http.impl.conn.ManagedClientConnectionImpl@435a2c7d
18:26:18.757 [main] DEBUG org.apache.http.impl.conn.BasicClientConnectionManager - Connection can be kept alive indefinitely
18:26:18.757 [main] DEBUG net.thucydides.core.steps.StepInterceptor - STEP DONE: I send DELETE HTTP request
  &amp#27;[32mWhen &amp#27;[0m&amp#27;[32mI send DELETE HTTP request&amp#27;[0m                                   &amp#27;[90m# starter.stepdefinition.User_produuct_steps.sendDeleteHttpRequest()&amp#27;[0m
18:26:18.759 [main] DEBUG net.thucydides.core.steps.StepInterceptor - STARTING STEP: User_produuct_steps.reciveValidHttpResponse - I receive valid HTTP response code 200
18:26:18.759 [main] DEBUG net.thucydides.core.steps.StepInterceptor - STEP DONE: I receive valid HTTP response code 200
  &amp#27;[32mThen &amp#27;[0m&amp#27;[32mI receive valid HTTP response code 200&amp#27;[0m                       &amp#27;[90m# starter.stepdefinition.User_produuct_steps.reciveValidHttpResponse()&amp#27;[0m
18:26:18.760 [main] INFO  - 
  _____   ___   ___   _____     ___     _     ___   ___   ___   ___  
 |_   _| | __| / __| |_   _|   | _ \   /_\   / __| / __| | __| |   \ 
   | |   | _|  \__ \   | |     |  _/  / _ \  \__ \ \__ \ | _|  | |) |
   |_|   |___| |___/   |_|     |_|   /_/ \_\ |___/ |___/ |___| |___/ 

DELETE - As admin I have be able to delete existing posts
----------------------------------------------------------------------
]]></system-out>
  </testcase>
  <testcase name="DELETE - As admin I shouldn&apos;t be able to delete without input which posts" classname="Posts #2" time="0.333">
    <system-out><![CDATA[
Scenario: DELETE - As admin I shouldn't be able to delete without input which posts &amp#27;[90m# src/test/resources/features/User_product.feature:36&amp#27;[0m
18:26:18.765 [main] DEBUG io.cucumber.core.plugin.SerenityReporter - Running feature from file:///C:/Users/Dimas%20Rizqi%20Suryana/Mini_Project2/src/test/resources/features/User_product.feature
18:26:18.766 [main] INFO  - 
  _____   ___   ___   _____     ___   _____     _     ___   _____   ___   ___  
 |_   _| | __| / __| |_   _|   / __| |_   _|   /_\   | _ \ |_   _| | __| |   \ 
   | |   | _|  \__ \   | |     \__ \   | |    / _ \  |   /   | |   | _|  | |) |
   |_|   |___| |___/   |_|     |___/   |_|   /_/ \_\ |_|_\   |_|   |___| |___/ 

DELETE - As admin I shouldn't be able to delete without input which posts(posts;delete---as-admin-i-shouldn-t-be-able-to-delete-without-input-which-posts)
--------------------------------------------------------------------------------
18:26:18.771 [main] DEBUG net.thucydides.core.steps.StepInterceptor - STARTING STEP: User_produuct_steps.setInvalidDeleteApiEndpoints - I set DELETE to invalid api endpoints
18:26:18.771 [main] DEBUG net.thucydides.core.steps.StepInterceptor - STEP DONE: I set DELETE to invalid api endpoints
  &amp#27;[32mGiven &amp#27;[0m&amp#27;[32mI set DELETE to invalid api endpoints&amp#27;[0m                                       &amp#27;[90m# starter.stepdefinition.User_produuct_steps.setInvalidDeleteApiEndpoints()&amp#27;[0m
18:26:18.772 [main] DEBUG net.thucydides.core.steps.StepInterceptor - STARTING STEP: User_produuct_steps.sendInvalidDeleteHttpRequest - I send DELETE Invalid HTTP request
18:26:18.773 [main] DEBUG net.thucydides.core.steps.StepInterceptor - STARTING STEP: DELETE_Product.sendInvalidDeleteHttpRequest - I set DELETE to invalid api endpoints
18:26:18.773 [main] DEBUG net.thucydides.core.steps.StepInterceptor - STEP DONE: I set DELETE to invalid api endpoints
18:26:18.779 [main] DEBUG org.apache.http.impl.conn.BasicClientConnectionManager - Get connection for route {s}->https://altashop-api.fly.dev:443
18:26:18.779 [main] DEBUG org.apache.http.impl.conn.DefaultClientConnectionOperator - Connecting to altashop-api.fly.dev:443
18:26:19.069 [main] DEBUG org.apache.http.client.protocol.RequestAddCookies - CookieSpec selected: ignoreCookies
18:26:19.069 [main] DEBUG org.apache.http.client.protocol.RequestAuthCache - Auth cache not set in the context
18:26:19.069 [main] DEBUG org.apache.http.client.protocol.RequestTargetAuthentication - Target auth state: UNCHALLENGED
18:26:19.069 [main] DEBUG org.apache.http.client.protocol.RequestProxyAuthentication - Proxy auth state: UNCHALLENGED
18:26:19.069 [main] DEBUG org.apache.http.impl.client.DefaultHttpClient - Attempt 1 to execute request
18:26:19.069 [main] DEBUG org.apache.http.impl.conn.DefaultClientConnection - Sending request: DELETE /api/products HTTP/1.1
18:26:19.069 [main] DEBUG org.apache.http.wire -  >> "DELETE /api/products HTTP/1.1[\r][\n]"
18:26:19.069 [main] DEBUG org.apache.http.wire -  >> "Accept: */*[\r][\n]"
18:26:19.069 [main] DEBUG org.apache.http.wire -  >> "Host: altashop-api.fly.dev[\r][\n]"
18:26:19.069 [main] DEBUG org.apache.http.wire -  >> "Connection: Keep-Alive[\r][\n]"
18:26:19.069 [main] DEBUG org.apache.http.wire -  >> "User-Agent: Apache-HttpClient/4.5.13 (Java/18.0.2.1)[\r][\n]"
18:26:19.069 [main] DEBUG org.apache.http.wire -  >> "Accept-Encoding: gzip,deflate[\r][\n]"
18:26:19.069 [main] DEBUG org.apache.http.wire -  >> "[\r][\n]"
18:26:19.070 [main] DEBUG org.apache.http.headers - >> DELETE /api/products HTTP/1.1
18:26:19.070 [main] DEBUG org.apache.http.headers - >> Accept: */*
18:26:19.070 [main] DEBUG org.apache.http.headers - >> Host: altashop-api.fly.dev
18:26:19.070 [main] DEBUG org.apache.http.headers - >> Connection: Keep-Alive
18:26:19.070 [main] DEBUG org.apache.http.headers - >> User-Agent: Apache-HttpClient/4.5.13 (Java/18.0.2.1)
18:26:19.070 [main] DEBUG org.apache.http.headers - >> Accept-Encoding: gzip,deflate
18:26:19.089 [main] DEBUG org.apache.http.wire -  << "HTTP/1.1 405 Method Not Allowed[\r][\n]"
18:26:19.089 [main] DEBUG org.apache.http.wire -  << "date: Mon, 08 May 2023 11:26:21 GMT[\r][\n]"
18:26:19.089 [main] DEBUG org.apache.http.wire -  << "content-encoding: gzip[\r][\n]"
18:26:19.089 [main] DEBUG org.apache.http.wire -  << "content-type: text/plain; charset=utf-8[\r][\n]"
18:26:19.089 [main] DEBUG org.apache.http.wire -  << "transfer-encoding: chunked[\r][\n]"
18:26:19.089 [main] DEBUG org.apache.http.wire -  << "server: Fly/3f2597ca (2023-05-03)[\r][\n]"
18:26:19.089 [main] DEBUG org.apache.http.wire -  << "via: 1.1 fly.io[\r][\n]"
18:26:19.089 [main] DEBUG org.apache.http.wire -  << "fly-request-id: 01GZXHSKNF3NF8ZE54WCBHQ9AR-sin[\r][\n]"
18:26:19.089 [main] DEBUG org.apache.http.wire -  << "[\r][\n]"
18:26:19.089 [main] DEBUG org.apache.http.impl.conn.DefaultClientConnection - Receiving response: HTTP/1.1 405 Method Not Allowed
18:26:19.089 [main] DEBUG org.apache.http.headers - << HTTP/1.1 405 Method Not Allowed
18:26:19.089 [main] DEBUG org.apache.http.headers - << date: Mon, 08 May 2023 11:26:21 GMT
18:26:19.089 [main] DEBUG org.apache.http.headers - << content-encoding: gzip
18:26:19.089 [main] DEBUG org.apache.http.headers - << content-type: text/plain; charset=utf-8
18:26:19.089 [main] DEBUG org.apache.http.headers - << transfer-encoding: chunked
18:26:19.089 [main] DEBUG org.apache.http.headers - << server: Fly/3f2597ca (2023-05-03)
18:26:19.089 [main] DEBUG org.apache.http.headers - << via: 1.1 fly.io
18:26:19.089 [main] DEBUG org.apache.http.headers - << fly-request-id: 01GZXHSKNF3NF8ZE54WCBHQ9AR-sin
18:26:19.089 [main] DEBUG org.apache.http.impl.client.DefaultHttpClient - Connection can be kept alive indefinitely
18:26:19.089 [main] DEBUG io.restassured.internal.RestAssuredHttpBuilder - Parsing response as: text/plain; charset=utf-8
18:26:19.089 [main] DEBUG org.apache.http.wire -  << "27[\r][\n]"
18:26:19.089 [main] DEBUG org.apache.http.wire -  << "[0x1f][0x8b][0x8][0x0][0x0][0x0][0x0][0x0][0x4][0xff][0xcb]M-[0xc9][0xc8]OQ[0xc8][0xcb]/QH[0xcc][0xc9][0xc9]/OM[0xe1][0x2][0x0][0xe5]Yf[0xfa][0x13][0x0][0x0][0x0]"
18:26:19.089 [main] DEBUG org.apache.http.wire -  << "[\r][\n]"
18:26:19.089 [main] DEBUG org.apache.http.wire -  << "0[\r][\n]"
18:26:19.089 [main] DEBUG org.apache.http.wire -  << "[\r][\n]"
18:26:19.089 [main] DEBUG io.restassured.internal.RestAssuredHttpBuilder - Parsed data to instance of: class org.apache.http.conn.EofSensorInputStream
18:26:19.090 [main] DEBUG org.apache.http.impl.conn.BasicClientConnectionManager - Releasing connection org.apache.http.impl.conn.ManagedClientConnectionImpl@4853f592
18:26:19.090 [main] DEBUG org.apache.http.impl.conn.BasicClientConnectionManager - Connection can be kept alive indefinitely
18:26:19.091 [main] DEBUG net.thucydides.core.steps.StepInterceptor - STEP DONE: I send DELETE Invalid HTTP request
  &amp#27;[32mWhen &amp#27;[0m&amp#27;[32mI send DELETE Invalid HTTP request&amp#27;[0m                                           &amp#27;[90m# starter.stepdefinition.User_produuct_steps.sendInvalidDeleteHttpRequest()&amp#27;[0m
  &amp#27;[32mThen &amp#27;[0m&amp#27;[32mI receive invalid HTTP response code 405 Not Found&amp#27;[0m                           &amp#27;[90m# starter.stepdefinition.User_produuct_steps.reciveInvalidHttpResponseCode405()&amp#27;[0m
18:26:19.094 [main] DEBUG net.thucydides.core.steps.StepInterceptor - STARTING STEP: User_produuct_steps.reciveNothing - I receive nothing from the page
18:26:19.094 [main] DEBUG net.thucydides.core.steps.StepInterceptor - STEP DONE: I receive nothing from the page
  &amp#27;[32mAnd &amp#27;[0m&amp#27;[32mI receive nothing from the page&amp#27;[0m                                               &amp#27;[90m# starter.stepdefinition.User_produuct_steps.reciveNothing()&amp#27;[0m
18:26:19.095 [main] INFO  - 
  _____   ___   ___   _____     ___     _     ___   ___   ___   ___  
 |_   _| | __| / __| |_   _|   | _ \   /_\   / __| / __| | __| |   \ 
   | |   | _|  \__ \   | |     |  _/  / _ \  \__ \ \__ \ | _|  | |) |
   |_|   |___| |___/   |_|     |_|   /_/ \_\ |___/ |___/ |___| |___/ 

DELETE - As admin I shouldn't be able to delete without input which posts
----------------------------------------------------------------------
]]></system-out>
  </testcase>
</testsuite>